[0.000000] (-) TimerEvent: {}
[0.000544] (parol6) JobQueued: {'identifier': 'parol6', 'dependencies': OrderedDict()}
[0.000637] (parol6_moveit_config) JobQueued: {'identifier': 'parol6_moveit_config', 'dependencies': OrderedDict([('parol6', '/workspace/install/parol6')])}
[0.000670] (parol6) JobStarted: {'identifier': 'parol6'}
[0.013118] (parol6) JobProgress: {'identifier': 'parol6', 'progress': 'cmake'}
[0.013555] (parol6) Command: {'cmd': ['/usr/bin/cmake', '/workspace/PAROL6', '-DCMAKE_C_COMPILER_LAUNCHER=ccache', '-DCMAKE_CXX_COMPILER_LAUNCHER=ccache', '-DCMAKE_INSTALL_PREFIX=/workspace/install/parol6'], 'cwd': '/workspace/build/parol6', 'env': OrderedDict([('USER', 'developer'), ('HOSTNAME', '24bc9ad0e87f'), ('SHLVL', '0'), ('LD_LIBRARY_PATH', '/opt/mujoco-3.2.7/bin:'), ('HOME', '/home/developer'), ('OLDPWD', '/workspace'), ('GROUP', 'developer'), ('ROS_DISTRO', 'humble'), ('_', '/usr/bin/colcon'), ('TERM', 'xterm'), ('QT_X11_NO_MITSHM', '1'), ('PATH', '/opt/mujoco-3.2.7/bin:/usr/local/sbin:/usr/local/bin:/usr/sbin:/usr/bin:/sbin:/bin'), ('MUJOCO_DIR', '/opt/mujoco-3.2.7'), ('DISPLAY', ':0'), ('LANG', 'C.UTF-8'), ('WITHIN_DEV', '1'), ('PWD', '/workspace/build/parol6'), ('LC_ALL', 'C.UTF-8'), ('USER_WS', '/home/developer/ws'), ('COLCON', '1'), ('MUJOCO_VERSION', '3.2.7')]), 'shell': False}
[0.099975] (-) TimerEvent: {}
[0.185474] (parol6) StdoutLine: {'line': b'-- The C compiler identification is GNU 11.4.0\n'}
[0.199954] (-) TimerEvent: {}
[0.294205] (parol6) StdoutLine: {'line': b'-- The CXX compiler identification is GNU 11.4.0\n'}
[0.300060] (-) TimerEvent: {}
[0.305574] (parol6) StdoutLine: {'line': b'-- Detecting C compiler ABI info\n'}
[0.385184] (parol6) StdoutLine: {'line': b'-- Detecting C compiler ABI info - done\n'}
[0.391581] (parol6) StdoutLine: {'line': b'-- Check for working C compiler: /usr/bin/cc - skipped\n'}
[0.392074] (parol6) StdoutLine: {'line': b'-- Detecting C compile features\n'}
[0.393184] (parol6) StdoutLine: {'line': b'-- Detecting C compile features - done\n'}
[0.397299] (parol6) StdoutLine: {'line': b'-- Detecting CXX compiler ABI info\n'}
[0.400152] (-) TimerEvent: {}
[0.480419] (parol6) StdoutLine: {'line': b'-- Detecting CXX compiler ABI info - done\n'}
[0.486327] (parol6) StdoutLine: {'line': b'-- Check for working CXX compiler: /usr/bin/c++ - skipped\n'}
[0.486571] (parol6) StdoutLine: {'line': b'-- Detecting CXX compile features\n'}
[0.486937] (parol6) StdoutLine: {'line': b'-- Detecting CXX compile features - done\n'}
[0.500315] (-) TimerEvent: {}
[0.506510] (parol6) StderrLine: {'line': b'\x1b[31mCMake Error at CMakeLists.txt:4 (find_package):\n'}
[0.506743] (parol6) StderrLine: {'line': b'  By not providing "Findament_cmake.cmake" in CMAKE_MODULE_PATH this project\n'}
[0.506808] (parol6) StderrLine: {'line': b'  has asked CMake to find a package configuration file provided by\n'}
[0.506872] (parol6) StderrLine: {'line': b'  "ament_cmake", but CMake did not find one.\n'}
[0.506932] (parol6) StderrLine: {'line': b'\n'}
[0.506984] (parol6) StderrLine: {'line': b'  Could not find a package configuration file provided by "ament_cmake" with\n'}
[0.507034] (parol6) StderrLine: {'line': b'  any of the following names:\n'}
[0.507083] (parol6) StderrLine: {'line': b'\n'}
[0.507130] (parol6) StderrLine: {'line': b'    ament_cmakeConfig.cmake\n'}
[0.507177] (parol6) StderrLine: {'line': b'    ament_cmake-config.cmake\n'}
[0.507225] (parol6) StderrLine: {'line': b'\n'}
[0.507271] (parol6) StderrLine: {'line': b'  Add the installation prefix of "ament_cmake" to CMAKE_PREFIX_PATH or set\n'}
[0.507321] (parol6) StderrLine: {'line': b'  "ament_cmake_DIR" to a directory containing one of the above files.  If\n'}
[0.507374] (parol6) StderrLine: {'line': b'  "ament_cmake" provides a separate development package or SDK, be sure it\n'}
[0.507444] (parol6) StderrLine: {'line': b'  has been installed.\n'}
[0.507496] (parol6) StderrLine: {'line': b'\n'}
[0.507545] (parol6) StderrLine: {'line': b'\x1b[0m\n'}
[0.507603] (parol6) StdoutLine: {'line': b'-- Configuring incomplete, errors occurred!\n'}
[0.507675] (parol6) StdoutLine: {'line': b'See also "/workspace/build/parol6/CMakeFiles/CMakeOutput.log".\n'}
[0.511462] (parol6) CommandEnded: {'returncode': 1}
[0.512004] (parol6) JobEnded: {'identifier': 'parol6', 'rc': 1}
[0.512922] (parol6_moveit_config) JobSkipped: {'identifier': 'parol6_moveit_config'}
[0.512961] (-) EventReactorShutdown: {}
