[0.014s] Invoking command in '/workspace/build/parol6': CMAKE_PREFIX_PATH=/opt/ros/humble /usr/bin/cmake /workspace/PAROL6 -DAMENT_CMAKE_SYMLINK_INSTALL=1 -DCMAKE_INSTALL_PREFIX=/workspace/install/parol6
[0.083s] -- The C compiler identification is GNU 11.4.0
[0.137s] -- The CXX compiler identification is GNU 11.4.0
[0.148s] -- Detecting C compiler ABI info
[0.215s] -- Detecting C compiler ABI info - done
[0.221s] -- Check for working C compiler: /usr/bin/cc - skipped
[0.221s] -- Detecting C compile features
[0.222s] -- Detecting C compile features - done
[0.225s] -- Detecting CXX compiler ABI info
[0.300s] -- Detecting CXX compiler ABI info - done
[0.306s] -- Check for working CXX compiler: /usr/bin/c++ - skipped
[0.306s] -- Detecting CXX compile features
[0.307s] -- Detecting CXX compile features - done
[0.322s] -- Found ament_cmake: 1.3.11 (/opt/ros/humble/share/ament_cmake/cmake)
[0.463s] -- Found Python3: /usr/bin/python3 (found version "3.10.12") found components: Interpreter 
[0.521s] -- Override CMake install command with custom implementation using symlinks instead of copying resources
[0.646s] -- Configuring done
[0.649s] -- Generating done
[0.650s] -- Build files have been written to: /workspace/build/parol6
[0.655s] Invoked command in '/workspace/build/parol6' returned '0': CMAKE_PREFIX_PATH=/opt/ros/humble /usr/bin/cmake /workspace/PAROL6 -DAMENT_CMAKE_SYMLINK_INSTALL=1 -DCMAKE_INSTALL_PREFIX=/workspace/install/parol6
[0.656s] Invoking command in '/workspace/build/parol6': CMAKE_PREFIX_PATH=/opt/ros/humble /usr/bin/cmake --build /workspace/build/parol6 -- -j16 -l16
[0.693s] Invoked command in '/workspace/build/parol6' returned '0': CMAKE_PREFIX_PATH=/opt/ros/humble /usr/bin/cmake --build /workspace/build/parol6 -- -j16 -l16
[0.702s] Invoking command in '/workspace/build/parol6': CMAKE_PREFIX_PATH=/opt/ros/humble /usr/bin/cmake --install /workspace/build/parol6
[0.708s] -- Install configuration: ""
[0.709s] -- Execute custom install script
[0.709s] -- Symlinking: /workspace/install/parol6/share/parol6/urdf/PAROL6.csv
[0.718s] -- Symlinking: /workspace/install/parol6/share/parol6/urdf/PAROL6.urdf
[0.727s] -- Symlinking: /workspace/install/parol6/share/parol6/urdf/PAROL6_gazebo.urdf
[0.735s] -- Symlinking: /workspace/install/parol6/share/parol6/urdf/PAROL6_ignition.urdf
[0.744s] -- Symlinking: /workspace/install/parol6/share/parol6/launch/Movit_RViz_launch.py
[0.753s] -- Symlinking: /workspace/install/parol6/share/parol6/launch/display.launch.old
[0.763s] -- Symlinking: /workspace/install/parol6/share/parol6/launch/gazebo.launch.old
[0.772s] -- Symlinking: /workspace/install/parol6/share/parol6/launch/gazebo.launch.py
[0.781s] -- Symlinking: /workspace/install/parol6/share/parol6/launch/gazebo_classic.launch.py
[0.789s] -- Symlinking: /workspace/install/parol6/share/parol6/launch/ignition.launch.py
[0.798s] -- Symlinking: /workspace/install/parol6/share/parol6/meshes/L1.STL
[0.806s] -- Symlinking: /workspace/install/parol6/share/parol6/meshes/L2.STL
[0.814s] -- Symlinking: /workspace/install/parol6/share/parol6/meshes/L3.STL
[0.823s] -- Symlinking: /workspace/install/parol6/share/parol6/meshes/L4.STL
[0.832s] -- Symlinking: /workspace/install/parol6/share/parol6/meshes/L5.STL
[0.841s] -- Symlinking: /workspace/install/parol6/share/parol6/meshes/L6.STL
[0.850s] -- Symlinking: /workspace/install/parol6/share/parol6/meshes/base_link.STL
[0.858s] -- Symlinking: /workspace/install/parol6/share/parol6/config/joint_names_PAROL6.yaml
[0.866s] -- Symlinking: /workspace/install/parol6/share/parol6/config/joint_trajectroy_controller.yaml
[0.875s] -- Symlinking: /workspace/install/parol6/share/parol6/config/ros2_controllers.yaml
[0.883s] -- Symlinking: /workspace/install/parol6/share/ament_index/resource_index/package_run_dependencies/parol6
[0.891s] -- Symlinking: /workspace/install/parol6/share/ament_index/resource_index/parent_prefix_path/parol6
[0.900s] -- Symlinking: /workspace/install/parol6/share/parol6/environment/ament_prefix_path.sh
[0.908s] -- Symlinking: /workspace/install/parol6/share/parol6/environment/ament_prefix_path.dsv
[0.917s] -- Symlinking: /workspace/install/parol6/share/parol6/environment/path.sh
[0.926s] -- Symlinking: /workspace/install/parol6/share/parol6/environment/path.dsv
[0.936s] -- Symlinking: /workspace/install/parol6/share/parol6/local_setup.bash
[0.945s] -- Symlinking: /workspace/install/parol6/share/parol6/local_setup.sh
[0.954s] -- Symlinking: /workspace/install/parol6/share/parol6/local_setup.zsh
[0.963s] -- Symlinking: /workspace/install/parol6/share/parol6/local_setup.dsv
[0.972s] -- Symlinking: /workspace/install/parol6/share/parol6/package.dsv
[0.980s] -- Symlinking: /workspace/install/parol6/share/ament_index/resource_index/packages/parol6
[0.988s] -- Symlinking: /workspace/install/parol6/share/parol6/cmake/parol6Config.cmake
[0.996s] -- Symlinking: /workspace/install/parol6/share/parol6/cmake/parol6Config-version.cmake
[1.005s] -- Symlinking: /workspace/install/parol6/share/parol6/package.xml
[1.016s] Invoked command in '/workspace/build/parol6' returned '0': CMAKE_PREFIX_PATH=/opt/ros/humble /usr/bin/cmake --install /workspace/build/parol6
