[0.016s] Invoking command in '/workspace/build/parol6': CMAKE_PREFIX_PATH=/opt/ros/humble /usr/bin/cmake /workspace/PAROL6 -DAMENT_CMAKE_SYMLINK_INSTALL=1 -DCMAKE_INSTALL_PREFIX=/workspace/install/parol6
[0.095s] -- The C compiler identification is GNU 11.4.0
[0.148s] -- The CXX compiler identification is GNU 11.4.0
[0.159s] -- Detecting C compiler ABI info
[0.228s] -- Detecting C compiler ABI info - done
[0.234s] -- Check for working C compiler: /usr/bin/cc - skipped
[0.234s] -- Detecting C compile features
[0.235s] -- Detecting C compile features - done
[0.238s] -- Detecting CXX compiler ABI info
[0.313s] -- Detecting CXX compiler ABI info - done
[0.319s] -- Check for working CXX compiler: /usr/bin/c++ - skipped
[0.319s] -- Detecting CXX compile features
[0.320s] -- Detecting CXX compile features - done
[0.336s] -- Found ament_cmake: 1.3.11 (/opt/ros/humble/share/ament_cmake/cmake)
[0.546s] -- Found Python3: /usr/bin/python3 (found version "3.10.12") found components: Interpreter 
[0.604s] -- Override CMake install command with custom implementation using symlinks instead of copying resources
[0.728s] -- Configuring done
[0.731s] -- Generating done
[0.732s] -- Build files have been written to: /workspace/build/parol6
[0.738s] Invoked command in '/workspace/build/parol6' returned '0': CMAKE_PREFIX_PATH=/opt/ros/humble /usr/bin/cmake /workspace/PAROL6 -DAMENT_CMAKE_SYMLINK_INSTALL=1 -DCMAKE_INSTALL_PREFIX=/workspace/install/parol6
[0.739s] Invoking command in '/workspace/build/parol6': CMAKE_PREFIX_PATH=/opt/ros/humble /usr/bin/cmake --build /workspace/build/parol6 -- -j16 -l16
[0.778s] Invoked command in '/workspace/build/parol6' returned '0': CMAKE_PREFIX_PATH=/opt/ros/humble /usr/bin/cmake --build /workspace/build/parol6 -- -j16 -l16
[0.788s] Invoking command in '/workspace/build/parol6': CMAKE_PREFIX_PATH=/opt/ros/humble /usr/bin/cmake --install /workspace/build/parol6
[0.794s] -- Install configuration: ""
[0.794s] -- Execute custom install script
[0.795s] -- Symlinking: /workspace/install/parol6/share/parol6/urdf/PAROL6.csv
[0.803s] -- Symlinking: /workspace/install/parol6/share/parol6/urdf/PAROL6.urdf
[0.811s] -- Symlinking: /workspace/install/parol6/share/parol6/urdf/PAROL6_gazebo.urdf
[0.819s] -- Symlinking: /workspace/install/parol6/share/parol6/urdf/PAROL6_ignition.urdf
[0.828s] -- Symlinking: /workspace/install/parol6/share/parol6/launch/Movit_RViz_launch.py
[0.837s] -- Symlinking: /workspace/install/parol6/share/parol6/launch/display.launch.old
[0.845s] -- Symlinking: /workspace/install/parol6/share/parol6/launch/gazebo.launch.old
[0.855s] -- Symlinking: /workspace/install/parol6/share/parol6/launch/gazebo.launch.py
[0.864s] -- Symlinking: /workspace/install/parol6/share/parol6/launch/gazebo_classic.launch.py
[0.872s] -- Symlinking: /workspace/install/parol6/share/parol6/launch/ignition.launch.py
[0.881s] -- Symlinking: /workspace/install/parol6/share/parol6/meshes/L1.STL
[0.890s] -- Symlinking: /workspace/install/parol6/share/parol6/meshes/L2.STL
[0.899s] -- Symlinking: /workspace/install/parol6/share/parol6/meshes/L3.STL
[0.907s] -- Symlinking: /workspace/install/parol6/share/parol6/meshes/L4.STL
[0.915s] -- Symlinking: /workspace/install/parol6/share/parol6/meshes/L5.STL
[0.923s] -- Symlinking: /workspace/install/parol6/share/parol6/meshes/L6.STL
[0.931s] -- Symlinking: /workspace/install/parol6/share/parol6/meshes/base_link.STL
[0.940s] -- Symlinking: /workspace/install/parol6/share/parol6/config/joint_names_PAROL6.yaml
[0.949s] -- Symlinking: /workspace/install/parol6/share/parol6/config/joint_trajectroy_controller.yaml
[0.959s] -- Symlinking: /workspace/install/parol6/share/parol6/config/ros2_controllers.yaml
[0.967s] -- Symlinking: /workspace/install/parol6/share/ament_index/resource_index/package_run_dependencies/parol6
[0.976s] -- Symlinking: /workspace/install/parol6/share/ament_index/resource_index/parent_prefix_path/parol6
[0.984s] -- Symlinking: /workspace/install/parol6/share/parol6/environment/ament_prefix_path.sh
[0.993s] -- Symlinking: /workspace/install/parol6/share/parol6/environment/ament_prefix_path.dsv
[1.001s] -- Symlinking: /workspace/install/parol6/share/parol6/environment/path.sh
[1.009s] -- Symlinking: /workspace/install/parol6/share/parol6/environment/path.dsv
[1.016s] -- Symlinking: /workspace/install/parol6/share/parol6/local_setup.bash
[1.026s] -- Symlinking: /workspace/install/parol6/share/parol6/local_setup.sh
[1.034s] -- Symlinking: /workspace/install/parol6/share/parol6/local_setup.zsh
[1.043s] -- Symlinking: /workspace/install/parol6/share/parol6/local_setup.dsv
[1.052s] -- Symlinking: /workspace/install/parol6/share/parol6/package.dsv
[1.061s] -- Symlinking: /workspace/install/parol6/share/ament_index/resource_index/packages/parol6
[1.069s] -- Symlinking: /workspace/install/parol6/share/parol6/cmake/parol6Config.cmake
[1.078s] -- Symlinking: /workspace/install/parol6/share/parol6/cmake/parol6Config-version.cmake
[1.087s] -- Symlinking: /workspace/install/parol6/share/parol6/package.xml
[1.097s] Invoked command in '/workspace/build/parol6' returned '0': CMAKE_PREFIX_PATH=/opt/ros/humble /usr/bin/cmake --install /workspace/build/parol6
