[0.000000] (-) TimerEvent: {}
[0.000595] (parol6) JobQueued: {'identifier': 'parol6', 'dependencies': OrderedDict()}
[0.000656] (parol6_moveit_config) JobQueued: {'identifier': 'parol6_moveit_config', 'dependencies': OrderedDict([('parol6', '/workspace/install/parol6')])}
[0.000700] (parol6) JobStarted: {'identifier': 'parol6'}
[0.008491] (parol6) JobProgress: {'identifier': 'parol6', 'progress': 'cmake'}
[0.008899] (parol6) JobProgress: {'identifier': 'parol6', 'progress': 'build'}
[0.009392] (parol6) Command: {'cmd': ['/usr/bin/cmake', '--build', '/workspace/build/parol6', '--', '-j16', '-l16'], 'cwd': '/workspace/build/parol6', 'env': OrderedDict([('HOSTNAME', 'Kareem-Legion5'), ('SHLVL', '0'), ('LD_LIBRARY_PATH', '/usr/lib/x86_64-linux-gnu/gazebo-11/plugins:/opt/ros/humble/opt/rviz_ogre_vendor/lib:/opt/ros/humble/lib/x86_64-linux-gnu:/opt/ros/humble/lib'), ('HOME', '/root'), ('OLDPWD', '/workspace'), ('ROS_PYTHON_VERSION', '3'), ('ROS_DISTRO', 'humble'), ('_', '/usr/bin/colcon'), ('ROS_VERSION', '2'), ('ROS_LOCALHOST_ONLY', '0'), ('QT_X11_NO_MITSHM', '1'), ('PATH', '/opt/ros/humble/bin:/usr/local/sbin:/usr/local/bin:/usr/sbin:/usr/bin:/sbin:/bin'), ('DISPLAY', ':1'), ('LANG', 'C.UTF-8'), ('XAUTHORITY', '/tmp/.docker.xauth'), ('AMENT_PREFIX_PATH', '/opt/ros/humble'), ('PWD', '/workspace/build/parol6'), ('LC_ALL', 'C.UTF-8'), ('PYTHONPATH', '/opt/ros/humble/lib/python3.10/site-packages:/opt/ros/humble/local/lib/python3.10/dist-packages'), ('COLCON', '1'), ('CMAKE_PREFIX_PATH', '/opt/ros/humble')]), 'shell': False}
[0.044719] (parol6) CommandEnded: {'returncode': 0}
[0.045562] (parol6) JobProgress: {'identifier': 'parol6', 'progress': 'install'}
[0.053463] (parol6) Command: {'cmd': ['/usr/bin/cmake', '--install', '/workspace/build/parol6'], 'cwd': '/workspace/build/parol6', 'env': OrderedDict([('HOSTNAME', 'Kareem-Legion5'), ('SHLVL', '0'), ('LD_LIBRARY_PATH', '/usr/lib/x86_64-linux-gnu/gazebo-11/plugins:/opt/ros/humble/opt/rviz_ogre_vendor/lib:/opt/ros/humble/lib/x86_64-linux-gnu:/opt/ros/humble/lib'), ('HOME', '/root'), ('OLDPWD', '/workspace'), ('ROS_PYTHON_VERSION', '3'), ('ROS_DISTRO', 'humble'), ('_', '/usr/bin/colcon'), ('ROS_VERSION', '2'), ('ROS_LOCALHOST_ONLY', '0'), ('QT_X11_NO_MITSHM', '1'), ('PATH', '/opt/ros/humble/bin:/usr/local/sbin:/usr/local/bin:/usr/sbin:/usr/bin:/sbin:/bin'), ('DISPLAY', ':1'), ('LANG', 'C.UTF-8'), ('XAUTHORITY', '/tmp/.docker.xauth'), ('AMENT_PREFIX_PATH', '/opt/ros/humble'), ('PWD', '/workspace/build/parol6'), ('LC_ALL', 'C.UTF-8'), ('PYTHONPATH', '/opt/ros/humble/lib/python3.10/site-packages:/opt/ros/humble/local/lib/python3.10/dist-packages'), ('COLCON', '1'), ('CMAKE_PREFIX_PATH', '/opt/ros/humble')]), 'shell': False}
[0.060102] (parol6) StdoutLine: {'line': b'-- Install configuration: ""\n'}
[0.060475] (parol6) StdoutLine: {'line': b'-- Execute custom install script\n'}
[0.060901] (parol6) StdoutLine: {'line': b'-- Symlinking: /workspace/install/parol6/share/parol6/urdf/PAROL6.csv\n'}
[0.069383] (parol6) StdoutLine: {'line': b'-- Symlinking: /workspace/install/parol6/share/parol6/urdf/PAROL6.urdf\n'}
[0.077579] (parol6) StdoutLine: {'line': b'-- Symlinking: /workspace/install/parol6/share/parol6/urdf/PAROL6_gazebo.urdf\n'}
[0.085726] (parol6) StdoutLine: {'line': b'-- Symlinking: /workspace/install/parol6/share/parol6/urdf/PAROL6_ignition.urdf\n'}
[0.093969] (parol6) StdoutLine: {'line': b'-- Symlinking: /workspace/install/parol6/share/parol6/launch/Movit_RViz_launch.py\n'}
[0.099804] (-) TimerEvent: {}
[0.102409] (parol6) StdoutLine: {'line': b'-- Symlinking: /workspace/install/parol6/share/parol6/launch/display.launch.old\n'}
[0.110523] (parol6) StdoutLine: {'line': b'-- Symlinking: /workspace/install/parol6/share/parol6/launch/gazebo.launch.old\n'}
[0.118364] (parol6) StdoutLine: {'line': b'-- Symlinking: /workspace/install/parol6/share/parol6/launch/gazebo.launch.py\n'}
[0.125812] (parol6) StdoutLine: {'line': b'-- Symlinking: /workspace/install/parol6/share/parol6/launch/gazebo_classic.launch.py\n'}
[0.133479] (parol6) StdoutLine: {'line': b'-- Symlinking: /workspace/install/parol6/share/parol6/launch/ignition.launch.py\n'}
[0.141543] (parol6) StdoutLine: {'line': b'-- Symlinking: /workspace/install/parol6/share/parol6/meshes/L1.STL\n'}
[0.149309] (parol6) StdoutLine: {'line': b'-- Symlinking: /workspace/install/parol6/share/parol6/meshes/L2.STL\n'}
[0.156966] (parol6) StdoutLine: {'line': b'-- Symlinking: /workspace/install/parol6/share/parol6/meshes/L3.STL\n'}
[0.164574] (parol6) StdoutLine: {'line': b'-- Symlinking: /workspace/install/parol6/share/parol6/meshes/L4.STL\n'}
[0.172901] (parol6) StdoutLine: {'line': b'-- Symlinking: /workspace/install/parol6/share/parol6/meshes/L5.STL\n'}
[0.180992] (parol6) StdoutLine: {'line': b'-- Symlinking: /workspace/install/parol6/share/parol6/meshes/L6.STL\n'}
[0.188940] (parol6) StdoutLine: {'line': b'-- Symlinking: /workspace/install/parol6/share/parol6/meshes/base_link.STL\n'}
[0.197455] (parol6) StdoutLine: {'line': b'-- Symlinking: /workspace/install/parol6/share/parol6/config/joint_names_PAROL6.yaml\n'}
[0.199889] (-) TimerEvent: {}
[0.206127] (parol6) StdoutLine: {'line': b'-- Symlinking: /workspace/install/parol6/share/parol6/config/joint_trajectroy_controller.yaml\n'}
[0.213766] (parol6) StdoutLine: {'line': b'-- Symlinking: /workspace/install/parol6/share/parol6/config/ros2_controllers.yaml\n'}
[0.222229] (parol6) StdoutLine: {'line': b'-- Symlinking: /workspace/install/parol6/share/ament_index/resource_index/package_run_dependencies/parol6\n'}
[0.229893] (parol6) StdoutLine: {'line': b'-- Symlinking: /workspace/install/parol6/share/ament_index/resource_index/parent_prefix_path/parol6\n'}
[0.238007] (parol6) StdoutLine: {'line': b'-- Symlinking: /workspace/install/parol6/share/parol6/environment/ament_prefix_path.sh\n'}
[0.246106] (parol6) StdoutLine: {'line': b'-- Symlinking: /workspace/install/parol6/share/parol6/environment/ament_prefix_path.dsv\n'}
[0.254532] (parol6) StdoutLine: {'line': b'-- Symlinking: /workspace/install/parol6/share/parol6/environment/path.sh\n'}
[0.262240] (parol6) StdoutLine: {'line': b'-- Symlinking: /workspace/install/parol6/share/parol6/environment/path.dsv\n'}
[0.270375] (parol6) StdoutLine: {'line': b'-- Symlinking: /workspace/install/parol6/share/parol6/local_setup.bash\n'}
[0.278415] (parol6) StdoutLine: {'line': b'-- Symlinking: /workspace/install/parol6/share/parol6/local_setup.sh\n'}
[0.286952] (parol6) StdoutLine: {'line': b'-- Symlinking: /workspace/install/parol6/share/parol6/local_setup.zsh\n'}
[0.295035] (parol6) StdoutLine: {'line': b'-- Symlinking: /workspace/install/parol6/share/parol6/local_setup.dsv\n'}
[0.299982] (-) TimerEvent: {}
[0.302751] (parol6) StdoutLine: {'line': b'-- Symlinking: /workspace/install/parol6/share/parol6/package.dsv\n'}
[0.311243] (parol6) StdoutLine: {'line': b'-- Symlinking: /workspace/install/parol6/share/ament_index/resource_index/packages/parol6\n'}
[0.319416] (parol6) StdoutLine: {'line': b'-- Symlinking: /workspace/install/parol6/share/parol6/cmake/parol6Config.cmake\n'}
[0.326913] (parol6) StdoutLine: {'line': b'-- Symlinking: /workspace/install/parol6/share/parol6/cmake/parol6Config-version.cmake\n'}
[0.334485] (parol6) StdoutLine: {'line': b'-- Symlinking: /workspace/install/parol6/share/parol6/package.xml\n'}
[0.343368] (parol6) CommandEnded: {'returncode': 0}
[0.357725] (parol6) JobEnded: {'identifier': 'parol6', 'rc': 0}
[0.358182] (parol6_moveit_config) JobStarted: {'identifier': 'parol6_moveit_config'}
[0.364122] (parol6_moveit_config) JobProgress: {'identifier': 'parol6_moveit_config', 'progress': 'cmake'}
[0.364534] (parol6_moveit_config) Command: {'cmd': ['/usr/bin/cmake', '/workspace/parol6_moveit_config', '-DAMENT_CMAKE_SYMLINK_INSTALL=1', '-DCMAKE_INSTALL_PREFIX=/workspace/install/parol6_moveit_config'], 'cwd': '/workspace/build/parol6_moveit_config', 'env': OrderedDict([('HOSTNAME', 'Kareem-Legion5'), ('SHLVL', '0'), ('LD_LIBRARY_PATH', '/usr/lib/x86_64-linux-gnu/gazebo-11/plugins:/opt/ros/humble/opt/rviz_ogre_vendor/lib:/opt/ros/humble/lib/x86_64-linux-gnu:/opt/ros/humble/lib'), ('HOME', '/root'), ('OLDPWD', '/workspace'), ('ROS_PYTHON_VERSION', '3'), ('ROS_DISTRO', 'humble'), ('_', '/usr/bin/colcon'), ('ROS_VERSION', '2'), ('ROS_LOCALHOST_ONLY', '0'), ('QT_X11_NO_MITSHM', '1'), ('PATH', '/opt/ros/humble/bin:/usr/local/sbin:/usr/local/bin:/usr/sbin:/usr/bin:/sbin:/bin'), ('DISPLAY', ':1'), ('LANG', 'C.UTF-8'), ('XAUTHORITY', '/tmp/.docker.xauth'), ('AMENT_PREFIX_PATH', '/workspace/install/parol6:/opt/ros/humble'), ('PWD', '/workspace/build/parol6_moveit_config'), ('LC_ALL', 'C.UTF-8'), ('PYTHONPATH', '/opt/ros/humble/lib/python3.10/site-packages:/opt/ros/humble/local/lib/python3.10/dist-packages'), ('COLCON', '1'), ('CMAKE_PREFIX_PATH', '/workspace/install/parol6:/opt/ros/humble')]), 'shell': False}
[0.400095] (-) TimerEvent: {}
[0.412385] (parol6_moveit_config) StdoutLine: {'line': b'-- The C compiler identification is GNU 11.4.0\n'}
[0.459127] (parol6_moveit_config) StdoutLine: {'line': b'-- The CXX compiler identification is GNU 11.4.0\n'}
[0.465250] (parol6_moveit_config) StdoutLine: {'line': b'-- Detecting C compiler ABI info\n'}
[0.500221] (-) TimerEvent: {}
[0.527208] (parol6_moveit_config) StdoutLine: {'line': b'-- Detecting C compiler ABI info - done\n'}
[0.532587] (parol6_moveit_config) StdoutLine: {'line': b'-- Check for working C compiler: /usr/bin/cc - skipped\n'}
[0.532817] (parol6_moveit_config) StdoutLine: {'line': b'-- Detecting C compile features\n'}
[0.533000] (parol6_moveit_config) StdoutLine: {'line': b'-- Detecting C compile features - done\n'}
[0.535620] (parol6_moveit_config) StdoutLine: {'line': b'-- Detecting CXX compiler ABI info\n'}
[0.600333] (-) TimerEvent: {}
[0.603721] (parol6_moveit_config) StdoutLine: {'line': b'-- Detecting CXX compiler ABI info - done\n'}
[0.609774] (parol6_moveit_config) StdoutLine: {'line': b'-- Check for working CXX compiler: /usr/bin/c++ - skipped\n'}
[0.610027] (parol6_moveit_config) StdoutLine: {'line': b'-- Detecting CXX compile features\n'}
[0.610291] (parol6_moveit_config) StdoutLine: {'line': b'-- Detecting CXX compile features - done\n'}
[0.615089] (parol6_moveit_config) StdoutLine: {'line': b'-- Found ament_cmake: 1.3.11 (/opt/ros/humble/share/ament_cmake/cmake)\n'}
[0.700435] (-) TimerEvent: {}
[0.739950] (parol6_moveit_config) StdoutLine: {'line': b'-- Found Python3: /usr/bin/python3 (found version "3.10.12") found components: Interpreter \n'}
[0.790312] (parol6_moveit_config) StdoutLine: {'line': b'-- Override CMake install command with custom implementation using symlinks instead of copying resources\n'}
[0.800549] (-) TimerEvent: {}
[0.892167] (parol6_moveit_config) StdoutLine: {'line': b'-- Configuring done\n'}
[0.894756] (parol6_moveit_config) StdoutLine: {'line': b'-- Generating done\n'}
[0.896075] (parol6_moveit_config) StdoutLine: {'line': b'-- Build files have been written to: /workspace/build/parol6_moveit_config\n'}
[0.900006] (parol6_moveit_config) CommandEnded: {'returncode': 0}
[0.900699] (-) TimerEvent: {}
[0.901064] (parol6_moveit_config) JobProgress: {'identifier': 'parol6_moveit_config', 'progress': 'build'}
[0.901196] (parol6_moveit_config) Command: {'cmd': ['/usr/bin/cmake', '--build', '/workspace/build/parol6_moveit_config', '--', '-j16', '-l16'], 'cwd': '/workspace/build/parol6_moveit_config', 'env': OrderedDict([('HOSTNAME', 'Kareem-Legion5'), ('SHLVL', '0'), ('LD_LIBRARY_PATH', '/usr/lib/x86_64-linux-gnu/gazebo-11/plugins:/opt/ros/humble/opt/rviz_ogre_vendor/lib:/opt/ros/humble/lib/x86_64-linux-gnu:/opt/ros/humble/lib'), ('HOME', '/root'), ('OLDPWD', '/workspace'), ('ROS_PYTHON_VERSION', '3'), ('ROS_DISTRO', 'humble'), ('_', '/usr/bin/colcon'), ('ROS_VERSION', '2'), ('ROS_LOCALHOST_ONLY', '0'), ('QT_X11_NO_MITSHM', '1'), ('PATH', '/opt/ros/humble/bin:/usr/local/sbin:/usr/local/bin:/usr/sbin:/usr/bin:/sbin:/bin'), ('DISPLAY', ':1'), ('LANG', 'C.UTF-8'), ('XAUTHORITY', '/tmp/.docker.xauth'), ('AMENT_PREFIX_PATH', '/workspace/install/parol6:/opt/ros/humble'), ('PWD', '/workspace/build/parol6_moveit_config'), ('LC_ALL', 'C.UTF-8'), ('PYTHONPATH', '/opt/ros/humble/lib/python3.10/site-packages:/opt/ros/humble/local/lib/python3.10/dist-packages'), ('COLCON', '1'), ('CMAKE_PREFIX_PATH', '/workspace/install/parol6:/opt/ros/humble')]), 'shell': False}
[0.936333] (parol6_moveit_config) CommandEnded: {'returncode': 0}
[0.936927] (parol6_moveit_config) JobProgress: {'identifier': 'parol6_moveit_config', 'progress': 'install'}
[0.937444] (parol6_moveit_config) Command: {'cmd': ['/usr/bin/cmake', '--install', '/workspace/build/parol6_moveit_config'], 'cwd': '/workspace/build/parol6_moveit_config', 'env': OrderedDict([('HOSTNAME', 'Kareem-Legion5'), ('SHLVL', '0'), ('LD_LIBRARY_PATH', '/usr/lib/x86_64-linux-gnu/gazebo-11/plugins:/opt/ros/humble/opt/rviz_ogre_vendor/lib:/opt/ros/humble/lib/x86_64-linux-gnu:/opt/ros/humble/lib'), ('HOME', '/root'), ('OLDPWD', '/workspace'), ('ROS_PYTHON_VERSION', '3'), ('ROS_DISTRO', 'humble'), ('_', '/usr/bin/colcon'), ('ROS_VERSION', '2'), ('ROS_LOCALHOST_ONLY', '0'), ('QT_X11_NO_MITSHM', '1'), ('PATH', '/opt/ros/humble/bin:/usr/local/sbin:/usr/local/bin:/usr/sbin:/usr/bin:/sbin:/bin'), ('DISPLAY', ':1'), ('LANG', 'C.UTF-8'), ('XAUTHORITY', '/tmp/.docker.xauth'), ('AMENT_PREFIX_PATH', '/workspace/install/parol6:/opt/ros/humble'), ('PWD', '/workspace/build/parol6_moveit_config'), ('LC_ALL', 'C.UTF-8'), ('PYTHONPATH', '/opt/ros/humble/lib/python3.10/site-packages:/opt/ros/humble/local/lib/python3.10/dist-packages'), ('COLCON', '1'), ('CMAKE_PREFIX_PATH', '/workspace/install/parol6:/opt/ros/humble')]), 'shell': False}
[0.944284] (parol6_moveit_config) StdoutLine: {'line': b'-- Install configuration: ""\n'}
[0.944650] (parol6_moveit_config) StdoutLine: {'line': b'-- Execute custom install script\n'}
[0.945084] (parol6_moveit_config) StdoutLine: {'line': b'-- Symlinking: /workspace/install/parol6_moveit_config/share/parol6_moveit_config/config/joint_limits.yaml\n'}
[0.953173] (parol6_moveit_config) StdoutLine: {'line': b'-- Symlinking: /workspace/install/parol6_moveit_config/share/parol6_moveit_config/config/kinematics.yaml\n'}
[0.961545] (parol6_moveit_config) StdoutLine: {'line': b'-- Symlinking: /workspace/install/parol6_moveit_config/share/parol6_moveit_config/config/moveit_controllers.yaml\n'}
[0.969430] (parol6_moveit_config) StdoutLine: {'line': b'-- Symlinking: /workspace/install/parol6_moveit_config/share/parol6_moveit_config/config/ompl_planning.yaml\n'}
[0.976886] (parol6_moveit_config) StdoutLine: {'line': b'-- Symlinking: /workspace/install/parol6_moveit_config/share/parol6_moveit_config/config/parol6.srdf\n'}
[0.984346] (parol6_moveit_config) StdoutLine: {'line': b'-- Symlinking: /workspace/install/parol6_moveit_config/share/parol6_moveit_config/config/ros2_controllers.yaml\n'}
[0.992103] (parol6_moveit_config) StdoutLine: {'line': b'-- Symlinking: /workspace/install/parol6_moveit_config/share/parol6_moveit_config/launch/__pycache__/demo.launch.cpython-310.pyc\n'}
[1.000633] (parol6_moveit_config) StdoutLine: {'line': b'-- Symlinking: /workspace/install/parol6_moveit_config/share/parol6_moveit_config/launch/demo.launch.py\n'}
[1.000790] (-) TimerEvent: {}
[1.009095] (parol6_moveit_config) StdoutLine: {'line': b'-- Symlinking: /workspace/install/parol6_moveit_config/share/parol6_moveit_config/launch/move_group.launch.py\n'}
[1.017515] (parol6_moveit_config) StdoutLine: {'line': b'-- Symlinking: /workspace/install/parol6_moveit_config/share/parol6_moveit_config/rviz/moveit.rviz\n'}
[1.026280] (parol6_moveit_config) StdoutLine: {'line': b'-- Symlinking: /workspace/install/parol6_moveit_config/share/ament_index/resource_index/package_run_dependencies/parol6_moveit_config\n'}
[1.035063] (parol6_moveit_config) StdoutLine: {'line': b'-- Symlinking: /workspace/install/parol6_moveit_config/share/ament_index/resource_index/parent_prefix_path/parol6_moveit_config\n'}
[1.043262] (parol6_moveit_config) StdoutLine: {'line': b'-- Symlinking: /workspace/install/parol6_moveit_config/share/parol6_moveit_config/environment/ament_prefix_path.sh\n'}
[1.051780] (parol6_moveit_config) StdoutLine: {'line': b'-- Symlinking: /workspace/install/parol6_moveit_config/share/parol6_moveit_config/environment/ament_prefix_path.dsv\n'}
[1.059777] (parol6_moveit_config) StdoutLine: {'line': b'-- Symlinking: /workspace/install/parol6_moveit_config/share/parol6_moveit_config/environment/path.sh\n'}
[1.067915] (parol6_moveit_config) StdoutLine: {'line': b'-- Symlinking: /workspace/install/parol6_moveit_config/share/parol6_moveit_config/environment/path.dsv\n'}
[1.075739] (parol6_moveit_config) StdoutLine: {'line': b'-- Symlinking: /workspace/install/parol6_moveit_config/share/parol6_moveit_config/local_setup.bash\n'}
[1.083533] (parol6_moveit_config) StdoutLine: {'line': b'-- Symlinking: /workspace/install/parol6_moveit_config/share/parol6_moveit_config/local_setup.sh\n'}
[1.091845] (parol6_moveit_config) StdoutLine: {'line': b'-- Symlinking: /workspace/install/parol6_moveit_config/share/parol6_moveit_config/local_setup.zsh\n'}
[1.099719] (parol6_moveit_config) StdoutLine: {'line': b'-- Symlinking: /workspace/install/parol6_moveit_config/share/parol6_moveit_config/local_setup.dsv\n'}
[1.100870] (-) TimerEvent: {}
[1.107404] (parol6_moveit_config) StdoutLine: {'line': b'-- Symlinking: /workspace/install/parol6_moveit_config/share/parol6_moveit_config/package.dsv\n'}
[1.115576] (parol6_moveit_config) StdoutLine: {'line': b'-- Symlinking: /workspace/install/parol6_moveit_config/share/ament_index/resource_index/packages/parol6_moveit_config\n'}
[1.123680] (parol6_moveit_config) StdoutLine: {'line': b'-- Symlinking: /workspace/install/parol6_moveit_config/share/parol6_moveit_config/cmake/parol6_moveit_configConfig.cmake\n'}
[1.131706] (parol6_moveit_config) StdoutLine: {'line': b'-- Symlinking: /workspace/install/parol6_moveit_config/share/parol6_moveit_config/cmake/parol6_moveit_configConfig-version.cmake\n'}
[1.139892] (parol6_moveit_config) StdoutLine: {'line': b'-- Symlinking: /workspace/install/parol6_moveit_config/share/parol6_moveit_config/package.xml\n'}
[1.149881] (parol6_moveit_config) CommandEnded: {'returncode': 0}
[1.159240] (parol6_moveit_config) JobEnded: {'identifier': 'parol6_moveit_config', 'rc': 0}
[1.159761] (-) EventReactorShutdown: {}
