[0.008s] Invoking command in '/workspace/build/parol6_moveit_config': AMENT_PREFIX_PATH=/workspace/install/parol6:${AMENT_PREFIX_PATH} CMAKE_PREFIX_PATH=/workspace/install/parol6:/opt/ros/humble /usr/bin/cmake /workspace/parol6_moveit_config -DAMENT_CMAKE_SYMLINK_INSTALL=1 -DCMAKE_INSTALL_PREFIX=/workspace/install/parol6_moveit_config
[0.059s] -- The C compiler identification is GNU 11.4.0
[0.108s] -- The CXX compiler identification is GNU 11.4.0
[0.115s] -- Detecting C compiler ABI info
[0.182s] -- Detecting C compiler ABI info - done
[0.187s] -- Check for working C compiler: /usr/bin/cc - skipped
[0.187s] -- Detecting C compile features
[0.188s] -- Detecting C compile features - done
[0.191s] -- Detecting CXX compiler ABI info
[0.265s] -- Detecting CXX compiler ABI info - done
[0.271s] -- Check for working CXX compiler: /usr/bin/c++ - skipped
[0.272s] -- Detecting CXX compile features
[0.272s] -- Detecting CXX compile features - done
[0.278s] -- Found ament_cmake: 1.3.11 (/opt/ros/humble/share/ament_cmake/cmake)
[0.415s] -- Found Python3: /usr/bin/python3 (found version "3.10.12") found components: Interpreter 
[0.468s] -- Override CMake install command with custom implementation using symlinks instead of copying resources
[0.582s] -- Configuring done
[0.585s] -- Generating done
[0.587s] -- Build files have been written to: /workspace/build/parol6_moveit_config
[0.592s] Invoked command in '/workspace/build/parol6_moveit_config' returned '0': AMENT_PREFIX_PATH=/workspace/install/parol6:${AMENT_PREFIX_PATH} CMAKE_PREFIX_PATH=/workspace/install/parol6:/opt/ros/humble /usr/bin/cmake /workspace/parol6_moveit_config -DAMENT_CMAKE_SYMLINK_INSTALL=1 -DCMAKE_INSTALL_PREFIX=/workspace/install/parol6_moveit_config
[0.593s] Invoking command in '/workspace/build/parol6_moveit_config': AMENT_PREFIX_PATH=/workspace/install/parol6:${AMENT_PREFIX_PATH} CMAKE_PREFIX_PATH=/workspace/install/parol6:/opt/ros/humble /usr/bin/cmake --build /workspace/build/parol6_moveit_config -- -j16 -l16
[0.635s] Invoked command in '/workspace/build/parol6_moveit_config' returned '0': AMENT_PREFIX_PATH=/workspace/install/parol6:${AMENT_PREFIX_PATH} CMAKE_PREFIX_PATH=/workspace/install/parol6:/opt/ros/humble /usr/bin/cmake --build /workspace/build/parol6_moveit_config -- -j16 -l16
[0.637s] Invoking command in '/workspace/build/parol6_moveit_config': AMENT_PREFIX_PATH=/workspace/install/parol6:${AMENT_PREFIX_PATH} CMAKE_PREFIX_PATH=/workspace/install/parol6:/opt/ros/humble /usr/bin/cmake --install /workspace/build/parol6_moveit_config
[0.644s] -- Install configuration: ""
[0.645s] -- Execute custom install script
[0.645s] -- Symlinking: /workspace/install/parol6_moveit_config/share/parol6_moveit_config/config/joint_limits.yaml
[0.654s] -- Symlinking: /workspace/install/parol6_moveit_config/share/parol6_moveit_config/config/kinematics.yaml
[0.663s] -- Symlinking: /workspace/install/parol6_moveit_config/share/parol6_moveit_config/config/moveit_controllers.yaml
[0.671s] -- Symlinking: /workspace/install/parol6_moveit_config/share/parol6_moveit_config/config/ompl_planning.yaml
[0.680s] -- Symlinking: /workspace/install/parol6_moveit_config/share/parol6_moveit_config/config/parol6.srdf
[0.689s] -- Symlinking: /workspace/install/parol6_moveit_config/share/parol6_moveit_config/config/ros2_controllers.yaml
[0.698s] -- Symlinking: /workspace/install/parol6_moveit_config/share/parol6_moveit_config/launch/__pycache__/demo.launch.cpython-310.pyc
[0.706s] -- Symlinking: /workspace/install/parol6_moveit_config/share/parol6_moveit_config/launch/demo.launch.py
[0.714s] -- Symlinking: /workspace/install/parol6_moveit_config/share/parol6_moveit_config/launch/move_group.launch.py
[0.723s] -- Symlinking: /workspace/install/parol6_moveit_config/share/parol6_moveit_config/rviz/moveit.rviz
[0.732s] -- Symlinking: /workspace/install/parol6_moveit_config/share/ament_index/resource_index/package_run_dependencies/parol6_moveit_config
[0.741s] -- Symlinking: /workspace/install/parol6_moveit_config/share/ament_index/resource_index/parent_prefix_path/parol6_moveit_config
[0.749s] -- Symlinking: /workspace/install/parol6_moveit_config/share/parol6_moveit_config/environment/ament_prefix_path.sh
[0.757s] -- Symlinking: /workspace/install/parol6_moveit_config/share/parol6_moveit_config/environment/ament_prefix_path.dsv
[0.765s] -- Symlinking: /workspace/install/parol6_moveit_config/share/parol6_moveit_config/environment/path.sh
[0.774s] -- Symlinking: /workspace/install/parol6_moveit_config/share/parol6_moveit_config/environment/path.dsv
[0.783s] -- Symlinking: /workspace/install/parol6_moveit_config/share/parol6_moveit_config/local_setup.bash
[0.791s] -- Symlinking: /workspace/install/parol6_moveit_config/share/parol6_moveit_config/local_setup.sh
[0.800s] -- Symlinking: /workspace/install/parol6_moveit_config/share/parol6_moveit_config/local_setup.zsh
[0.810s] -- Symlinking: /workspace/install/parol6_moveit_config/share/parol6_moveit_config/local_setup.dsv
[0.819s] -- Symlinking: /workspace/install/parol6_moveit_config/share/parol6_moveit_config/package.dsv
[0.828s] -- Symlinking: /workspace/install/parol6_moveit_config/share/ament_index/resource_index/packages/parol6_moveit_config
[0.836s] -- Symlinking: /workspace/install/parol6_moveit_config/share/parol6_moveit_config/cmake/parol6_moveit_configConfig.cmake
[0.844s] -- Symlinking: /workspace/install/parol6_moveit_config/share/parol6_moveit_config/cmake/parol6_moveit_configConfig-version.cmake
[0.852s] -- Symlinking: /workspace/install/parol6_moveit_config/share/parol6_moveit_config/package.xml
[0.863s] Invoked command in '/workspace/build/parol6_moveit_config' returned '0': AMENT_PREFIX_PATH=/workspace/install/parol6:${AMENT_PREFIX_PATH} CMAKE_PREFIX_PATH=/workspace/install/parol6:/opt/ros/humble /usr/bin/cmake --install /workspace/build/parol6_moveit_config
