[0.000000] (-) TimerEvent: {}
[0.000222] (mobile_control) JobQueued: {'identifier': 'mobile_control', 'dependencies': OrderedDict()}
[0.000786] (mobile_control) JobStarted: {'identifier': 'mobile_control'}
[0.099742] (-) TimerEvent: {}
[0.199952] (-) TimerEvent: {}
[0.300143] (-) TimerEvent: {}
[0.400338] (-) TimerEvent: {}
[0.500545] (-) TimerEvent: {}
[0.600753] (-) TimerEvent: {}
[0.700968] (-) TimerEvent: {}
[0.801252] (-) TimerEvent: {}
[0.901435] (-) TimerEvent: {}
[0.993636] (mobile_control) Command: {'cmd': ['/usr/bin/python3', '-W', 'ignore:setup.py install is deprecated', '-W', 'ignore:easy_install command is deprecated', 'setup.py', 'develop', '--editable', '--build-directory', '/workspace/mobile_control/build/mobile_control/build', '--no-deps', 'symlink_data'], 'cwd': '/workspace/mobile_control/build/mobile_control', 'env': {'HOSTNAME': 'Kareem-Legion5', 'SHLVL': '1', 'LD_LIBRARY_PATH': '/usr/lib/x86_64-linux-gnu/gazebo-11/plugins:/opt/ros/humble/opt/rviz_ogre_vendor/lib:/opt/ros/humble/lib/x86_64-linux-gnu:/opt/ros/humble/lib', 'HOME': '/root', 'OLDPWD': '/workspace', 'ROS_PYTHON_VERSION': '3', 'ROS_DISTRO': 'humble', '_': '/usr/bin/colcon', 'ROS_VERSION': '2', 'ROS_LOCALHOST_ONLY': '0', 'QT_X11_NO_MITSHM': '1', 'PATH': '/opt/ros/humble/bin:/usr/local/sbin:/usr/local/bin:/usr/sbin:/usr/bin:/sbin:/bin', 'DISPLAY': ':1', 'LANG': 'C.UTF-8', 'XAUTHORITY': '/tmp/.docker.xauth', 'AMENT_PREFIX_PATH': '/opt/ros/humble', 'PWD': '/workspace/mobile_control/build/mobile_control', 'LC_ALL': 'C.UTF-8', 'PYTHONPATH': '/workspace/mobile_control/build/mobile_control/prefix_override:/usr/lib/python3/dist-packages/colcon_core/task/python/colcon_distutils_commands:/workspace/mobile_control/install/mobile_control/lib/python3.10/site-packages:/opt/ros/humble/lib/python3.10/site-packages:/opt/ros/humble/local/lib/python3.10/dist-packages', 'COLCON': '1'}, 'shell': False}
[1.001545] (-) TimerEvent: {}
[1.101731] (-) TimerEvent: {}
[1.201913] (-) TimerEvent: {}
[1.302098] (-) TimerEvent: {}
[1.329592] (mobile_control) StdoutLine: {'line': b'running develop\n'}
[1.402221] (-) TimerEvent: {}
[1.502434] (-) TimerEvent: {}
[1.594588] (mobile_control) StdoutLine: {'line': b'running egg_info\n'}
[1.594929] (mobile_control) StdoutLine: {'line': b'creating mobile_control.egg-info\n'}
[1.595044] (mobile_control) StdoutLine: {'line': b'writing mobile_control.egg-info/PKG-INFO\n'}
[1.595295] (mobile_control) StdoutLine: {'line': b'writing dependency_links to mobile_control.egg-info/dependency_links.txt\n'}
[1.595519] (mobile_control) StdoutLine: {'line': b'writing entry points to mobile_control.egg-info/entry_points.txt\n'}
[1.595741] (mobile_control) StdoutLine: {'line': b'writing requirements to mobile_control.egg-info/requires.txt\n'}
[1.595855] (mobile_control) StdoutLine: {'line': b'writing top-level names to mobile_control.egg-info/top_level.txt\n'}
[1.596019] (mobile_control) StdoutLine: {'line': b"writing manifest file 'mobile_control.egg-info/SOURCES.txt'\n"}
[1.597812] (mobile_control) StdoutLine: {'line': b"reading manifest file 'mobile_control.egg-info/SOURCES.txt'\n"}
[1.598451] (mobile_control) StdoutLine: {'line': b"writing manifest file 'mobile_control.egg-info/SOURCES.txt'\n"}
[1.599875] (mobile_control) StdoutLine: {'line': b'running build_ext\n'}
[1.600103] (mobile_control) StdoutLine: {'line': b'Creating /workspace/mobile_control/install/mobile_control/lib/python3.10/site-packages/mobile-control.egg-link (link to .)\n'}
[1.600972] (mobile_control) StdoutLine: {'line': b'Installing robot_bridge script to /workspace/mobile_control/install/mobile_control/lib/mobile_control\n'}
[1.601348] (mobile_control) StdoutLine: {'line': b'\n'}
[1.601718] (mobile_control) StdoutLine: {'line': b'Installed /workspace/mobile_control/build/mobile_control\n'}
[1.601803] (mobile_control) StdoutLine: {'line': b'running symlink_data\n'}
[1.601891] (mobile_control) StdoutLine: {'line': b'creating /workspace/mobile_control/install/mobile_control/share/ament_index\n'}
[1.602036] (mobile_control) StdoutLine: {'line': b'creating /workspace/mobile_control/install/mobile_control/share/ament_index/resource_index\n'}
[1.602120] (mobile_control) StdoutLine: {'line': b'creating /workspace/mobile_control/install/mobile_control/share/ament_index/resource_index/packages\n'}
[1.602200] (mobile_control) StdoutLine: {'line': b'symbolically linking /workspace/mobile_control/build/mobile_control/resource/mobile_control -> /workspace/mobile_control/install/mobile_control/share/ament_index/resource_index/packages\n'}
[1.602280] (mobile_control) StdoutLine: {'line': b'symbolically linking /workspace/mobile_control/build/mobile_control/package.xml -> /workspace/mobile_control/install/mobile_control/share/mobile_control\n'}
[1.602377] (mobile_control) StdoutLine: {'line': b'creating /workspace/mobile_control/install/mobile_control/share/mobile_control/launch\n'}
[1.602488] (-) TimerEvent: {}
[1.648577] (mobile_control) CommandEnded: {'returncode': 0}
[1.662962] (mobile_control) JobEnded: {'identifier': 'mobile_control', 'rc': 0}
[1.663641] (-) EventReactorShutdown: {}
