[0.152s] DEBUG:colcon:Command line arguments: ['/usr/bin/colcon', 'build', '--symlink-install']
[0.152s] DEBUG:colcon:Parsed command line arguments: Namespace(log_base=None, log_level=None, verb_name='build', build_base='build', install_base='install', merge_install=False, symlink_install=True, test_result_base=None, continue_on_error=False, executor='parallel', parallel_workers=16, event_handlers=None, ignore_user_meta=False, metas=['./colcon.meta'], base_paths=['.'], packages_ignore=None, packages_ignore_regex=None, paths=None, packages_up_to=None, packages_up_to_regex=None, packages_above=None, packages_above_and_dependencies=None, packages_above_depth=None, packages_select_by_dep=None, packages_skip_by_dep=None, packages_skip_up_to=None, packages_select_build_failed=False, packages_skip_build_finished=False, packages_select_test_failures=False, packages_skip_test_passed=False, packages_select=None, packages_skip=None, packages_select_regex=None, packages_skip_regex=None, packages_start=None, packages_end=None, cmake_args=None, cmake_target=None, cmake_target_skip_unavailable=False, cmake_clean_cache=False, cmake_clean_first=False, cmake_force_configure=False, ament_cmake_args=None, catkin_cmake_args=None, catkin_skip_building_tests=False, mixin_files=None, mixin=None, verb_parser=<colcon_mixin.mixin.mixin_argument.MixinArgumentDecorator object at 0x7b89afbc8640>, verb_extension=<colcon_core.verb.build.BuildVerb object at 0x7b89afbc8040>, main=<bound method BuildVerb.main of <colcon_core.verb.build.BuildVerb object at 0x7b89afbc8040>>, mixin_verb=('build',))
[0.543s] Level 1:colcon.colcon_core.package_discovery:discover_packages(colcon_meta) check parameters
[0.544s] INFO:colcon.colcon_metadata.package_discovery.colcon_meta:Using configuration from '/root/.colcon/metadata/default/Gazebo.meta'
[0.545s] INFO:colcon.colcon_metadata.package_discovery.colcon_meta:Using configuration from '/root/.colcon/metadata/default/fastdds.meta'
[0.545s] INFO:colcon.colcon_metadata.package_discovery.colcon_meta:Using configuration from '/root/.colcon/metadata/default/fastrtps.meta'
[0.545s] Level 1:colcon.colcon_core.package_discovery:discover_packages(recursive) check parameters
[0.545s] Level 1:colcon.colcon_core.package_discovery:discover_packages(ignore) check parameters
[0.545s] Level 1:colcon.colcon_core.package_discovery:discover_packages(path) check parameters
[0.545s] Level 1:colcon.colcon_core.package_discovery:discover_packages(colcon_meta) discover
[0.545s] Level 1:colcon.colcon_core.package_discovery:discover_packages(recursive) discover
[0.545s] INFO:colcon.colcon_core.package_discovery:Crawling recursively for packages in '/workspace/mobile_control'
[0.545s] Level 1:colcon.colcon_core.package_identification:_identify(.) by extensions ['ignore', 'ignore_ament_install']
[0.545s] Level 1:colcon.colcon_core.package_identification:_identify(.) by extension 'ignore'
[0.546s] Level 1:colcon.colcon_core.package_identification:_identify(.) by extension 'ignore_ament_install'
[0.546s] Level 1:colcon.colcon_core.package_identification:_identify(.) by extensions ['colcon_pkg']
[0.546s] Level 1:colcon.colcon_core.package_identification:_identify(.) by extension 'colcon_pkg'
[0.546s] Level 1:colcon.colcon_core.package_identification:_identify(.) by extensions ['colcon_meta']
[0.546s] Level 1:colcon.colcon_core.package_identification:_identify(.) by extension 'colcon_meta'
[0.546s] Level 1:colcon.colcon_core.package_identification:_identify(.) by extensions ['ros']
[0.546s] Level 1:colcon.colcon_core.package_identification:_identify(.) by extension 'ros'
[0.560s] DEBUG:colcon.colcon_core.package_identification:Package '.' with type 'ros.ament_python' and name 'mobile_control'
[0.560s] Level 1:colcon.colcon_core.package_discovery:discover_packages(recursive) using defaults
[0.560s] Level 1:colcon.colcon_core.package_discovery:discover_packages(ignore) discover
[0.560s] Level 1:colcon.colcon_core.package_discovery:discover_packages(ignore) using defaults
[0.560s] Level 1:colcon.colcon_core.package_discovery:discover_packages(path) discover
[0.560s] Level 1:colcon.colcon_core.package_discovery:discover_packages(path) using defaults
[0.582s] Level 5:colcon.colcon_core.verb:set package 'mobile_control' build argument 'cmake_args' from command line to 'None'
[0.582s] Level 5:colcon.colcon_core.verb:set package 'mobile_control' build argument 'cmake_target' from command line to 'None'
[0.582s] Level 5:colcon.colcon_core.verb:set package 'mobile_control' build argument 'cmake_target_skip_unavailable' from command line to 'False'
[0.582s] Level 5:colcon.colcon_core.verb:set package 'mobile_control' build argument 'cmake_clean_cache' from command line to 'False'
[0.582s] Level 5:colcon.colcon_core.verb:set package 'mobile_control' build argument 'cmake_clean_first' from command line to 'False'
[0.582s] Level 5:colcon.colcon_core.verb:set package 'mobile_control' build argument 'cmake_force_configure' from command line to 'False'
[0.582s] Level 5:colcon.colcon_core.verb:set package 'mobile_control' build argument 'ament_cmake_args' from command line to 'None'
[0.582s] Level 5:colcon.colcon_core.verb:set package 'mobile_control' build argument 'catkin_cmake_args' from command line to 'None'
[0.582s] Level 5:colcon.colcon_core.verb:set package 'mobile_control' build argument 'catkin_skip_building_tests' from command line to 'False'
[0.582s] DEBUG:colcon.colcon_core.verb:Building package 'mobile_control' with the following arguments: {'ament_cmake_args': None, 'build_base': '/workspace/mobile_control/build/mobile_control', 'catkin_cmake_args': None, 'catkin_skip_building_tests': False, 'cmake_args': None, 'cmake_clean_cache': False, 'cmake_clean_first': False, 'cmake_force_configure': False, 'cmake_target': None, 'cmake_target_skip_unavailable': False, 'install_base': '/workspace/mobile_control/install/mobile_control', 'merge_install': False, 'path': '/workspace/mobile_control', 'symlink_install': True, 'test_result_base': None}
[0.583s] INFO:colcon.colcon_core.executor:Executing jobs using 'parallel' executor
[0.584s] DEBUG:colcon.colcon_parallel_executor.executor.parallel:run_until_complete
[0.584s] INFO:colcon.colcon_ros.task.ament_python.build:Building ROS package in '/workspace/mobile_control' with build type 'ament_python'
[0.584s] Level 1:colcon.colcon_core.shell:create_environment_hook('mobile_control', 'ament_prefix_path')
[0.586s] INFO:colcon.colcon_core.plugin_system:Skipping extension 'colcon_core.shell.bat': Not used on non-Windows systems
[0.586s] INFO:colcon.colcon_core.shell:Creating environment hook '/workspace/mobile_control/install/mobile_control/share/mobile_control/hook/ament_prefix_path.ps1'
[0.587s] INFO:colcon.colcon_core.shell:Creating environment descriptor '/workspace/mobile_control/install/mobile_control/share/mobile_control/hook/ament_prefix_path.dsv'
[0.588s] INFO:colcon.colcon_core.shell:Creating environment hook '/workspace/mobile_control/install/mobile_control/share/mobile_control/hook/ament_prefix_path.sh'
[0.589s] INFO:colcon.colcon_core.shell:Skip shell extension 'powershell' for command environment: Not usable outside of PowerShell
[0.589s] DEBUG:colcon.colcon_core.shell:Skip shell extension 'dsv' for command environment
[0.939s] INFO:colcon.colcon_core.task.python.build:Building Python package in '/workspace/mobile_control'
[0.939s] INFO:colcon.colcon_core.shell:Skip shell extension 'powershell' for command environment: Not usable outside of PowerShell
[0.940s] DEBUG:colcon.colcon_core.shell:Skip shell extension 'dsv' for command environment
[1.579s] DEBUG:colcon.colcon_core.event_handler.log_command:Invoking command in '/workspace/mobile_control/build/mobile_control': PYTHONPATH=/workspace/mobile_control/build/mobile_control/prefix_override:/usr/lib/python3/dist-packages/colcon_core/task/python/colcon_distutils_commands:/workspace/mobile_control/install/mobile_control/lib/python3.10/site-packages:${PYTHONPATH} /usr/bin/python3 -W ignore:setup.py install is deprecated -W ignore:easy_install command is deprecated setup.py develop --editable --build-directory /workspace/mobile_control/build/mobile_control/build --no-deps symlink_data
[2.232s] Level 1:colcon.colcon_core.shell:create_environment_hook('mobile_control', 'pythonpath_develop')
[2.233s] INFO:colcon.colcon_core.shell:Creating environment hook '/workspace/mobile_control/build/mobile_control/share/mobile_control/hook/pythonpath_develop.ps1'
[2.233s] DEBUG:colcon.colcon_core.event_handler.log_command:Invoked command in '/workspace/mobile_control/build/mobile_control' returned '0': PYTHONPATH=/workspace/mobile_control/build/mobile_control/prefix_override:/usr/lib/python3/dist-packages/colcon_core/task/python/colcon_distutils_commands:/workspace/mobile_control/install/mobile_control/lib/python3.10/site-packages:${PYTHONPATH} /usr/bin/python3 -W ignore:setup.py install is deprecated -W ignore:easy_install command is deprecated setup.py develop --editable --build-directory /workspace/mobile_control/build/mobile_control/build --no-deps symlink_data
[2.234s] INFO:colcon.colcon_core.shell:Creating environment descriptor '/workspace/mobile_control/build/mobile_control/share/mobile_control/hook/pythonpath_develop.dsv'
[2.234s] INFO:colcon.colcon_core.shell:Creating environment hook '/workspace/mobile_control/build/mobile_control/share/mobile_control/hook/pythonpath_develop.sh'
[2.237s] Level 1:colcon.colcon_core.environment:checking '/workspace/mobile_control/install/mobile_control' for CMake module files
[2.238s] Level 1:colcon.colcon_core.environment:checking '/workspace/mobile_control/install/mobile_control' for CMake config files
[2.239s] Level 1:colcon.colcon_core.environment:checking '/workspace/mobile_control/install/mobile_control/lib'
[2.239s] Level 1:colcon.colcon_core.environment:checking '/workspace/mobile_control/install/mobile_control/bin'
[2.239s] Level 1:colcon.colcon_core.environment:checking '/workspace/mobile_control/install/mobile_control/lib/pkgconfig/mobile_control.pc'
[2.240s] Level 1:colcon.colcon_core.environment:checking '/workspace/mobile_control/install/mobile_control/lib/python3.10/site-packages'
[2.240s] Level 1:colcon.colcon_core.shell:create_environment_hook('mobile_control', 'pythonpath')
[2.240s] INFO:colcon.colcon_core.shell:Creating environment hook '/workspace/mobile_control/install/mobile_control/share/mobile_control/hook/pythonpath.ps1'
[2.241s] INFO:colcon.colcon_core.shell:Creating environment descriptor '/workspace/mobile_control/install/mobile_control/share/mobile_control/hook/pythonpath.dsv'
[2.241s] INFO:colcon.colcon_core.shell:Creating environment hook '/workspace/mobile_control/install/mobile_control/share/mobile_control/hook/pythonpath.sh'
[2.242s] Level 1:colcon.colcon_core.environment:checking '/workspace/mobile_control/install/mobile_control/bin'
[2.242s] Level 1:colcon.colcon_core.environment:create_environment_scripts_only(mobile_control)
[2.242s] INFO:colcon.colcon_core.shell:Creating package script '/workspace/mobile_control/install/mobile_control/share/mobile_control/package.ps1'
[2.243s] INFO:colcon.colcon_core.shell:Creating package descriptor '/workspace/mobile_control/install/mobile_control/share/mobile_control/package.dsv'
[2.244s] INFO:colcon.colcon_core.shell:Creating package script '/workspace/mobile_control/install/mobile_control/share/mobile_control/package.sh'
[2.245s] INFO:colcon.colcon_core.shell:Creating package script '/workspace/mobile_control/install/mobile_control/share/mobile_control/package.bash'
[2.245s] INFO:colcon.colcon_core.shell:Creating package script '/workspace/mobile_control/install/mobile_control/share/mobile_control/package.zsh'
[2.246s] Level 1:colcon.colcon_core.environment:create_file_with_runtime_dependencies(/workspace/mobile_control/install/mobile_control/share/colcon-core/packages/mobile_control)
[2.246s] DEBUG:colcon.colcon_parallel_executor.executor.parallel:closing loop
[2.247s] DEBUG:colcon.colcon_parallel_executor.executor.parallel:loop closed
[2.247s] DEBUG:colcon.colcon_parallel_executor.executor.parallel:run_until_complete finished with '0'
[2.247s] DEBUG:colcon.colcon_core.event_reactor:joining thread
[2.252s] INFO:colcon.colcon_core.plugin_system:Skipping extension 'colcon_notification.desktop_notification.notify_send': Could not find 'notify-send'
[2.253s] INFO:colcon.colcon_core.plugin_system:Skipping extension 'colcon_notification.desktop_notification.terminal_notifier': Not used on non-Darwin systems
[2.253s] INFO:colcon.colcon_core.plugin_system:Skipping extension 'colcon_notification.desktop_notification.win32': Not used on non-Windows systems
[2.253s] INFO:colcon.colcon_notification.desktop_notification:Sending desktop notification using 'notify2'
[2.257s] DEBUG:colcon.colcon_notification.desktop_notification.notify2:Failed to initialize notify2: org.freedesktop.DBus.Error.Spawn.ExecFailed: /usr/bin/dbus-launch terminated abnormally without any error message
[2.257s] DEBUG:colcon.colcon_core.event_reactor:joined thread
[2.258s] INFO:colcon.colcon_core.shell:Creating prefix script '/workspace/mobile_control/install/local_setup.ps1'
[2.259s] INFO:colcon.colcon_core.shell:Creating prefix util module '/workspace/mobile_control/install/_local_setup_util_ps1.py'
[2.261s] INFO:colcon.colcon_core.shell:Creating prefix chain script '/workspace/mobile_control/install/setup.ps1'
[2.262s] INFO:colcon.colcon_core.shell:Creating prefix script '/workspace/mobile_control/install/local_setup.sh'
[2.262s] INFO:colcon.colcon_core.shell:Creating prefix util module '/workspace/mobile_control/install/_local_setup_util_sh.py'
[2.263s] INFO:colcon.colcon_core.shell:Creating prefix chain script '/workspace/mobile_control/install/setup.sh'
[2.264s] INFO:colcon.colcon_core.shell:Creating prefix script '/workspace/mobile_control/install/local_setup.bash'
[2.265s] INFO:colcon.colcon_core.shell:Creating prefix chain script '/workspace/mobile_control/install/setup.bash'
[2.266s] INFO:colcon.colcon_core.shell:Creating prefix script '/workspace/mobile_control/install/local_setup.zsh'
[2.266s] INFO:colcon.colcon_core.shell:Creating prefix chain script '/workspace/mobile_control/install/setup.zsh'
