[0.261s] DEBUG:colcon:Command line arguments: ['/usr/bin/colcon', 'build', '--symlink-install']
[0.261s] DEBUG:colcon:Parsed command line arguments: Namespace(log_base=None, log_level=None, verb_name='build', build_base='build', install_base='install', merge_install=False, symlink_install=True, test_result_base=None, continue_on_error=False, executor='parallel', parallel_workers=16, event_handlers=None, ignore_user_meta=False, metas=['./colcon.meta'], base_paths=['.'], packages_ignore=None, packages_ignore_regex=None, paths=None, packages_up_to=None, packages_up_to_regex=None, packages_above=None, packages_above_and_dependencies=None, packages_above_depth=None, packages_select_by_dep=None, packages_skip_by_dep=None, packages_skip_up_to=None, packages_select_build_failed=False, packages_skip_build_finished=False, packages_select_test_failures=False, packages_skip_test_passed=False, packages_select=None, packages_skip=None, packages_select_regex=None, packages_skip_regex=None, packages_start=None, packages_end=None, cmake_args=None, cmake_target=None, cmake_target_skip_unavailable=False, cmake_clean_cache=False, cmake_clean_first=False, cmake_force_configure=False, ament_cmake_args=None, catkin_cmake_args=None, catkin_skip_building_tests=False, mixin_files=None, mixin=None, verb_parser=<colcon_mixin.mixin.mixin_argument.MixinArgumentDecorator object at 0x7ed1545df790>, verb_extension=<colcon_core.verb.build.BuildVerb object at 0x7ed154801120>, main=<bound method BuildVerb.main of <colcon_core.verb.build.BuildVerb object at 0x7ed154801120>>, mixin_verb=('build',))
[0.476s] Level 1:colcon.colcon_core.package_discovery:discover_packages(colcon_meta) check parameters
[0.477s] INFO:colcon.colcon_metadata.package_discovery.colcon_meta:Using configuration from '/root/.colcon/metadata/default/Gazebo.meta'
[0.477s] INFO:colcon.colcon_metadata.package_discovery.colcon_meta:Using configuration from '/root/.colcon/metadata/default/fastdds.meta'
[0.478s] INFO:colcon.colcon_metadata.package_discovery.colcon_meta:Using configuration from '/root/.colcon/metadata/default/fastrtps.meta'
[0.478s] Level 1:colcon.colcon_core.package_discovery:discover_packages(recursive) check parameters
[0.478s] Level 1:colcon.colcon_core.package_discovery:discover_packages(ignore) check parameters
[0.478s] Level 1:colcon.colcon_core.package_discovery:discover_packages(path) check parameters
[0.478s] Level 1:colcon.colcon_core.package_discovery:discover_packages(colcon_meta) discover
[0.478s] Level 1:colcon.colcon_core.package_discovery:discover_packages(recursive) discover
[0.478s] INFO:colcon.colcon_core.package_discovery:Crawling recursively for packages in '/workspace'
[0.478s] Level 1:colcon.colcon_core.package_identification:_identify(.) by extensions ['ignore', 'ignore_ament_install']
[0.478s] Level 1:colcon.colcon_core.package_identification:_identify(.) by extension 'ignore'
[0.478s] Level 1:colcon.colcon_core.package_identification:_identify(.) by extension 'ignore_ament_install'
[0.478s] Level 1:colcon.colcon_core.package_identification:_identify(.) by extensions ['colcon_pkg']
[0.478s] Level 1:colcon.colcon_core.package_identification:_identify(.) by extension 'colcon_pkg'
[0.478s] Level 1:colcon.colcon_core.package_identification:_identify(.) by extensions ['colcon_meta']
[0.479s] Level 1:colcon.colcon_core.package_identification:_identify(.) by extension 'colcon_meta'
[0.479s] Level 1:colcon.colcon_core.package_identification:_identify(.) by extensions ['ros']
[0.479s] Level 1:colcon.colcon_core.package_identification:_identify(.) by extension 'ros'
[0.492s] Level 1:colcon.colcon_core.package_identification:_identify(.) by extensions ['cmake', 'python']
[0.492s] Level 1:colcon.colcon_core.package_identification:_identify(.) by extension 'cmake'
[0.492s] Level 1:colcon.colcon_core.package_identification:_identify(.) by extension 'python'
[0.492s] Level 1:colcon.colcon_core.package_identification:_identify(.) by extensions ['python_setup_py']
[0.492s] Level 1:colcon.colcon_core.package_identification:_identify(.) by extension 'python_setup_py'
[0.492s] Level 1:colcon.colcon_core.package_identification:_identify(PAROL6) by extensions ['ignore', 'ignore_ament_install']
[0.492s] Level 1:colcon.colcon_core.package_identification:_identify(PAROL6) by extension 'ignore'
[0.492s] Level 1:colcon.colcon_core.package_identification:_identify(PAROL6) by extension 'ignore_ament_install'
[0.492s] Level 1:colcon.colcon_core.package_identification:_identify(PAROL6) by extensions ['colcon_pkg']
[0.492s] Level 1:colcon.colcon_core.package_identification:_identify(PAROL6) by extension 'colcon_pkg'
[0.492s] Level 1:colcon.colcon_core.package_identification:_identify(PAROL6) by extensions ['colcon_meta']
[0.492s] Level 1:colcon.colcon_core.package_identification:_identify(PAROL6) by extension 'colcon_meta'
[0.492s] Level 1:colcon.colcon_core.package_identification:_identify(PAROL6) by extensions ['ros']
[0.492s] Level 1:colcon.colcon_core.package_identification:_identify(PAROL6) by extension 'ros'
[0.495s] DEBUG:colcon.colcon_core.package_identification:Package 'PAROL6' with type 'ros.ament_cmake' and name 'parol6'
[0.495s] Level 1:colcon.colcon_core.package_identification:_identify(build) by extensions ['ignore', 'ignore_ament_install']
[0.495s] Level 1:colcon.colcon_core.package_identification:_identify(build) by extension 'ignore'
[0.495s] Level 1:colcon.colcon_core.package_identification:_identify(build) ignored
[0.495s] Level 1:colcon.colcon_core.package_identification:_identify(docs) by extensions ['ignore', 'ignore_ament_install']
[0.495s] Level 1:colcon.colcon_core.package_identification:_identify(docs) by extension 'ignore'
[0.495s] Level 1:colcon.colcon_core.package_identification:_identify(docs) by extension 'ignore_ament_install'
[0.496s] Level 1:colcon.colcon_core.package_identification:_identify(docs) by extensions ['colcon_pkg']
[0.496s] Level 1:colcon.colcon_core.package_identification:_identify(docs) by extension 'colcon_pkg'
[0.496s] Level 1:colcon.colcon_core.package_identification:_identify(docs) by extensions ['colcon_meta']
[0.496s] Level 1:colcon.colcon_core.package_identification:_identify(docs) by extension 'colcon_meta'
[0.496s] Level 1:colcon.colcon_core.package_identification:_identify(docs) by extensions ['ros']
[0.496s] Level 1:colcon.colcon_core.package_identification:_identify(docs) by extension 'ros'
[0.496s] Level 1:colcon.colcon_core.package_identification:_identify(docs) by extensions ['cmake', 'python']
[0.496s] Level 1:colcon.colcon_core.package_identification:_identify(docs) by extension 'cmake'
[0.496s] Level 1:colcon.colcon_core.package_identification:_identify(docs) by extension 'python'
[0.496s] Level 1:colcon.colcon_core.package_identification:_identify(docs) by extensions ['python_setup_py']
[0.496s] Level 1:colcon.colcon_core.package_identification:_identify(docs) by extension 'python_setup_py'
[0.496s] Level 1:colcon.colcon_core.package_identification:_identify(install) by extensions ['ignore', 'ignore_ament_install']
[0.496s] Level 1:colcon.colcon_core.package_identification:_identify(install) by extension 'ignore'
[0.496s] Level 1:colcon.colcon_core.package_identification:_identify(install) ignored
[0.496s] Level 1:colcon.colcon_core.package_identification:_identify(log) by extensions ['ignore', 'ignore_ament_install']
[0.496s] Level 1:colcon.colcon_core.package_identification:_identify(log) by extension 'ignore'
[0.496s] Level 1:colcon.colcon_core.package_identification:_identify(log) ignored
[0.496s] Level 1:colcon.colcon_core.package_identification:_identify(parol6_moveit_config) by extensions ['ignore', 'ignore_ament_install']
[0.496s] Level 1:colcon.colcon_core.package_identification:_identify(parol6_moveit_config) by extension 'ignore'
[0.497s] Level 1:colcon.colcon_core.package_identification:_identify(parol6_moveit_config) by extension 'ignore_ament_install'
[0.497s] Level 1:colcon.colcon_core.package_identification:_identify(parol6_moveit_config) by extensions ['colcon_pkg']
[0.497s] Level 1:colcon.colcon_core.package_identification:_identify(parol6_moveit_config) by extension 'colcon_pkg'
[0.497s] Level 1:colcon.colcon_core.package_identification:_identify(parol6_moveit_config) by extensions ['colcon_meta']
[0.497s] Level 1:colcon.colcon_core.package_identification:_identify(parol6_moveit_config) by extension 'colcon_meta'
[0.497s] Level 1:colcon.colcon_core.package_identification:_identify(parol6_moveit_config) by extensions ['ros']
[0.497s] Level 1:colcon.colcon_core.package_identification:_identify(parol6_moveit_config) by extension 'ros'
[0.497s] DEBUG:colcon.colcon_core.package_identification:Package 'parol6_moveit_config' with type 'ros.ament_cmake' and name 'parol6_moveit_config'
[0.497s] Level 1:colcon.colcon_core.package_discovery:discover_packages(recursive) using defaults
[0.497s] Level 1:colcon.colcon_core.package_discovery:discover_packages(ignore) discover
[0.497s] Level 1:colcon.colcon_core.package_discovery:discover_packages(ignore) using defaults
[0.497s] Level 1:colcon.colcon_core.package_discovery:discover_packages(path) discover
[0.497s] Level 1:colcon.colcon_core.package_discovery:discover_packages(path) using defaults
[0.524s] Level 5:colcon.colcon_core.verb:set package 'parol6' build argument 'cmake_args' from command line to 'None'
[0.524s] Level 5:colcon.colcon_core.verb:set package 'parol6' build argument 'cmake_target' from command line to 'None'
[0.524s] Level 5:colcon.colcon_core.verb:set package 'parol6' build argument 'cmake_target_skip_unavailable' from command line to 'False'
[0.524s] Level 5:colcon.colcon_core.verb:set package 'parol6' build argument 'cmake_clean_cache' from command line to 'False'
[0.524s] Level 5:colcon.colcon_core.verb:set package 'parol6' build argument 'cmake_clean_first' from command line to 'False'
[0.524s] Level 5:colcon.colcon_core.verb:set package 'parol6' build argument 'cmake_force_configure' from command line to 'False'
[0.524s] Level 5:colcon.colcon_core.verb:set package 'parol6' build argument 'ament_cmake_args' from command line to 'None'
[0.524s] Level 5:colcon.colcon_core.verb:set package 'parol6' build argument 'catkin_cmake_args' from command line to 'None'
[0.524s] Level 5:colcon.colcon_core.verb:set package 'parol6' build argument 'catkin_skip_building_tests' from command line to 'False'
[0.524s] DEBUG:colcon.colcon_core.verb:Building package 'parol6' with the following arguments: {'ament_cmake_args': None, 'build_base': '/workspace/build/parol6', 'catkin_cmake_args': None, 'catkin_skip_building_tests': False, 'cmake_args': None, 'cmake_clean_cache': False, 'cmake_clean_first': False, 'cmake_force_configure': False, 'cmake_target': None, 'cmake_target_skip_unavailable': False, 'install_base': '/workspace/install/parol6', 'merge_install': False, 'path': '/workspace/PAROL6', 'symlink_install': True, 'test_result_base': None}
[0.525s] Level 5:colcon.colcon_core.verb:set package 'parol6_moveit_config' build argument 'cmake_args' from command line to 'None'
[0.525s] Level 5:colcon.colcon_core.verb:set package 'parol6_moveit_config' build argument 'cmake_target' from command line to 'None'
[0.525s] Level 5:colcon.colcon_core.verb:set package 'parol6_moveit_config' build argument 'cmake_target_skip_unavailable' from command line to 'False'
[0.525s] Level 5:colcon.colcon_core.verb:set package 'parol6_moveit_config' build argument 'cmake_clean_cache' from command line to 'False'
[0.525s] Level 5:colcon.colcon_core.verb:set package 'parol6_moveit_config' build argument 'cmake_clean_first' from command line to 'False'
[0.525s] Level 5:colcon.colcon_core.verb:set package 'parol6_moveit_config' build argument 'cmake_force_configure' from command line to 'False'
[0.525s] Level 5:colcon.colcon_core.verb:set package 'parol6_moveit_config' build argument 'ament_cmake_args' from command line to 'None'
[0.525s] Level 5:colcon.colcon_core.verb:set package 'parol6_moveit_config' build argument 'catkin_cmake_args' from command line to 'None'
[0.525s] Level 5:colcon.colcon_core.verb:set package 'parol6_moveit_config' build argument 'catkin_skip_building_tests' from command line to 'False'
[0.525s] DEBUG:colcon.colcon_core.verb:Building package 'parol6_moveit_config' with the following arguments: {'ament_cmake_args': None, 'build_base': '/workspace/build/parol6_moveit_config', 'catkin_cmake_args': None, 'catkin_skip_building_tests': False, 'cmake_args': None, 'cmake_clean_cache': False, 'cmake_clean_first': False, 'cmake_force_configure': False, 'cmake_target': None, 'cmake_target_skip_unavailable': False, 'install_base': '/workspace/install/parol6_moveit_config', 'merge_install': False, 'path': '/workspace/parol6_moveit_config', 'symlink_install': True, 'test_result_base': None}
[0.525s] INFO:colcon.colcon_core.executor:Executing jobs using 'parallel' executor
[0.526s] DEBUG:colcon.colcon_parallel_executor.executor.parallel:run_until_complete
[0.526s] INFO:colcon.colcon_ros.task.ament_cmake.build:Building ROS package in '/workspace/PAROL6' with build type 'ament_cmake'
[0.526s] INFO:colcon.colcon_cmake.task.cmake.build:Building CMake package in '/workspace/PAROL6'
[0.531s] INFO:colcon.colcon_core.plugin_system:Skipping extension 'colcon_core.shell.bat': Not used on non-Windows systems
[0.531s] INFO:colcon.colcon_core.shell:Skip shell extension 'powershell' for command environment: Not usable outside of PowerShell
[0.531s] DEBUG:colcon.colcon_core.shell:Skip shell extension 'dsv' for command environment
[0.543s] DEBUG:colcon.colcon_core.event_handler.log_command:Invoking command in '/workspace/build/parol6': CMAKE_PREFIX_PATH=/opt/ros/humble /usr/bin/cmake --build /workspace/build/parol6 -- -j16 -l16
[0.865s] DEBUG:colcon.colcon_core.event_handler.log_command:Invoked command in '/workspace/build/parol6' returned '0': CMAKE_PREFIX_PATH=/opt/ros/humble /usr/bin/cmake --build /workspace/build/parol6 -- -j16 -l16
[0.875s] DEBUG:colcon.colcon_core.event_handler.log_command:Invoking command in '/workspace/build/parol6': CMAKE_PREFIX_PATH=/opt/ros/humble /usr/bin/cmake --install /workspace/build/parol6
[0.897s] Level 1:colcon.colcon_core.environment:create_environment_scripts_only(parol6)
[0.897s] DEBUG:colcon.colcon_core.event_handler.log_command:Invoked command in '/workspace/build/parol6' returned '0': CMAKE_PREFIX_PATH=/opt/ros/humble /usr/bin/cmake --install /workspace/build/parol6
[0.904s] Level 1:colcon.colcon_core.environment:checking '/workspace/install/parol6' for CMake module files
[0.905s] Level 1:colcon.colcon_core.environment:checking '/workspace/install/parol6' for CMake config files
[0.905s] Level 1:colcon.colcon_core.shell:create_environment_hook('parol6', 'cmake_prefix_path')
[0.905s] INFO:colcon.colcon_core.shell:Creating environment hook '/workspace/install/parol6/share/parol6/hook/cmake_prefix_path.ps1'
[0.906s] INFO:colcon.colcon_core.shell:Creating environment descriptor '/workspace/install/parol6/share/parol6/hook/cmake_prefix_path.dsv'
[0.907s] INFO:colcon.colcon_core.shell:Creating environment hook '/workspace/install/parol6/share/parol6/hook/cmake_prefix_path.sh'
[0.908s] Level 1:colcon.colcon_core.environment:checking '/workspace/install/parol6/bin'
[0.908s] Level 1:colcon.colcon_core.environment:checking '/workspace/install/parol6/lib/pkgconfig/parol6.pc'
[0.910s] Level 1:colcon.colcon_core.environment:checking '/workspace/install/parol6/lib/python3.10/site-packages'
[0.910s] Level 1:colcon.colcon_core.environment:checking '/workspace/install/parol6/bin'
[0.910s] INFO:colcon.colcon_core.shell:Creating package script '/workspace/install/parol6/share/parol6/package.ps1'
[0.911s] INFO:colcon.colcon_core.shell:Creating package descriptor '/workspace/install/parol6/share/parol6/package.dsv'
[0.911s] INFO:colcon.colcon_core.shell:Creating package script '/workspace/install/parol6/share/parol6/package.sh'
[0.912s] INFO:colcon.colcon_core.shell:Creating package script '/workspace/install/parol6/share/parol6/package.bash'
[0.913s] INFO:colcon.colcon_core.shell:Creating package script '/workspace/install/parol6/share/parol6/package.zsh'
[0.914s] Level 1:colcon.colcon_core.environment:create_file_with_runtime_dependencies(/workspace/install/parol6/share/colcon-core/packages/parol6)
[0.914s] Level 1:colcon.colcon_core.environment:create_environment_scripts_only(parol6)
[0.914s] Level 1:colcon.colcon_core.environment:checking '/workspace/install/parol6' for CMake module files
[0.915s] Level 1:colcon.colcon_core.environment:checking '/workspace/install/parol6' for CMake config files
[0.915s] Level 1:colcon.colcon_core.shell:create_environment_hook('parol6', 'cmake_prefix_path')
[0.915s] INFO:colcon.colcon_core.shell:Creating environment hook '/workspace/install/parol6/share/parol6/hook/cmake_prefix_path.ps1'
[0.916s] INFO:colcon.colcon_core.shell:Creating environment descriptor '/workspace/install/parol6/share/parol6/hook/cmake_prefix_path.dsv'
[0.916s] INFO:colcon.colcon_core.shell:Creating environment hook '/workspace/install/parol6/share/parol6/hook/cmake_prefix_path.sh'
[0.916s] Level 1:colcon.colcon_core.environment:checking '/workspace/install/parol6/bin'
[0.917s] Level 1:colcon.colcon_core.environment:checking '/workspace/install/parol6/lib/pkgconfig/parol6.pc'
[0.917s] Level 1:colcon.colcon_core.environment:checking '/workspace/install/parol6/lib/python3.10/site-packages'
[0.917s] Level 1:colcon.colcon_core.environment:checking '/workspace/install/parol6/bin'
[0.917s] INFO:colcon.colcon_core.shell:Creating package script '/workspace/install/parol6/share/parol6/package.ps1'
[0.918s] INFO:colcon.colcon_core.shell:Creating package descriptor '/workspace/install/parol6/share/parol6/package.dsv'
[0.918s] INFO:colcon.colcon_core.shell:Creating package script '/workspace/install/parol6/share/parol6/package.sh'
[0.918s] INFO:colcon.colcon_core.shell:Creating package script '/workspace/install/parol6/share/parol6/package.bash'
[0.919s] INFO:colcon.colcon_core.shell:Creating package script '/workspace/install/parol6/share/parol6/package.zsh'
[0.919s] Level 1:colcon.colcon_core.environment:create_file_with_runtime_dependencies(/workspace/install/parol6/share/colcon-core/packages/parol6)
[0.919s] INFO:colcon.colcon_ros.task.ament_cmake.build:Building ROS package in '/workspace/parol6_moveit_config' with build type 'ament_cmake'
[0.919s] INFO:colcon.colcon_cmake.task.cmake.build:Building CMake package in '/workspace/parol6_moveit_config'
[0.920s] INFO:colcon.colcon_core.shell:Skip shell extension 'powershell' for command environment: Not usable outside of PowerShell
[0.920s] DEBUG:colcon.colcon_core.shell:Skip shell extension 'dsv' for command environment
[0.928s] DEBUG:colcon.colcon_core.event_handler.log_command:Invoking command in '/workspace/build/parol6_moveit_config': AMENT_PREFIX_PATH=/workspace/install/parol6:${AMENT_PREFIX_PATH} CMAKE_PREFIX_PATH=/workspace/install/parol6:/opt/ros/humble /usr/bin/cmake --build /workspace/build/parol6_moveit_config -- -j16 -l16
[0.963s] DEBUG:colcon.colcon_core.event_handler.log_command:Invoked command in '/workspace/build/parol6_moveit_config' returned '0': AMENT_PREFIX_PATH=/workspace/install/parol6:${AMENT_PREFIX_PATH} CMAKE_PREFIX_PATH=/workspace/install/parol6:/opt/ros/humble /usr/bin/cmake --build /workspace/build/parol6_moveit_config -- -j16 -l16
[0.964s] DEBUG:colcon.colcon_core.event_handler.log_command:Invoking command in '/workspace/build/parol6_moveit_config': AMENT_PREFIX_PATH=/workspace/install/parol6:${AMENT_PREFIX_PATH} CMAKE_PREFIX_PATH=/workspace/install/parol6:/opt/ros/humble /usr/bin/cmake --install /workspace/build/parol6_moveit_config
[0.986s] Level 1:colcon.colcon_core.environment:create_environment_scripts_only(parol6_moveit_config)
[0.987s] Level 1:colcon.colcon_core.environment:checking '/workspace/install/parol6_moveit_config' for CMake module files
[0.987s] DEBUG:colcon.colcon_core.event_handler.log_command:Invoked command in '/workspace/build/parol6_moveit_config' returned '0': AMENT_PREFIX_PATH=/workspace/install/parol6:${AMENT_PREFIX_PATH} CMAKE_PREFIX_PATH=/workspace/install/parol6:/opt/ros/humble /usr/bin/cmake --install /workspace/build/parol6_moveit_config
[0.987s] Level 1:colcon.colcon_core.environment:checking '/workspace/install/parol6_moveit_config' for CMake config files
[0.988s] Level 1:colcon.colcon_core.shell:create_environment_hook('parol6_moveit_config', 'cmake_prefix_path')
[0.988s] INFO:colcon.colcon_core.shell:Creating environment hook '/workspace/install/parol6_moveit_config/share/parol6_moveit_config/hook/cmake_prefix_path.ps1'
[0.988s] INFO:colcon.colcon_core.shell:Creating environment descriptor '/workspace/install/parol6_moveit_config/share/parol6_moveit_config/hook/cmake_prefix_path.dsv'
[0.989s] INFO:colcon.colcon_core.shell:Creating environment hook '/workspace/install/parol6_moveit_config/share/parol6_moveit_config/hook/cmake_prefix_path.sh'
[0.989s] Level 1:colcon.colcon_core.environment:checking '/workspace/install/parol6_moveit_config/bin'
[0.989s] Level 1:colcon.colcon_core.environment:checking '/workspace/install/parol6_moveit_config/lib/pkgconfig/parol6_moveit_config.pc'
[0.990s] Level 1:colcon.colcon_core.environment:checking '/workspace/install/parol6_moveit_config/lib/python3.10/site-packages'
[0.990s] Level 1:colcon.colcon_core.environment:checking '/workspace/install/parol6_moveit_config/bin'
[0.990s] INFO:colcon.colcon_core.shell:Creating package script '/workspace/install/parol6_moveit_config/share/parol6_moveit_config/package.ps1'
[0.990s] INFO:colcon.colcon_core.shell:Creating package descriptor '/workspace/install/parol6_moveit_config/share/parol6_moveit_config/package.dsv'
[0.991s] INFO:colcon.colcon_core.shell:Creating package script '/workspace/install/parol6_moveit_config/share/parol6_moveit_config/package.sh'
[0.991s] INFO:colcon.colcon_core.shell:Creating package script '/workspace/install/parol6_moveit_config/share/parol6_moveit_config/package.bash'
[0.991s] INFO:colcon.colcon_core.shell:Creating package script '/workspace/install/parol6_moveit_config/share/parol6_moveit_config/package.zsh'
[0.992s] Level 1:colcon.colcon_core.environment:create_file_with_runtime_dependencies(/workspace/install/parol6_moveit_config/share/colcon-core/packages/parol6_moveit_config)
[0.992s] Level 1:colcon.colcon_core.environment:create_environment_scripts_only(parol6_moveit_config)
[0.992s] Level 1:colcon.colcon_core.environment:checking '/workspace/install/parol6_moveit_config' for CMake module files
[0.993s] Level 1:colcon.colcon_core.environment:checking '/workspace/install/parol6_moveit_config' for CMake config files
[0.993s] Level 1:colcon.colcon_core.shell:create_environment_hook('parol6_moveit_config', 'cmake_prefix_path')
[0.993s] INFO:colcon.colcon_core.shell:Creating environment hook '/workspace/install/parol6_moveit_config/share/parol6_moveit_config/hook/cmake_prefix_path.ps1'
[0.993s] INFO:colcon.colcon_core.shell:Creating environment descriptor '/workspace/install/parol6_moveit_config/share/parol6_moveit_config/hook/cmake_prefix_path.dsv'
[0.994s] INFO:colcon.colcon_core.shell:Creating environment hook '/workspace/install/parol6_moveit_config/share/parol6_moveit_config/hook/cmake_prefix_path.sh'
[0.994s] Level 1:colcon.colcon_core.environment:checking '/workspace/install/parol6_moveit_config/bin'
[0.994s] Level 1:colcon.colcon_core.environment:checking '/workspace/install/parol6_moveit_config/lib/pkgconfig/parol6_moveit_config.pc'
[0.994s] Level 1:colcon.colcon_core.environment:checking '/workspace/install/parol6_moveit_config/lib/python3.10/site-packages'
[0.995s] Level 1:colcon.colcon_core.environment:checking '/workspace/install/parol6_moveit_config/bin'
[0.995s] INFO:colcon.colcon_core.shell:Creating package script '/workspace/install/parol6_moveit_config/share/parol6_moveit_config/package.ps1'
[0.995s] INFO:colcon.colcon_core.shell:Creating package descriptor '/workspace/install/parol6_moveit_config/share/parol6_moveit_config/package.dsv'
[0.996s] INFO:colcon.colcon_core.shell:Creating package script '/workspace/install/parol6_moveit_config/share/parol6_moveit_config/package.sh'
[0.996s] INFO:colcon.colcon_core.shell:Creating package script '/workspace/install/parol6_moveit_config/share/parol6_moveit_config/package.bash'
[0.996s] INFO:colcon.colcon_core.shell:Creating package script '/workspace/install/parol6_moveit_config/share/parol6_moveit_config/package.zsh'
[0.997s] Level 1:colcon.colcon_core.environment:create_file_with_runtime_dependencies(/workspace/install/parol6_moveit_config/share/colcon-core/packages/parol6_moveit_config)
[0.997s] DEBUG:colcon.colcon_parallel_executor.executor.parallel:closing loop
[0.997s] DEBUG:colcon.colcon_parallel_executor.executor.parallel:loop closed
[0.997s] DEBUG:colcon.colcon_parallel_executor.executor.parallel:run_until_complete finished with '0'
[0.997s] DEBUG:colcon.colcon_core.event_reactor:joining thread
[1.017s] INFO:colcon.colcon_core.plugin_system:Skipping extension 'colcon_notification.desktop_notification.notify_send': Could not find 'notify-send'
[1.017s] INFO:colcon.colcon_core.plugin_system:Skipping extension 'colcon_notification.desktop_notification.terminal_notifier': Not used on non-Darwin systems
[1.017s] INFO:colcon.colcon_core.plugin_system:Skipping extension 'colcon_notification.desktop_notification.win32': Not used on non-Windows systems
[1.017s] INFO:colcon.colcon_notification.desktop_notification:Sending desktop notification using 'notify2'
[1.021s] DEBUG:colcon.colcon_notification.desktop_notification.notify2:Failed to initialize notify2: org.freedesktop.DBus.Error.Spawn.ExecFailed: /usr/bin/dbus-launch terminated abnormally without any error message
[1.022s] DEBUG:colcon.colcon_core.event_reactor:joined thread
[1.022s] INFO:colcon.colcon_core.shell:Creating prefix script '/workspace/install/local_setup.ps1'
[1.023s] INFO:colcon.colcon_core.shell:Creating prefix util module '/workspace/install/_local_setup_util_ps1.py'
[1.025s] INFO:colcon.colcon_core.shell:Creating prefix chain script '/workspace/install/setup.ps1'
[1.038s] INFO:colcon.colcon_core.shell:Creating prefix script '/workspace/install/local_setup.sh'
[1.039s] INFO:colcon.colcon_core.shell:Creating prefix util module '/workspace/install/_local_setup_util_sh.py'
[1.040s] INFO:colcon.colcon_core.shell:Creating prefix chain script '/workspace/install/setup.sh'
[1.040s] INFO:colcon.colcon_core.shell:Creating prefix script '/workspace/install/local_setup.bash'
[1.041s] INFO:colcon.colcon_core.shell:Creating prefix chain script '/workspace/install/setup.bash'
[1.042s] INFO:colcon.colcon_core.shell:Creating prefix script '/workspace/install/local_setup.zsh'
[1.042s] INFO:colcon.colcon_core.shell:Creating prefix chain script '/workspace/install/setup.zsh'
