[0.000000] (-) TimerEvent: {}
[0.000330] (mobile_control) JobQueued: {'identifier': 'mobile_control', 'dependencies': OrderedDict()}
[0.000592] (mobile_control) JobStarted: {'identifier': 'mobile_control'}
[0.099629] (-) TimerEvent: {}
[0.199837] (-) TimerEvent: {}
[0.300035] (-) TimerEvent: {}
[0.400239] (-) TimerEvent: {}
[0.500438] (-) TimerEvent: {}
[0.600636] (-) TimerEvent: {}
[0.700850] (-) TimerEvent: {}
[0.789807] (mobile_control) Command: {'cmd': ['/usr/bin/python3', '-W', 'ignore:setup.py install is deprecated', '-W', 'ignore:easy_install command is deprecated', 'setup.py', 'develop', '--editable', '--build-directory', '/workspace/mobile_control/build/mobile_control/build', '--no-deps', 'symlink_data'], 'cwd': '/workspace/mobile_control/build/mobile_control', 'env': {'HOSTNAME': 'Kareem-Legion5', 'SHLVL': '1', 'LD_LIBRARY_PATH': '/usr/lib/x86_64-linux-gnu/gazebo-11/plugins:/opt/ros/humble/opt/rviz_ogre_vendor/lib:/opt/ros/humble/lib/x86_64-linux-gnu:/opt/ros/humble/lib', 'HOME': '/root', 'OLDPWD': '/workspace', 'ROS_PYTHON_VERSION': '3', 'ROS_DISTRO': 'humble', '_': '/usr/bin/colcon', 'ROS_VERSION': '2', 'ROS_LOCALHOST_ONLY': '0', 'QT_X11_NO_MITSHM': '1', 'PATH': '/opt/ros/humble/bin:/usr/local/sbin:/usr/local/bin:/usr/sbin:/usr/bin:/sbin:/bin', 'DISPLAY': ':1', 'LANG': 'C.UTF-8', 'XAUTHORITY': '/tmp/.docker.xauth', 'AMENT_PREFIX_PATH': '/opt/ros/humble', 'PWD': '/workspace/mobile_control/build/mobile_control', 'LC_ALL': 'C.UTF-8', 'PYTHONPATH': '/workspace/mobile_control/build/mobile_control/prefix_override:/usr/lib/python3/dist-packages/colcon_core/task/python/colcon_distutils_commands:/workspace/mobile_control/install/mobile_control/lib/python3.10/site-packages:/opt/ros/humble/lib/python3.10/site-packages:/opt/ros/humble/local/lib/python3.10/dist-packages', 'COLCON': '1'}, 'shell': False}
[0.800946] (-) TimerEvent: {}
[0.901184] (-) TimerEvent: {}
[1.001422] (-) TimerEvent: {}
[1.099746] (mobile_control) StdoutLine: {'line': b'running develop\n'}
[1.101501] (-) TimerEvent: {}
[1.201665] (-) TimerEvent: {}
[1.301861] (-) TimerEvent: {}
[1.353973] (mobile_control) StdoutLine: {'line': b'running egg_info\n'}
[1.354268] (mobile_control) StdoutLine: {'line': b'writing mobile_control.egg-info/PKG-INFO\n'}
[1.354529] (mobile_control) StdoutLine: {'line': b'writing dependency_links to mobile_control.egg-info/dependency_links.txt\n'}
[1.354827] (mobile_control) StdoutLine: {'line': b'writing entry points to mobile_control.egg-info/entry_points.txt\n'}
[1.354926] (mobile_control) StdoutLine: {'line': b'writing requirements to mobile_control.egg-info/requires.txt\n'}
[1.355018] (mobile_control) StdoutLine: {'line': b'writing top-level names to mobile_control.egg-info/top_level.txt\n'}
[1.356681] (mobile_control) StdoutLine: {'line': b"reading manifest file 'mobile_control.egg-info/SOURCES.txt'\n"}
[1.357342] (mobile_control) StdoutLine: {'line': b"writing manifest file 'mobile_control.egg-info/SOURCES.txt'\n"}
[1.358856] (mobile_control) StdoutLine: {'line': b'running build_ext\n'}
[1.359085] (mobile_control) StdoutLine: {'line': b'Creating /workspace/mobile_control/install/mobile_control/lib/python3.10/site-packages/mobile-control.egg-link (link to .)\n'}
[1.360004] (mobile_control) StdoutLine: {'line': b'Installing robot_bridge script to /workspace/mobile_control/install/mobile_control/lib/mobile_control\n'}
[1.360444] (mobile_control) StdoutLine: {'line': b'\n'}
[1.360563] (mobile_control) StdoutLine: {'line': b'Installed /workspace/mobile_control/build/mobile_control\n'}
[1.360644] (mobile_control) StdoutLine: {'line': b'running symlink_data\n'}
[1.399465] (mobile_control) CommandEnded: {'returncode': 0}
[1.402010] (-) TimerEvent: {}
[1.414255] (mobile_control) JobEnded: {'identifier': 'mobile_control', 'rc': 0}
[1.415019] (-) EventReactorShutdown: {}
