[0.000000] (-) TimerEvent: {}
[0.000072] (parol6) JobQueued: {'identifier': 'parol6', 'dependencies': OrderedDict()}
[0.000242] (parol6_moveit_config) JobQueued: {'identifier': 'parol6_moveit_config', 'dependencies': OrderedDict([('parol6', '/workspace/install/parol6')])}
[0.000666] (parol6) JobStarted: {'identifier': 'parol6'}
[0.010580] (parol6) JobProgress: {'identifier': 'parol6', 'progress': 'cmake'}
[0.011070] (parol6) JobProgress: {'identifier': 'parol6', 'progress': 'build'}
[0.011774] (parol6) Command: {'cmd': ['/usr/bin/cmake', '--build', '/workspace/build/parol6', '--', '-j16', '-l16'], 'cwd': '/workspace/build/parol6', 'env': OrderedDict([('USER', 'developer'), ('HOSTNAME', 'a8e400d7f12d'), ('SHLVL', '0'), ('LD_LIBRARY_PATH', '/opt/ros/humble/opt/rviz_ogre_vendor/lib:/opt/ros/humble/lib/x86_64-linux-gnu:/opt/ros/humble/lib:/opt/mujoco-3.2.7/bin:'), ('HOME', '/home/developer'), ('OLDPWD', '/workspace'), ('ROS_PYTHON_VERSION', '3'), ('GROUP', 'developer'), ('ROS_DISTRO', 'humble'), ('_', '/usr/bin/colcon'), ('ROS_VERSION', '2'), ('ROS_LOCALHOST_ONLY', '0'), ('QT_X11_NO_MITSHM', '1'), ('PATH', '/opt/ros/humble/bin:/opt/mujoco-3.2.7/bin:/usr/local/sbin:/usr/local/bin:/usr/sbin:/usr/bin:/sbin:/bin'), ('MUJOCO_DIR', '/opt/mujoco-3.2.7'), ('DISPLAY', ':0'), ('LANG', 'C.UTF-8'), ('AMENT_PREFIX_PATH', '/opt/ros/humble'), ('WITHIN_DEV', '1'), ('PWD', '/workspace/build/parol6'), ('LC_ALL', 'C.UTF-8'), ('USER_WS', '/home/developer/ws'), ('PYTHONPATH', '/opt/ros/humble/lib/python3.10/site-packages:/opt/ros/humble/local/lib/python3.10/dist-packages'), ('COLCON', '1'), ('MUJOCO_VERSION', '3.2.7'), ('CMAKE_PREFIX_PATH', '/opt/ros/humble')]), 'shell': False}
[0.056780] (parol6) CommandEnded: {'returncode': 0}
[0.057300] (parol6) JobProgress: {'identifier': 'parol6', 'progress': 'install'}
[0.068103] (parol6) Command: {'cmd': ['/usr/bin/cmake', '--install', '/workspace/build/parol6'], 'cwd': '/workspace/build/parol6', 'env': OrderedDict([('USER', 'developer'), ('HOSTNAME', 'a8e400d7f12d'), ('SHLVL', '0'), ('LD_LIBRARY_PATH', '/opt/ros/humble/opt/rviz_ogre_vendor/lib:/opt/ros/humble/lib/x86_64-linux-gnu:/opt/ros/humble/lib:/opt/mujoco-3.2.7/bin:'), ('HOME', '/home/developer'), ('OLDPWD', '/workspace'), ('ROS_PYTHON_VERSION', '3'), ('GROUP', 'developer'), ('ROS_DISTRO', 'humble'), ('_', '/usr/bin/colcon'), ('ROS_VERSION', '2'), ('ROS_LOCALHOST_ONLY', '0'), ('QT_X11_NO_MITSHM', '1'), ('PATH', '/opt/ros/humble/bin:/opt/mujoco-3.2.7/bin:/usr/local/sbin:/usr/local/bin:/usr/sbin:/usr/bin:/sbin:/bin'), ('MUJOCO_DIR', '/opt/mujoco-3.2.7'), ('DISPLAY', ':0'), ('LANG', 'C.UTF-8'), ('AMENT_PREFIX_PATH', '/opt/ros/humble'), ('WITHIN_DEV', '1'), ('PWD', '/workspace/build/parol6'), ('LC_ALL', 'C.UTF-8'), ('USER_WS', '/home/developer/ws'), ('PYTHONPATH', '/opt/ros/humble/lib/python3.10/site-packages:/opt/ros/humble/local/lib/python3.10/dist-packages'), ('COLCON', '1'), ('MUJOCO_VERSION', '3.2.7'), ('CMAKE_PREFIX_PATH', '/opt/ros/humble')]), 'shell': False}
[0.081492] (parol6) StdoutLine: {'line': b'-- Install configuration: ""\n'}
[0.082058] (parol6) StdoutLine: {'line': b'-- Execute custom install script\n'}
[0.082464] (parol6) StdoutLine: {'line': b'-- Up-to-date symlink: /workspace/install/parol6/share/parol6/urdf/PAROL6.csv\n'}
[0.082559] (parol6) StdoutLine: {'line': b'-- Up-to-date symlink: /workspace/install/parol6/share/parol6/urdf/PAROL6.urdf\n'}
[0.083241] (parol6) StdoutLine: {'line': b'-- Up-to-date symlink: /workspace/install/parol6/share/parol6/launch/Movit_RViz_launch.py\n'}
[0.084763] (parol6) StdoutLine: {'line': b'-- Up-to-date symlink: /workspace/install/parol6/share/parol6/launch/display.launch.old\n'}
[0.084894] (parol6) StdoutLine: {'line': b'-- Up-to-date symlink: /workspace/install/parol6/share/parol6/launch/gazebo.launch.old\n'}
[0.084992] (parol6) StdoutLine: {'line': b'-- Up-to-date symlink: /workspace/install/parol6/share/parol6/launch/gazebo.launch.py\n'}
[0.085088] (parol6) StdoutLine: {'line': b'-- Up-to-date symlink: /workspace/install/parol6/share/parol6/meshes/L1.STL\n'}
[0.085189] (parol6) StdoutLine: {'line': b'-- Up-to-date symlink: /workspace/install/parol6/share/parol6/meshes/L2.STL\n'}
[0.085466] (parol6) StdoutLine: {'line': b'-- Up-to-date symlink: /workspace/install/parol6/share/parol6/meshes/L3.STL\n'}
[0.085556] (parol6) StdoutLine: {'line': b'-- Up-to-date symlink: /workspace/install/parol6/share/parol6/meshes/L4.STL\n'}
[0.085728] (parol6) StdoutLine: {'line': b'-- Up-to-date symlink: /workspace/install/parol6/share/parol6/meshes/L5.STL\n'}
[0.085885] (parol6) StdoutLine: {'line': b'-- Up-to-date symlink: /workspace/install/parol6/share/parol6/meshes/L6.STL\n'}
[0.085971] (parol6) StdoutLine: {'line': b'-- Up-to-date symlink: /workspace/install/parol6/share/parol6/meshes/base_link.STL\n'}
[0.086138] (parol6) StdoutLine: {'line': b'-- Up-to-date symlink: /workspace/install/parol6/share/parol6/config/joint_names_PAROL6.yaml\n'}
[0.086251] (parol6) StdoutLine: {'line': b'-- Up-to-date symlink: /workspace/install/parol6/share/parol6/config/joint_trajectroy_controller.yaml\n'}
[0.086440] (parol6) StdoutLine: {'line': b'-- Up-to-date symlink: /workspace/install/parol6/share/parol6/config/ros2_controllers.yaml\n'}
[0.086527] (parol6) StdoutLine: {'line': b'-- Up-to-date symlink: /workspace/install/parol6/share/ament_index/resource_index/package_run_dependencies/parol6\n'}
[0.086695] (parol6) StdoutLine: {'line': b'-- Up-to-date symlink: /workspace/install/parol6/share/ament_index/resource_index/parent_prefix_path/parol6\n'}
[0.086850] (parol6) StdoutLine: {'line': b'-- Up-to-date symlink: /workspace/install/parol6/share/parol6/environment/ament_prefix_path.sh\n'}
[0.086956] (parol6) StdoutLine: {'line': b'-- Up-to-date symlink: /workspace/install/parol6/share/parol6/environment/ament_prefix_path.dsv\n'}
[0.087174] (parol6) StdoutLine: {'line': b'-- Up-to-date symlink: /workspace/install/parol6/share/parol6/environment/path.sh\n'}
[0.087261] (parol6) StdoutLine: {'line': b'-- Up-to-date symlink: /workspace/install/parol6/share/parol6/environment/path.dsv\n'}
[0.087342] (parol6) StdoutLine: {'line': b'-- Up-to-date symlink: /workspace/install/parol6/share/parol6/local_setup.bash\n'}
[0.087424] (parol6) StdoutLine: {'line': b'-- Up-to-date symlink: /workspace/install/parol6/share/parol6/local_setup.sh\n'}
[0.087502] (parol6) StdoutLine: {'line': b'-- Up-to-date symlink: /workspace/install/parol6/share/parol6/local_setup.zsh\n'}
[0.087580] (parol6) StdoutLine: {'line': b'-- Up-to-date symlink: /workspace/install/parol6/share/parol6/local_setup.dsv\n'}
[0.087816] (parol6) StdoutLine: {'line': b'-- Symlinking: /workspace/install/parol6/share/parol6/package.dsv\n'}
[0.099831] (-) TimerEvent: {}
[0.101620] (parol6) StdoutLine: {'line': b'-- Up-to-date symlink: /workspace/install/parol6/share/ament_index/resource_index/packages/parol6\n'}
[0.102084] (parol6) StdoutLine: {'line': b'-- Up-to-date symlink: /workspace/install/parol6/share/parol6/cmake/parol6Config.cmake\n'}
[0.102191] (parol6) StdoutLine: {'line': b'-- Up-to-date symlink: /workspace/install/parol6/share/parol6/cmake/parol6Config-version.cmake\n'}
[0.102285] (parol6) StdoutLine: {'line': b'-- Up-to-date symlink: /workspace/install/parol6/share/parol6/package.xml\n'}
[0.104593] (parol6) CommandEnded: {'returncode': 0}
[0.151183] (parol6) JobEnded: {'identifier': 'parol6', 'rc': 0}
[0.152145] (parol6_moveit_config) JobStarted: {'identifier': 'parol6_moveit_config'}
[0.158749] (parol6_moveit_config) JobProgress: {'identifier': 'parol6_moveit_config', 'progress': 'cmake'}
[0.159307] (parol6_moveit_config) JobProgress: {'identifier': 'parol6_moveit_config', 'progress': 'build'}
[0.159541] (parol6_moveit_config) Command: {'cmd': ['/usr/bin/cmake', '--build', '/workspace/build/parol6_moveit_config', '--', '-j16', '-l16'], 'cwd': '/workspace/build/parol6_moveit_config', 'env': OrderedDict([('USER', 'developer'), ('HOSTNAME', 'a8e400d7f12d'), ('SHLVL', '0'), ('LD_LIBRARY_PATH', '/opt/ros/humble/opt/rviz_ogre_vendor/lib:/opt/ros/humble/lib/x86_64-linux-gnu:/opt/ros/humble/lib:/opt/mujoco-3.2.7/bin:'), ('HOME', '/home/developer'), ('OLDPWD', '/workspace'), ('ROS_PYTHON_VERSION', '3'), ('GROUP', 'developer'), ('ROS_DISTRO', 'humble'), ('_', '/usr/bin/colcon'), ('ROS_VERSION', '2'), ('ROS_LOCALHOST_ONLY', '0'), ('QT_X11_NO_MITSHM', '1'), ('PATH', '/opt/ros/humble/bin:/opt/mujoco-3.2.7/bin:/usr/local/sbin:/usr/local/bin:/usr/sbin:/usr/bin:/sbin:/bin'), ('MUJOCO_DIR', '/opt/mujoco-3.2.7'), ('DISPLAY', ':0'), ('LANG', 'C.UTF-8'), ('AMENT_PREFIX_PATH', '/workspace/install/parol6:/opt/ros/humble'), ('WITHIN_DEV', '1'), ('PWD', '/workspace/build/parol6_moveit_config'), ('LC_ALL', 'C.UTF-8'), ('USER_WS', '/home/developer/ws'), ('PYTHONPATH', '/opt/ros/humble/lib/python3.10/site-packages:/opt/ros/humble/local/lib/python3.10/dist-packages'), ('COLCON', '1'), ('MUJOCO_VERSION', '3.2.7'), ('CMAKE_PREFIX_PATH', '/workspace/install/parol6:/opt/ros/humble')]), 'shell': False}
[0.200149] (-) TimerEvent: {}
[0.212470] (parol6_moveit_config) CommandEnded: {'returncode': 0}
[0.213274] (parol6_moveit_config) JobProgress: {'identifier': 'parol6_moveit_config', 'progress': 'install'}
[0.213510] (parol6_moveit_config) Command: {'cmd': ['/usr/bin/cmake', '--install', '/workspace/build/parol6_moveit_config'], 'cwd': '/workspace/build/parol6_moveit_config', 'env': OrderedDict([('USER', 'developer'), ('HOSTNAME', 'a8e400d7f12d'), ('SHLVL', '0'), ('LD_LIBRARY_PATH', '/opt/ros/humble/opt/rviz_ogre_vendor/lib:/opt/ros/humble/lib/x86_64-linux-gnu:/opt/ros/humble/lib:/opt/mujoco-3.2.7/bin:'), ('HOME', '/home/developer'), ('OLDPWD', '/workspace'), ('ROS_PYTHON_VERSION', '3'), ('GROUP', 'developer'), ('ROS_DISTRO', 'humble'), ('_', '/usr/bin/colcon'), ('ROS_VERSION', '2'), ('ROS_LOCALHOST_ONLY', '0'), ('QT_X11_NO_MITSHM', '1'), ('PATH', '/opt/ros/humble/bin:/opt/mujoco-3.2.7/bin:/usr/local/sbin:/usr/local/bin:/usr/sbin:/usr/bin:/sbin:/bin'), ('MUJOCO_DIR', '/opt/mujoco-3.2.7'), ('DISPLAY', ':0'), ('LANG', 'C.UTF-8'), ('AMENT_PREFIX_PATH', '/workspace/install/parol6:/opt/ros/humble'), ('WITHIN_DEV', '1'), ('PWD', '/workspace/build/parol6_moveit_config'), ('LC_ALL', 'C.UTF-8'), ('USER_WS', '/home/developer/ws'), ('PYTHONPATH', '/opt/ros/humble/lib/python3.10/site-packages:/opt/ros/humble/local/lib/python3.10/dist-packages'), ('COLCON', '1'), ('MUJOCO_VERSION', '3.2.7'), ('CMAKE_PREFIX_PATH', '/workspace/install/parol6:/opt/ros/humble')]), 'shell': False}
[0.224953] (parol6_moveit_config) StdoutLine: {'line': b'-- Install configuration: ""\n'}
[0.225421] (parol6_moveit_config) StdoutLine: {'line': b'-- Execute custom install script\n'}
[0.225814] (parol6_moveit_config) StdoutLine: {'line': b'-- Up-to-date symlink: /workspace/install/parol6_moveit_config/share/parol6_moveit_config/config/joint_limits.yaml\n'}
[0.226254] (parol6_moveit_config) StdoutLine: {'line': b'-- Up-to-date symlink: /workspace/install/parol6_moveit_config/share/parol6_moveit_config/config/kinematics.yaml\n'}
[0.226338] (parol6_moveit_config) StdoutLine: {'line': b'-- Up-to-date symlink: /workspace/install/parol6_moveit_config/share/parol6_moveit_config/config/moveit_controllers.yaml\n'}
[0.226570] (parol6_moveit_config) StdoutLine: {'line': b'-- Up-to-date symlink: /workspace/install/parol6_moveit_config/share/parol6_moveit_config/config/ompl_planning.yaml\n'}
[0.226742] (parol6_moveit_config) StdoutLine: {'line': b'-- Up-to-date symlink: /workspace/install/parol6_moveit_config/share/parol6_moveit_config/config/parol6.srdf\n'}
[0.226927] (parol6_moveit_config) StdoutLine: {'line': b'-- Up-to-date symlink: /workspace/install/parol6_moveit_config/share/parol6_moveit_config/config/ros2_controllers.yaml\n'}
[0.227080] (parol6_moveit_config) StdoutLine: {'line': b'-- Up-to-date symlink: /workspace/install/parol6_moveit_config/share/parol6_moveit_config/launch/__pycache__/demo.launch.cpython-310.pyc\n'}
[0.227233] (parol6_moveit_config) StdoutLine: {'line': b'-- Up-to-date symlink: /workspace/install/parol6_moveit_config/share/parol6_moveit_config/launch/demo.launch.py\n'}
[0.227322] (parol6_moveit_config) StdoutLine: {'line': b'-- Up-to-date symlink: /workspace/install/parol6_moveit_config/share/parol6_moveit_config/launch/move_group.launch.py\n'}
[0.227475] (parol6_moveit_config) StdoutLine: {'line': b'-- Up-to-date symlink: /workspace/install/parol6_moveit_config/share/parol6_moveit_config/rviz/moveit.rviz\n'}
[0.227599] (parol6_moveit_config) StdoutLine: {'line': b'-- Up-to-date symlink: /workspace/install/parol6_moveit_config/share/ament_index/resource_index/package_run_dependencies/parol6_moveit_config\n'}
[0.227813] (parol6_moveit_config) StdoutLine: {'line': b'-- Up-to-date symlink: /workspace/install/parol6_moveit_config/share/ament_index/resource_index/parent_prefix_path/parol6_moveit_config\n'}
[0.227999] (parol6_moveit_config) StdoutLine: {'line': b'-- Up-to-date symlink: /workspace/install/parol6_moveit_config/share/parol6_moveit_config/environment/ament_prefix_path.sh\n'}
[0.228108] (parol6_moveit_config) StdoutLine: {'line': b'-- Up-to-date symlink: /workspace/install/parol6_moveit_config/share/parol6_moveit_config/environment/ament_prefix_path.dsv\n'}
[0.228286] (parol6_moveit_config) StdoutLine: {'line': b'-- Up-to-date symlink: /workspace/install/parol6_moveit_config/share/parol6_moveit_config/environment/path.sh\n'}
[0.228412] (parol6_moveit_config) StdoutLine: {'line': b'-- Up-to-date symlink: /workspace/install/parol6_moveit_config/share/parol6_moveit_config/environment/path.dsv\n'}
[0.228477] (parol6_moveit_config) StdoutLine: {'line': b'-- Up-to-date symlink: /workspace/install/parol6_moveit_config/share/parol6_moveit_config/local_setup.bash\n'}
[0.228537] (parol6_moveit_config) StdoutLine: {'line': b'-- Up-to-date symlink: /workspace/install/parol6_moveit_config/share/parol6_moveit_config/local_setup.sh\n'}
[0.228597] (parol6_moveit_config) StdoutLine: {'line': b'-- Up-to-date symlink: /workspace/install/parol6_moveit_config/share/parol6_moveit_config/local_setup.zsh\n'}
[0.228671] (parol6_moveit_config) StdoutLine: {'line': b'-- Up-to-date symlink: /workspace/install/parol6_moveit_config/share/parol6_moveit_config/local_setup.dsv\n'}
[0.228753] (parol6_moveit_config) StdoutLine: {'line': b'-- Symlinking: /workspace/install/parol6_moveit_config/share/parol6_moveit_config/package.dsv\n'}
[0.242340] (parol6_moveit_config) StdoutLine: {'line': b'-- Up-to-date symlink: /workspace/install/parol6_moveit_config/share/ament_index/resource_index/packages/parol6_moveit_config\n'}
[0.242565] (parol6_moveit_config) StdoutLine: {'line': b'-- Up-to-date symlink: /workspace/install/parol6_moveit_config/share/parol6_moveit_config/cmake/parol6_moveit_configConfig.cmake\n'}
[0.242778] (parol6_moveit_config) StdoutLine: {'line': b'-- Up-to-date symlink: /workspace/install/parol6_moveit_config/share/parol6_moveit_config/cmake/parol6_moveit_configConfig-version.cmake\n'}
[0.242891] (parol6_moveit_config) StdoutLine: {'line': b'-- Up-to-date symlink: /workspace/install/parol6_moveit_config/share/parol6_moveit_config/package.xml\n'}
[0.244825] (parol6_moveit_config) CommandEnded: {'returncode': 0}
[0.257314] (parol6_moveit_config) JobEnded: {'identifier': 'parol6_moveit_config', 'rc': 0}
[0.257986] (-) EventReactorShutdown: {}
