[0.000000] (-) TimerEvent: {}
[0.000070] (parol6) JobQueued: {'identifier': 'parol6', 'dependencies': OrderedDict()}
[0.000102] (parol6_moveit_config) JobQueued: {'identifier': 'parol6_moveit_config', 'dependencies': OrderedDict([('parol6', '/workspace/install/parol6')])}
[0.000131] (parol6) JobStarted: {'identifier': 'parol6'}
[0.014219] (parol6) JobProgress: {'identifier': 'parol6', 'progress': 'cmake'}
[0.015212] (parol6) JobProgress: {'identifier': 'parol6', 'progress': 'build'}
[0.015744] (parol6) Command: {'cmd': ['/usr/bin/cmake', '--build', '/workspace/build/parol6', '--', '-j16', '-l16'], 'cwd': '/workspace/build/parol6', 'env': OrderedDict([('HOSTNAME', 'Kareem-Legion5'), ('SHLVL', '0'), ('LD_LIBRARY_PATH', '/usr/lib/x86_64-linux-gnu/gazebo-11/plugins:/opt/ros/humble/opt/rviz_ogre_vendor/lib:/opt/ros/humble/lib/x86_64-linux-gnu:/opt/ros/humble/lib'), ('HOME', '/root'), ('OLDPWD', '/workspace'), ('ROS_PYTHON_VERSION', '3'), ('ROS_DISTRO', 'humble'), ('_', '/usr/bin/colcon'), ('ROS_VERSION', '2'), ('ROS_LOCALHOST_ONLY', '0'), ('QT_X11_NO_MITSHM', '1'), ('PATH', '/opt/ros/humble/bin:/usr/local/sbin:/usr/local/bin:/usr/sbin:/usr/bin:/sbin:/bin'), ('DISPLAY', ':1'), ('LANG', 'C.UTF-8'), ('XAUTHORITY', '/tmp/.docker.xauth'), ('AMENT_PREFIX_PATH', '/opt/ros/humble'), ('PWD', '/workspace/build/parol6'), ('LC_ALL', 'C.UTF-8'), ('PYTHONPATH', '/opt/ros/humble/lib/python3.10/site-packages:/opt/ros/humble/local/lib/python3.10/dist-packages'), ('COLCON', '1'), ('CMAKE_PREFIX_PATH', '/opt/ros/humble')]), 'shell': False}
[0.099302] (-) TimerEvent: {}
[0.140589] (parol6) CommandEnded: {'returncode': 0}
[0.141933] (parol6) JobProgress: {'identifier': 'parol6', 'progress': 'install'}
[0.149783] (parol6) Command: {'cmd': ['/usr/bin/cmake', '--install', '/workspace/build/parol6'], 'cwd': '/workspace/build/parol6', 'env': OrderedDict([('HOSTNAME', 'Kareem-Legion5'), ('SHLVL', '0'), ('LD_LIBRARY_PATH', '/usr/lib/x86_64-linux-gnu/gazebo-11/plugins:/opt/ros/humble/opt/rviz_ogre_vendor/lib:/opt/ros/humble/lib/x86_64-linux-gnu:/opt/ros/humble/lib'), ('HOME', '/root'), ('OLDPWD', '/workspace'), ('ROS_PYTHON_VERSION', '3'), ('ROS_DISTRO', 'humble'), ('_', '/usr/bin/colcon'), ('ROS_VERSION', '2'), ('ROS_LOCALHOST_ONLY', '0'), ('QT_X11_NO_MITSHM', '1'), ('PATH', '/opt/ros/humble/bin:/usr/local/sbin:/usr/local/bin:/usr/sbin:/usr/bin:/sbin:/bin'), ('DISPLAY', ':1'), ('LANG', 'C.UTF-8'), ('XAUTHORITY', '/tmp/.docker.xauth'), ('AMENT_PREFIX_PATH', '/opt/ros/humble'), ('PWD', '/workspace/build/parol6'), ('LC_ALL', 'C.UTF-8'), ('PYTHONPATH', '/opt/ros/humble/lib/python3.10/site-packages:/opt/ros/humble/local/lib/python3.10/dist-packages'), ('COLCON', '1'), ('CMAKE_PREFIX_PATH', '/opt/ros/humble')]), 'shell': False}
[0.158000] (parol6) StdoutLine: {'line': b'-- Install configuration: ""\n'}
[0.158934] (parol6) StdoutLine: {'line': b'-- Execute custom install script\n'}
[0.159742] (parol6) StdoutLine: {'line': b'-- Up-to-date symlink: /workspace/install/parol6/share/parol6/urdf/PAROL6.csv\n'}
[0.160002] (parol6) StdoutLine: {'line': b'-- Up-to-date symlink: /workspace/install/parol6/share/parol6/urdf/PAROL6.urdf\n'}
[0.160138] (parol6) StdoutLine: {'line': b'-- Up-to-date symlink: /workspace/install/parol6/share/parol6/urdf/PAROL6_gazebo.urdf\n'}
[0.160327] (parol6) StdoutLine: {'line': b'-- Up-to-date symlink: /workspace/install/parol6/share/parol6/urdf/PAROL6_ignition.urdf\n'}
[0.160401] (parol6) StdoutLine: {'line': b'-- Up-to-date symlink: /workspace/install/parol6/share/parol6/launch/Movit_RViz_launch.py\n'}
[0.160497] (parol6) StdoutLine: {'line': b'-- Up-to-date symlink: /workspace/install/parol6/share/parol6/launch/display.launch.old\n'}
[0.160595] (parol6) StdoutLine: {'line': b'-- Up-to-date symlink: /workspace/install/parol6/share/parol6/launch/gazebo.launch.old\n'}
[0.160659] (parol6) StdoutLine: {'line': b'-- Up-to-date symlink: /workspace/install/parol6/share/parol6/launch/gazebo.launch.py\n'}
[0.160783] (parol6) StdoutLine: {'line': b'-- Up-to-date symlink: /workspace/install/parol6/share/parol6/launch/gazebo_classic.launch.py\n'}
[0.160857] (parol6) StdoutLine: {'line': b'-- Up-to-date symlink: /workspace/install/parol6/share/parol6/launch/ignition.launch.py\n'}
[0.161021] (parol6) StdoutLine: {'line': b'-- Up-to-date symlink: /workspace/install/parol6/share/parol6/meshes/L1.STL\n'}
[0.161144] (parol6) StdoutLine: {'line': b'-- Up-to-date symlink: /workspace/install/parol6/share/parol6/meshes/L2.STL\n'}
[0.161333] (parol6) StdoutLine: {'line': b'-- Up-to-date symlink: /workspace/install/parol6/share/parol6/meshes/L3.STL\n'}
[0.161394] (parol6) StdoutLine: {'line': b'-- Up-to-date symlink: /workspace/install/parol6/share/parol6/meshes/L4.STL\n'}
[0.161495] (parol6) StdoutLine: {'line': b'-- Up-to-date symlink: /workspace/install/parol6/share/parol6/meshes/L5.STL\n'}
[0.161555] (parol6) StdoutLine: {'line': b'-- Up-to-date symlink: /workspace/install/parol6/share/parol6/meshes/L6.STL\n'}
[0.161706] (parol6) StdoutLine: {'line': b'-- Up-to-date symlink: /workspace/install/parol6/share/parol6/meshes/base_link.STL\n'}
[0.161775] (parol6) StdoutLine: {'line': b'-- Up-to-date symlink: /workspace/install/parol6/share/parol6/config/joint_names_PAROL6.yaml\n'}
[0.161891] (parol6) StdoutLine: {'line': b'-- Up-to-date symlink: /workspace/install/parol6/share/parol6/config/joint_trajectroy_controller.yaml\n'}
[0.161958] (parol6) StdoutLine: {'line': b'-- Up-to-date symlink: /workspace/install/parol6/share/parol6/config/ros2_controllers.yaml\n'}
[0.162057] (parol6) StdoutLine: {'line': b'-- Up-to-date symlink: /workspace/install/parol6/share/ament_index/resource_index/package_run_dependencies/parol6\n'}
[0.162243] (parol6) StdoutLine: {'line': b'-- Up-to-date symlink: /workspace/install/parol6/share/ament_index/resource_index/parent_prefix_path/parol6\n'}
[0.162396] (parol6) StdoutLine: {'line': b'-- Up-to-date symlink: /workspace/install/parol6/share/parol6/environment/ament_prefix_path.sh\n'}
[0.162593] (parol6) StdoutLine: {'line': b'-- Up-to-date symlink: /workspace/install/parol6/share/parol6/environment/ament_prefix_path.dsv\n'}
[0.162718] (parol6) StdoutLine: {'line': b'-- Up-to-date symlink: /workspace/install/parol6/share/parol6/environment/path.sh\n'}
[0.162930] (parol6) StdoutLine: {'line': b'-- Up-to-date symlink: /workspace/install/parol6/share/parol6/environment/path.dsv\n'}
[0.163131] (parol6) StdoutLine: {'line': b'-- Up-to-date symlink: /workspace/install/parol6/share/parol6/local_setup.bash\n'}
[0.163324] (parol6) StdoutLine: {'line': b'-- Up-to-date symlink: /workspace/install/parol6/share/parol6/local_setup.sh\n'}
[0.163518] (parol6) StdoutLine: {'line': b'-- Up-to-date symlink: /workspace/install/parol6/share/parol6/local_setup.zsh\n'}
[0.163714] (parol6) StdoutLine: {'line': b'-- Up-to-date symlink: /workspace/install/parol6/share/parol6/local_setup.dsv\n'}
[0.163827] (parol6) StdoutLine: {'line': b'-- Symlinking: /workspace/install/parol6/share/parol6/package.dsv\n'}
[0.173621] (parol6) StdoutLine: {'line': b'-- Up-to-date symlink: /workspace/install/parol6/share/ament_index/resource_index/packages/parol6\n'}
[0.173854] (parol6) StdoutLine: {'line': b'-- Up-to-date symlink: /workspace/install/parol6/share/parol6/cmake/parol6Config.cmake\n'}
[0.173999] (parol6) StdoutLine: {'line': b'-- Up-to-date symlink: /workspace/install/parol6/share/parol6/cmake/parol6Config-version.cmake\n'}
[0.174130] (parol6) StdoutLine: {'line': b'-- Up-to-date symlink: /workspace/install/parol6/share/parol6/package.xml\n'}
[0.175632] (parol6) CommandEnded: {'returncode': 0}
[0.199341] (parol6) JobEnded: {'identifier': 'parol6', 'rc': 0}
[0.200498] (-) TimerEvent: {}
[0.200535] (parol6_moveit_config) JobStarted: {'identifier': 'parol6_moveit_config'}
[0.206637] (parol6_moveit_config) JobProgress: {'identifier': 'parol6_moveit_config', 'progress': 'cmake'}
[0.207716] (parol6_moveit_config) JobProgress: {'identifier': 'parol6_moveit_config', 'progress': 'build'}
[0.207950] (parol6_moveit_config) Command: {'cmd': ['/usr/bin/cmake', '--build', '/workspace/build/parol6_moveit_config', '--', '-j16', '-l16'], 'cwd': '/workspace/build/parol6_moveit_config', 'env': OrderedDict([('HOSTNAME', 'Kareem-Legion5'), ('SHLVL', '0'), ('LD_LIBRARY_PATH', '/usr/lib/x86_64-linux-gnu/gazebo-11/plugins:/opt/ros/humble/opt/rviz_ogre_vendor/lib:/opt/ros/humble/lib/x86_64-linux-gnu:/opt/ros/humble/lib'), ('HOME', '/root'), ('OLDPWD', '/workspace'), ('ROS_PYTHON_VERSION', '3'), ('ROS_DISTRO', 'humble'), ('_', '/usr/bin/colcon'), ('ROS_VERSION', '2'), ('ROS_LOCALHOST_ONLY', '0'), ('QT_X11_NO_MITSHM', '1'), ('PATH', '/opt/ros/humble/bin:/usr/local/sbin:/usr/local/bin:/usr/sbin:/usr/bin:/sbin:/bin'), ('DISPLAY', ':1'), ('LANG', 'C.UTF-8'), ('XAUTHORITY', '/tmp/.docker.xauth'), ('AMENT_PREFIX_PATH', '/workspace/install/parol6:/opt/ros/humble'), ('PWD', '/workspace/build/parol6_moveit_config'), ('LC_ALL', 'C.UTF-8'), ('PYTHONPATH', '/opt/ros/humble/lib/python3.10/site-packages:/opt/ros/humble/local/lib/python3.10/dist-packages'), ('COLCON', '1'), ('CMAKE_PREFIX_PATH', '/workspace/install/parol6:/opt/ros/humble')]), 'shell': False}
[0.246451] (parol6_moveit_config) CommandEnded: {'returncode': 0}
[0.247464] (parol6_moveit_config) JobProgress: {'identifier': 'parol6_moveit_config', 'progress': 'install'}
[0.247715] (parol6_moveit_config) Command: {'cmd': ['/usr/bin/cmake', '--install', '/workspace/build/parol6_moveit_config'], 'cwd': '/workspace/build/parol6_moveit_config', 'env': OrderedDict([('HOSTNAME', 'Kareem-Legion5'), ('SHLVL', '0'), ('LD_LIBRARY_PATH', '/usr/lib/x86_64-linux-gnu/gazebo-11/plugins:/opt/ros/humble/opt/rviz_ogre_vendor/lib:/opt/ros/humble/lib/x86_64-linux-gnu:/opt/ros/humble/lib'), ('HOME', '/root'), ('OLDPWD', '/workspace'), ('ROS_PYTHON_VERSION', '3'), ('ROS_DISTRO', 'humble'), ('_', '/usr/bin/colcon'), ('ROS_VERSION', '2'), ('ROS_LOCALHOST_ONLY', '0'), ('QT_X11_NO_MITSHM', '1'), ('PATH', '/opt/ros/humble/bin:/usr/local/sbin:/usr/local/bin:/usr/sbin:/usr/bin:/sbin:/bin'), ('DISPLAY', ':1'), ('LANG', 'C.UTF-8'), ('XAUTHORITY', '/tmp/.docker.xauth'), ('AMENT_PREFIX_PATH', '/workspace/install/parol6:/opt/ros/humble'), ('PWD', '/workspace/build/parol6_moveit_config'), ('LC_ALL', 'C.UTF-8'), ('PYTHONPATH', '/opt/ros/humble/lib/python3.10/site-packages:/opt/ros/humble/local/lib/python3.10/dist-packages'), ('COLCON', '1'), ('CMAKE_PREFIX_PATH', '/workspace/install/parol6:/opt/ros/humble')]), 'shell': False}
[0.300647] (-) TimerEvent: {}
[0.324242] (parol6_moveit_config) StdoutLine: {'line': b'-- Install configuration: ""\n'}
[0.325170] (parol6_moveit_config) StdoutLine: {'line': b'-- Execute custom install script\n'}
[0.325494] (parol6_moveit_config) StdoutLine: {'line': b'-- Up-to-date symlink: /workspace/install/parol6_moveit_config/share/parol6_moveit_config/config/joint_limits.yaml\n'}
[0.325649] (parol6_moveit_config) StdoutLine: {'line': b'-- Up-to-date symlink: /workspace/install/parol6_moveit_config/share/parol6_moveit_config/config/kinematics.yaml\n'}
[0.326458] (parol6_moveit_config) StdoutLine: {'line': b'-- Up-to-date symlink: /workspace/install/parol6_moveit_config/share/parol6_moveit_config/config/moveit_controllers.yaml\n'}
[0.326765] (parol6_moveit_config) StdoutLine: {'line': b'-- Up-to-date symlink: /workspace/install/parol6_moveit_config/share/parol6_moveit_config/config/ompl_planning.yaml\n'}
[0.326860] (parol6_moveit_config) StdoutLine: {'line': b'-- Up-to-date symlink: /workspace/install/parol6_moveit_config/share/parol6_moveit_config/config/parol6.srdf\n'}
[0.327009] (parol6_moveit_config) StdoutLine: {'line': b'-- Up-to-date symlink: /workspace/install/parol6_moveit_config/share/parol6_moveit_config/config/ros2_controllers.yaml\n'}
[0.329151] (parol6_moveit_config) StdoutLine: {'line': b'-- Up-to-date symlink: /workspace/install/parol6_moveit_config/share/parol6_moveit_config/launch/__pycache__/demo.launch.cpython-310.pyc\n'}
[0.329655] (parol6_moveit_config) StdoutLine: {'line': b'-- Up-to-date symlink: /workspace/install/parol6_moveit_config/share/parol6_moveit_config/launch/demo.launch.py\n'}
[0.329736] (parol6_moveit_config) StdoutLine: {'line': b'-- Up-to-date symlink: /workspace/install/parol6_moveit_config/share/parol6_moveit_config/launch/move_group.launch.py\n'}
[0.329896] (parol6_moveit_config) StdoutLine: {'line': b'-- Up-to-date symlink: /workspace/install/parol6_moveit_config/share/parol6_moveit_config/rviz/moveit.rviz\n'}
[0.330332] (parol6_moveit_config) StdoutLine: {'line': b'-- Up-to-date symlink: /workspace/install/parol6_moveit_config/share/ament_index/resource_index/package_run_dependencies/parol6_moveit_config\n'}
[0.330678] (parol6_moveit_config) StdoutLine: {'line': b'-- Up-to-date symlink: /workspace/install/parol6_moveit_config/share/ament_index/resource_index/parent_prefix_path/parol6_moveit_config\n'}
[0.330975] (parol6_moveit_config) StdoutLine: {'line': b'-- Up-to-date symlink: /workspace/install/parol6_moveit_config/share/parol6_moveit_config/environment/ament_prefix_path.sh\n'}
[0.331250] (parol6_moveit_config) StdoutLine: {'line': b'-- Up-to-date symlink: /workspace/install/parol6_moveit_config/share/parol6_moveit_config/environment/ament_prefix_path.dsv\n'}
[0.331478] (parol6_moveit_config) StdoutLine: {'line': b'-- Up-to-date symlink: /workspace/install/parol6_moveit_config/share/parol6_moveit_config/environment/path.sh\n'}
[0.331844] (parol6_moveit_config) StdoutLine: {'line': b'-- Up-to-date symlink: /workspace/install/parol6_moveit_config/share/parol6_moveit_config/environment/path.dsv\n'}
[0.332157] (parol6_moveit_config) StdoutLine: {'line': b'-- Up-to-date symlink: /workspace/install/parol6_moveit_config/share/parol6_moveit_config/local_setup.bash\n'}
[0.332242] (parol6_moveit_config) StdoutLine: {'line': b'-- Up-to-date symlink: /workspace/install/parol6_moveit_config/share/parol6_moveit_config/local_setup.sh\n'}
[0.332592] (parol6_moveit_config) StdoutLine: {'line': b'-- Up-to-date symlink: /workspace/install/parol6_moveit_config/share/parol6_moveit_config/local_setup.zsh\n'}
[0.332673] (parol6_moveit_config) StdoutLine: {'line': b'-- Up-to-date symlink: /workspace/install/parol6_moveit_config/share/parol6_moveit_config/local_setup.dsv\n'}
[0.332836] (parol6_moveit_config) StdoutLine: {'line': b'-- Symlinking: /workspace/install/parol6_moveit_config/share/parol6_moveit_config/package.dsv\n'}
[0.341999] (parol6_moveit_config) StdoutLine: {'line': b'-- Up-to-date symlink: /workspace/install/parol6_moveit_config/share/ament_index/resource_index/packages/parol6_moveit_config\n'}
[0.342301] (parol6_moveit_config) StdoutLine: {'line': b'-- Up-to-date symlink: /workspace/install/parol6_moveit_config/share/parol6_moveit_config/cmake/parol6_moveit_configConfig.cmake\n'}
[0.342467] (parol6_moveit_config) StdoutLine: {'line': b'-- Up-to-date symlink: /workspace/install/parol6_moveit_config/share/parol6_moveit_config/cmake/parol6_moveit_configConfig-version.cmake\n'}
[0.342607] (parol6_moveit_config) StdoutLine: {'line': b'-- Up-to-date symlink: /workspace/install/parol6_moveit_config/share/parol6_moveit_config/package.xml\n'}
[0.344293] (parol6_moveit_config) CommandEnded: {'returncode': 0}
[0.359858] (parol6_moveit_config) JobEnded: {'identifier': 'parol6_moveit_config', 'rc': 0}
[0.360483] (-) EventReactorShutdown: {}
