running develop
running egg_info
creating mobile_control.egg-info
writing mobile_control.egg-info/PKG-INFO
writing dependency_links to mobile_control.egg-info/dependency_links.txt
writing entry points to mobile_control.egg-info/entry_points.txt
writing requirements to mobile_control.egg-info/requires.txt
writing top-level names to mobile_control.egg-info/top_level.txt
writing manifest file 'mobile_control.egg-info/SOURCES.txt'
reading manifest file 'mobile_control.egg-info/SOURCES.txt'
writing manifest file 'mobile_control.egg-info/SOURCES.txt'
running build_ext
Creating /workspace/mobile_control/install/mobile_control/lib/python3.10/site-packages/mobile-control.egg-link (link to .)
Installing robot_bridge script to /workspace/mobile_control/install/mobile_control/lib/mobile_control

Installed /workspace/mobile_control/build/mobile_control
running symlink_data
creating /workspace/mobile_control/install/mobile_control/share/ament_index
creating /workspace/mobile_control/install/mobile_control/share/ament_index/resource_index
creating /workspace/mobile_control/install/mobile_control/share/ament_index/resource_index/packages
symbolically linking /workspace/mobile_control/build/mobile_control/resource/mobile_control -> /workspace/mobile_control/install/mobile_control/share/ament_index/resource_index/packages
symbolically linking /workspace/mobile_control/build/mobile_control/package.xml -> /workspace/mobile_control/install/mobile_control/share/mobile_control
creating /workspace/mobile_control/install/mobile_control/share/mobile_control/launch
