[0.013s] Invoking command in '/workspace/build/parol6': CMAKE_PREFIX_PATH=/opt/ros/humble /usr/bin/cmake /workspace/PAROL6 -DCMAKE_C_COMPILER_LAUNCHER=ccache -DCMAKE_CXX_COMPILER_LAUNCHER=ccache -DAMENT_CMAKE_SYMLINK_INSTALL=1 -DCMAKE_INSTALL_PREFIX=/workspace/install/parol6
[0.026s] -- Found ament_cmake: 1.3.11 (/opt/ros/humble/share/ament_cmake/cmake)
[0.136s] -- Override CMake install command with custom implementation using symlinks instead of copying resources
[0.221s] -- Configuring done
[0.226s] -- Generating done
[0.228s] -- Build files have been written to: /workspace/build/parol6
[0.235s] Invoked command in '/workspace/build/parol6' returned '0': CMAKE_PREFIX_PATH=/opt/ros/humble /usr/bin/cmake /workspace/PAROL6 -DCMAKE_C_COMPILER_LAUNCHER=ccache -DCMAKE_CXX_COMPILER_LAUNCHER=ccache -DAMENT_CMAKE_SYMLINK_INSTALL=1 -DCMAKE_INSTALL_PREFIX=/workspace/install/parol6
[0.236s] Invoking command in '/workspace/build/parol6': CMAKE_PREFIX_PATH=/opt/ros/humble /usr/bin/cmake --build /workspace/build/parol6 -- -j16 -l16
[0.287s] Invoked command in '/workspace/build/parol6' returned '0': CMAKE_PREFIX_PATH=/opt/ros/humble /usr/bin/cmake --build /workspace/build/parol6 -- -j16 -l16
[0.300s] Invoking command in '/workspace/build/parol6': CMAKE_PREFIX_PATH=/opt/ros/humble /usr/bin/cmake --install /workspace/build/parol6
[0.311s] -- Install configuration: ""
[0.311s] -- Execute custom install script
[0.312s] -- Symlinking: /workspace/install/parol6/share/parol6/urdf/PAROL6.csv
[0.325s] -- Symlinking: /workspace/install/parol6/share/parol6/urdf/PAROL6.urdf
[0.340s] -- Symlinking: /workspace/install/parol6/share/parol6/launch/Movit_RViz_launch.py
[0.353s] -- Symlinking: /workspace/install/parol6/share/parol6/launch/display.launch.old
[0.365s] -- Symlinking: /workspace/install/parol6/share/parol6/launch/gazebo.launch.old
[0.376s] -- Symlinking: /workspace/install/parol6/share/parol6/launch/gazebo.launch.py
[0.388s] -- Symlinking: /workspace/install/parol6/share/parol6/meshes/L1.STL
[0.398s] -- Symlinking: /workspace/install/parol6/share/parol6/meshes/L2.STL
[0.410s] -- Symlinking: /workspace/install/parol6/share/parol6/meshes/L3.STL
[0.422s] -- Symlinking: /workspace/install/parol6/share/parol6/meshes/L4.STL
[0.434s] -- Symlinking: /workspace/install/parol6/share/parol6/meshes/L5.STL
[0.447s] -- Symlinking: /workspace/install/parol6/share/parol6/meshes/L6.STL
[0.458s] -- Symlinking: /workspace/install/parol6/share/parol6/meshes/base_link.STL
[0.469s] -- Symlinking: /workspace/install/parol6/share/parol6/config/joint_names_PAROL6.yaml
[0.479s] -- Symlinking: /workspace/install/parol6/share/parol6/config/joint_trajectroy_controller.yaml
[0.489s] -- Symlinking: /workspace/install/parol6/share/parol6/config/ros2_controllers.yaml
[0.500s] -- Symlinking: /workspace/install/parol6/share/ament_index/resource_index/package_run_dependencies/parol6
[0.510s] -- Symlinking: /workspace/install/parol6/share/ament_index/resource_index/parent_prefix_path/parol6
[0.521s] -- Symlinking: /workspace/install/parol6/share/parol6/environment/ament_prefix_path.sh
[0.531s] -- Symlinking: /workspace/install/parol6/share/parol6/environment/ament_prefix_path.dsv
[0.543s] -- Symlinking: /workspace/install/parol6/share/parol6/environment/path.sh
[0.553s] -- Symlinking: /workspace/install/parol6/share/parol6/environment/path.dsv
[0.565s] -- Symlinking: /workspace/install/parol6/share/parol6/local_setup.bash
[0.576s] -- Symlinking: /workspace/install/parol6/share/parol6/local_setup.sh
[0.587s] -- Symlinking: /workspace/install/parol6/share/parol6/local_setup.zsh
[0.598s] -- Symlinking: /workspace/install/parol6/share/parol6/local_setup.dsv
[0.608s] -- Symlinking: /workspace/install/parol6/share/parol6/package.dsv
[0.619s] -- Symlinking: /workspace/install/parol6/share/ament_index/resource_index/packages/parol6
[0.629s] -- Symlinking: /workspace/install/parol6/share/parol6/cmake/parol6Config.cmake
[0.640s] -- Symlinking: /workspace/install/parol6/share/parol6/cmake/parol6Config-version.cmake
[0.651s] -- Symlinking: /workspace/install/parol6/share/parol6/package.xml
[0.666s] Invoked command in '/workspace/build/parol6' returned '0': CMAKE_PREFIX_PATH=/opt/ros/humble /usr/bin/cmake --install /workspace/build/parol6
