[0.009s] Invoking command in '/workspace/build/parol6_moveit_config': AMENT_PREFIX_PATH=/workspace/install/parol6:${AMENT_PREFIX_PATH} CMAKE_PREFIX_PATH=/workspace/install/parol6:/opt/ros/humble /usr/bin/cmake /workspace/parol6_moveit_config -DAMENT_CMAKE_SYMLINK_INSTALL=1 -DCMAKE_INSTALL_PREFIX=/workspace/install/parol6_moveit_config
[0.078s] -- The C compiler identification is GNU 11.4.0
[0.154s] -- The CXX compiler identification is GNU 11.4.0
[0.164s] -- Detecting C compiler ABI info
[0.253s] -- Detecting C compiler ABI info - done
[0.261s] -- Check for working C compiler: /usr/bin/cc - skipped
[0.261s] -- Detecting C compile features
[0.261s] -- Detecting C compile features - done
[0.265s] -- Detecting CXX compiler ABI info
[0.361s] -- Detecting CXX compiler ABI info - done
[0.370s] -- Check for working CXX compiler: /usr/bin/c++ - skipped
[0.370s] -- Detecting CXX compile features
[0.370s] -- Detecting CXX compile features - done
[0.377s] -- Found ament_cmake: 1.3.11 (/opt/ros/humble/share/ament_cmake/cmake)
[0.555s] -- Found Python3: /usr/bin/python3 (found version "3.10.12") found components: Interpreter 
[0.629s] -- Override CMake install command with custom implementation using symlinks instead of copying resources
[0.776s] -- Configuring done
[0.779s] -- Generating done
[0.782s] -- Build files have been written to: /workspace/build/parol6_moveit_config
[0.790s] Invoked command in '/workspace/build/parol6_moveit_config' returned '0': AMENT_PREFIX_PATH=/workspace/install/parol6:${AMENT_PREFIX_PATH} CMAKE_PREFIX_PATH=/workspace/install/parol6:/opt/ros/humble /usr/bin/cmake /workspace/parol6_moveit_config -DAMENT_CMAKE_SYMLINK_INSTALL=1 -DCMAKE_INSTALL_PREFIX=/workspace/install/parol6_moveit_config
[0.791s] Invoking command in '/workspace/build/parol6_moveit_config': AMENT_PREFIX_PATH=/workspace/install/parol6:${AMENT_PREFIX_PATH} CMAKE_PREFIX_PATH=/workspace/install/parol6:/opt/ros/humble /usr/bin/cmake --build /workspace/build/parol6_moveit_config -- -j16 -l16
[0.842s] Invoked command in '/workspace/build/parol6_moveit_config' returned '0': AMENT_PREFIX_PATH=/workspace/install/parol6:${AMENT_PREFIX_PATH} CMAKE_PREFIX_PATH=/workspace/install/parol6:/opt/ros/humble /usr/bin/cmake --build /workspace/build/parol6_moveit_config -- -j16 -l16
[0.844s] Invoking command in '/workspace/build/parol6_moveit_config': AMENT_PREFIX_PATH=/workspace/install/parol6:${AMENT_PREFIX_PATH} CMAKE_PREFIX_PATH=/workspace/install/parol6:/opt/ros/humble /usr/bin/cmake --install /workspace/build/parol6_moveit_config
[0.853s] -- Install configuration: ""
[0.853s] -- Execute custom install script
[0.854s] -- Symlinking: /workspace/install/parol6_moveit_config/share/parol6_moveit_config/config/joint_limits.yaml
[0.866s] -- Symlinking: /workspace/install/parol6_moveit_config/share/parol6_moveit_config/config/kinematics.yaml
[0.877s] -- Symlinking: /workspace/install/parol6_moveit_config/share/parol6_moveit_config/config/moveit_controllers.yaml
[0.889s] -- Symlinking: /workspace/install/parol6_moveit_config/share/parol6_moveit_config/config/ompl_planning.yaml
[0.901s] -- Symlinking: /workspace/install/parol6_moveit_config/share/parol6_moveit_config/config/parol6.srdf
[0.912s] -- Symlinking: /workspace/install/parol6_moveit_config/share/parol6_moveit_config/config/ros2_controllers.yaml
[0.925s] -- Symlinking: /workspace/install/parol6_moveit_config/share/parol6_moveit_config/launch/__pycache__/demo.launch.cpython-310.pyc
[0.937s] -- Symlinking: /workspace/install/parol6_moveit_config/share/parol6_moveit_config/launch/demo.launch.py
[0.949s] -- Symlinking: /workspace/install/parol6_moveit_config/share/parol6_moveit_config/launch/move_group.launch.py
[0.961s] -- Symlinking: /workspace/install/parol6_moveit_config/share/parol6_moveit_config/rviz/moveit.rviz
[0.973s] -- Symlinking: /workspace/install/parol6_moveit_config/share/ament_index/resource_index/package_run_dependencies/parol6_moveit_config
[0.986s] -- Symlinking: /workspace/install/parol6_moveit_config/share/ament_index/resource_index/parent_prefix_path/parol6_moveit_config
[0.998s] -- Symlinking: /workspace/install/parol6_moveit_config/share/parol6_moveit_config/environment/ament_prefix_path.sh
[1.010s] -- Symlinking: /workspace/install/parol6_moveit_config/share/parol6_moveit_config/environment/ament_prefix_path.dsv
[1.023s] -- Symlinking: /workspace/install/parol6_moveit_config/share/parol6_moveit_config/environment/path.sh
[1.035s] -- Symlinking: /workspace/install/parol6_moveit_config/share/parol6_moveit_config/environment/path.dsv
[1.047s] -- Symlinking: /workspace/install/parol6_moveit_config/share/parol6_moveit_config/local_setup.bash
[1.059s] -- Symlinking: /workspace/install/parol6_moveit_config/share/parol6_moveit_config/local_setup.sh
[1.071s] -- Symlinking: /workspace/install/parol6_moveit_config/share/parol6_moveit_config/local_setup.zsh
[1.083s] -- Symlinking: /workspace/install/parol6_moveit_config/share/parol6_moveit_config/local_setup.dsv
[1.095s] -- Symlinking: /workspace/install/parol6_moveit_config/share/parol6_moveit_config/package.dsv
[1.107s] -- Symlinking: /workspace/install/parol6_moveit_config/share/ament_index/resource_index/packages/parol6_moveit_config
[1.120s] -- Symlinking: /workspace/install/parol6_moveit_config/share/parol6_moveit_config/cmake/parol6_moveit_configConfig.cmake
[1.131s] -- Symlinking: /workspace/install/parol6_moveit_config/share/parol6_moveit_config/cmake/parol6_moveit_configConfig-version.cmake
[1.143s] -- Symlinking: /workspace/install/parol6_moveit_config/share/parol6_moveit_config/package.xml
[1.158s] Invoked command in '/workspace/build/parol6_moveit_config' returned '0': AMENT_PREFIX_PATH=/workspace/install/parol6:${AMENT_PREFIX_PATH} CMAKE_PREFIX_PATH=/workspace/install/parol6:/opt/ros/humble /usr/bin/cmake --install /workspace/build/parol6_moveit_config
