[0.000000] (-) TimerEvent: {}
[0.000104] (parol6) JobQueued: {'identifier': 'parol6', 'dependencies': OrderedDict()}
[0.000160] (parol6_moveit_config) JobQueued: {'identifier': 'parol6_moveit_config', 'dependencies': OrderedDict([('parol6', '/workspace/install/parol6')])}
[0.000197] (parol6) JobStarted: {'identifier': 'parol6'}
[0.019737] (parol6) JobProgress: {'identifier': 'parol6', 'progress': 'cmake'}
[0.020907] (parol6) JobProgress: {'identifier': 'parol6', 'progress': 'build'}
[0.021769] (parol6) Command: {'cmd': ['/usr/bin/cmake', '--build', '/workspace/build/parol6', '--', '-j16', '-l16'], 'cwd': '/workspace/build/parol6', 'env': OrderedDict([('HOSTNAME', 'c6a999e64bee'), ('SHLVL', '0'), ('LD_LIBRARY_PATH', '/usr/lib/x86_64-linux-gnu/gazebo-11/plugins:/opt/ros/humble/opt/rviz_ogre_vendor/lib:/opt/ros/humble/lib/x86_64-linux-gnu:/opt/ros/humble/lib'), ('HOME', '/root'), ('OLDPWD', '/workspace'), ('ROS_PYTHON_VERSION', '3'), ('ROS_DISTRO', 'humble'), ('_', '/usr/bin/colcon'), ('ROS_VERSION', '2'), ('ROS_LOCALHOST_ONLY', '0'), ('QT_X11_NO_MITSHM', '1'), ('PATH', '/opt/ros/humble/bin:/usr/local/sbin:/usr/local/bin:/usr/sbin:/usr/bin:/sbin:/bin'), ('DISPLAY', ':1'), ('LANG', 'C.UTF-8'), ('AMENT_PREFIX_PATH', '/opt/ros/humble'), ('PWD', '/workspace/build/parol6'), ('LC_ALL', 'C.UTF-8'), ('PYTHONPATH', '/opt/ros/humble/lib/python3.10/site-packages:/opt/ros/humble/local/lib/python3.10/dist-packages'), ('COLCON', '1'), ('CMAKE_PREFIX_PATH', '/opt/ros/humble')]), 'shell': False}
[0.098900] (-) TimerEvent: {}
[0.167046] (parol6) CommandEnded: {'returncode': 0}
[0.168240] (parol6) JobProgress: {'identifier': 'parol6', 'progress': 'install'}
[0.179686] (parol6) Command: {'cmd': ['/usr/bin/cmake', '--install', '/workspace/build/parol6'], 'cwd': '/workspace/build/parol6', 'env': OrderedDict([('HOSTNAME', 'c6a999e64bee'), ('SHLVL', '0'), ('LD_LIBRARY_PATH', '/usr/lib/x86_64-linux-gnu/gazebo-11/plugins:/opt/ros/humble/opt/rviz_ogre_vendor/lib:/opt/ros/humble/lib/x86_64-linux-gnu:/opt/ros/humble/lib'), ('HOME', '/root'), ('OLDPWD', '/workspace'), ('ROS_PYTHON_VERSION', '3'), ('ROS_DISTRO', 'humble'), ('_', '/usr/bin/colcon'), ('ROS_VERSION', '2'), ('ROS_LOCALHOST_ONLY', '0'), ('QT_X11_NO_MITSHM', '1'), ('PATH', '/opt/ros/humble/bin:/usr/local/sbin:/usr/local/bin:/usr/sbin:/usr/bin:/sbin:/bin'), ('DISPLAY', ':1'), ('LANG', 'C.UTF-8'), ('AMENT_PREFIX_PATH', '/opt/ros/humble'), ('PWD', '/workspace/build/parol6'), ('LC_ALL', 'C.UTF-8'), ('PYTHONPATH', '/opt/ros/humble/lib/python3.10/site-packages:/opt/ros/humble/local/lib/python3.10/dist-packages'), ('COLCON', '1'), ('CMAKE_PREFIX_PATH', '/opt/ros/humble')]), 'shell': False}
[0.192356] (parol6) StdoutLine: {'line': b'-- Install configuration: ""\n'}
[0.193478] (parol6) StdoutLine: {'line': b'-- Execute custom install script\n'}
[0.194703] (parol6) StdoutLine: {'line': b'-- Up-to-date symlink: /workspace/install/parol6/share/parol6/urdf/PAROL6.csv\n'}
[0.195144] (parol6) StdoutLine: {'line': b'-- Up-to-date symlink: /workspace/install/parol6/share/parol6/urdf/PAROL6.urdf\n'}
[0.195294] (parol6) StdoutLine: {'line': b'-- Up-to-date symlink: /workspace/install/parol6/share/parol6/urdf/PAROL6_gazebo.urdf\n'}
[0.195430] (parol6) StdoutLine: {'line': b'-- Up-to-date symlink: /workspace/install/parol6/share/parol6/urdf/PAROL6_ignition.urdf\n'}
[0.195606] (parol6) StdoutLine: {'line': b'-- Up-to-date symlink: /workspace/install/parol6/share/parol6/launch/Movit_RViz_launch.py\n'}
[0.195995] (parol6) StdoutLine: {'line': b'-- Up-to-date symlink: /workspace/install/parol6/share/parol6/launch/display.launch.old\n'}
[0.196197] (parol6) StdoutLine: {'line': b'-- Up-to-date symlink: /workspace/install/parol6/share/parol6/launch/gazebo.launch.old\n'}
[0.196282] (parol6) StdoutLine: {'line': b'-- Up-to-date symlink: /workspace/install/parol6/share/parol6/launch/gazebo.launch.py\n'}
[0.196384] (parol6) StdoutLine: {'line': b'-- Up-to-date symlink: /workspace/install/parol6/share/parol6/launch/gazebo_classic.launch.py\n'}
[0.196468] (parol6) StdoutLine: {'line': b'-- Up-to-date symlink: /workspace/install/parol6/share/parol6/launch/ignition.launch.py\n'}
[0.196608] (parol6) StdoutLine: {'line': b'-- Up-to-date symlink: /workspace/install/parol6/share/parol6/meshes/L1.STL\n'}
[0.196828] (parol6) StdoutLine: {'line': b'-- Up-to-date symlink: /workspace/install/parol6/share/parol6/meshes/L2.STL\n'}
[0.197015] (parol6) StdoutLine: {'line': b'-- Up-to-date symlink: /workspace/install/parol6/share/parol6/meshes/L3.STL\n'}
[0.197124] (parol6) StdoutLine: {'line': b'-- Up-to-date symlink: /workspace/install/parol6/share/parol6/meshes/L4.STL\n'}
[0.197249] (parol6) StdoutLine: {'line': b'-- Up-to-date symlink: /workspace/install/parol6/share/parol6/meshes/L5.STL\n'}
[0.197341] (parol6) StdoutLine: {'line': b'-- Up-to-date symlink: /workspace/install/parol6/share/parol6/meshes/L6.STL\n'}
[0.197422] (parol6) StdoutLine: {'line': b'-- Up-to-date symlink: /workspace/install/parol6/share/parol6/meshes/base_link.STL\n'}
[0.197582] (parol6) StdoutLine: {'line': b'-- Up-to-date symlink: /workspace/install/parol6/share/parol6/config/joint_names_PAROL6.yaml\n'}
[0.197664] (parol6) StdoutLine: {'line': b'-- Up-to-date symlink: /workspace/install/parol6/share/parol6/config/joint_trajectroy_controller.yaml\n'}
[0.197815] (parol6) StdoutLine: {'line': b'-- Up-to-date symlink: /workspace/install/parol6/share/parol6/config/ros2_controllers.yaml\n'}
[0.198038] (parol6) StdoutLine: {'line': b'-- Up-to-date symlink: /workspace/install/parol6/share/ament_index/resource_index/package_run_dependencies/parol6\n'}
[0.198298] (parol6) StdoutLine: {'line': b'-- Up-to-date symlink: /workspace/install/parol6/share/ament_index/resource_index/parent_prefix_path/parol6\n'}
[0.198574] (parol6) StdoutLine: {'line': b'-- Up-to-date symlink: /workspace/install/parol6/share/parol6/environment/ament_prefix_path.sh\n'}
[0.198681] (parol6) StdoutLine: {'line': b'-- Up-to-date symlink: /workspace/install/parol6/share/parol6/environment/ament_prefix_path.dsv\n'}
[0.198883] (parol6) StdoutLine: {'line': b'-- Up-to-date symlink: /workspace/install/parol6/share/parol6/environment/path.sh\n'}
[0.199121] (-) TimerEvent: {}
[0.199154] (parol6) StdoutLine: {'line': b'-- Up-to-date symlink: /workspace/install/parol6/share/parol6/environment/path.dsv\n'}
[0.199337] (parol6) StdoutLine: {'line': b'-- Up-to-date symlink: /workspace/install/parol6/share/parol6/local_setup.bash\n'}
[0.199506] (parol6) StdoutLine: {'line': b'-- Up-to-date symlink: /workspace/install/parol6/share/parol6/local_setup.sh\n'}
[0.199590] (parol6) StdoutLine: {'line': b'-- Up-to-date symlink: /workspace/install/parol6/share/parol6/local_setup.zsh\n'}
[0.199777] (parol6) StdoutLine: {'line': b'-- Up-to-date symlink: /workspace/install/parol6/share/parol6/local_setup.dsv\n'}
[0.199876] (parol6) StdoutLine: {'line': b'-- Symlinking: /workspace/install/parol6/share/parol6/package.dsv\n'}
[0.212075] (parol6) StdoutLine: {'line': b'-- Up-to-date symlink: /workspace/install/parol6/share/ament_index/resource_index/packages/parol6\n'}
[0.212434] (parol6) StdoutLine: {'line': b'-- Up-to-date symlink: /workspace/install/parol6/share/parol6/cmake/parol6Config.cmake\n'}
[0.212695] (parol6) StdoutLine: {'line': b'-- Up-to-date symlink: /workspace/install/parol6/share/parol6/cmake/parol6Config-version.cmake\n'}
[0.212832] (parol6) StdoutLine: {'line': b'-- Up-to-date symlink: /workspace/install/parol6/share/parol6/package.xml\n'}
[0.215282] (parol6) CommandEnded: {'returncode': 0}
[0.246134] (parol6) JobEnded: {'identifier': 'parol6', 'rc': 0}
[0.247800] (parol6_moveit_config) JobStarted: {'identifier': 'parol6_moveit_config'}
[0.256977] (parol6_moveit_config) JobProgress: {'identifier': 'parol6_moveit_config', 'progress': 'cmake'}
[0.258132] (parol6_moveit_config) JobProgress: {'identifier': 'parol6_moveit_config', 'progress': 'build'}
[0.258458] (parol6_moveit_config) Command: {'cmd': ['/usr/bin/cmake', '--build', '/workspace/build/parol6_moveit_config', '--', '-j16', '-l16'], 'cwd': '/workspace/build/parol6_moveit_config', 'env': OrderedDict([('HOSTNAME', 'c6a999e64bee'), ('SHLVL', '0'), ('LD_LIBRARY_PATH', '/usr/lib/x86_64-linux-gnu/gazebo-11/plugins:/opt/ros/humble/opt/rviz_ogre_vendor/lib:/opt/ros/humble/lib/x86_64-linux-gnu:/opt/ros/humble/lib'), ('HOME', '/root'), ('OLDPWD', '/workspace'), ('ROS_PYTHON_VERSION', '3'), ('ROS_DISTRO', 'humble'), ('_', '/usr/bin/colcon'), ('ROS_VERSION', '2'), ('ROS_LOCALHOST_ONLY', '0'), ('QT_X11_NO_MITSHM', '1'), ('PATH', '/opt/ros/humble/bin:/usr/local/sbin:/usr/local/bin:/usr/sbin:/usr/bin:/sbin:/bin'), ('DISPLAY', ':1'), ('LANG', 'C.UTF-8'), ('AMENT_PREFIX_PATH', '/workspace/install/parol6:/opt/ros/humble'), ('PWD', '/workspace/build/parol6_moveit_config'), ('LC_ALL', 'C.UTF-8'), ('PYTHONPATH', '/opt/ros/humble/lib/python3.10/site-packages:/opt/ros/humble/local/lib/python3.10/dist-packages'), ('COLCON', '1'), ('CMAKE_PREFIX_PATH', '/workspace/install/parol6:/opt/ros/humble')]), 'shell': False}
[0.299282] (-) TimerEvent: {}
[0.312955] (parol6_moveit_config) CommandEnded: {'returncode': 0}
[0.314359] (parol6_moveit_config) JobProgress: {'identifier': 'parol6_moveit_config', 'progress': 'install'}
[0.314818] (parol6_moveit_config) Command: {'cmd': ['/usr/bin/cmake', '--install', '/workspace/build/parol6_moveit_config'], 'cwd': '/workspace/build/parol6_moveit_config', 'env': OrderedDict([('HOSTNAME', 'c6a999e64bee'), ('SHLVL', '0'), ('LD_LIBRARY_PATH', '/usr/lib/x86_64-linux-gnu/gazebo-11/plugins:/opt/ros/humble/opt/rviz_ogre_vendor/lib:/opt/ros/humble/lib/x86_64-linux-gnu:/opt/ros/humble/lib'), ('HOME', '/root'), ('OLDPWD', '/workspace'), ('ROS_PYTHON_VERSION', '3'), ('ROS_DISTRO', 'humble'), ('_', '/usr/bin/colcon'), ('ROS_VERSION', '2'), ('ROS_LOCALHOST_ONLY', '0'), ('QT_X11_NO_MITSHM', '1'), ('PATH', '/opt/ros/humble/bin:/usr/local/sbin:/usr/local/bin:/usr/sbin:/usr/bin:/sbin:/bin'), ('DISPLAY', ':1'), ('LANG', 'C.UTF-8'), ('AMENT_PREFIX_PATH', '/workspace/install/parol6:/opt/ros/humble'), ('PWD', '/workspace/build/parol6_moveit_config'), ('LC_ALL', 'C.UTF-8'), ('PYTHONPATH', '/opt/ros/humble/lib/python3.10/site-packages:/opt/ros/humble/local/lib/python3.10/dist-packages'), ('COLCON', '1'), ('CMAKE_PREFIX_PATH', '/workspace/install/parol6:/opt/ros/humble')]), 'shell': False}
[0.326820] (parol6_moveit_config) StdoutLine: {'line': b'-- Install configuration: ""\n'}
[0.327740] (parol6_moveit_config) StdoutLine: {'line': b'-- Execute custom install script\n'}
[0.328145] (parol6_moveit_config) StdoutLine: {'line': b'-- Up-to-date symlink: /workspace/install/parol6_moveit_config/share/parol6_moveit_config/config/joint_limits.yaml\n'}
[0.328394] (parol6_moveit_config) StdoutLine: {'line': b'-- Up-to-date symlink: /workspace/install/parol6_moveit_config/share/parol6_moveit_config/config/kinematics.yaml\n'}
[0.328522] (parol6_moveit_config) StdoutLine: {'line': b'-- Up-to-date symlink: /workspace/install/parol6_moveit_config/share/parol6_moveit_config/config/moveit_controllers.yaml\n'}
[0.328794] (parol6_moveit_config) StdoutLine: {'line': b'-- Up-to-date symlink: /workspace/install/parol6_moveit_config/share/parol6_moveit_config/config/ompl_planning.yaml\n'}
[0.328927] (parol6_moveit_config) StdoutLine: {'line': b'-- Up-to-date symlink: /workspace/install/parol6_moveit_config/share/parol6_moveit_config/config/parol6.srdf\n'}
[0.329020] (parol6_moveit_config) StdoutLine: {'line': b'-- Up-to-date symlink: /workspace/install/parol6_moveit_config/share/parol6_moveit_config/config/ros2_controllers.yaml\n'}
[0.329258] (parol6_moveit_config) StdoutLine: {'line': b'-- Up-to-date symlink: /workspace/install/parol6_moveit_config/share/parol6_moveit_config/launch/__pycache__/demo.launch.cpython-310.pyc\n'}
[0.329450] (parol6_moveit_config) StdoutLine: {'line': b'-- Up-to-date symlink: /workspace/install/parol6_moveit_config/share/parol6_moveit_config/launch/demo.launch.py\n'}
[0.329617] (parol6_moveit_config) StdoutLine: {'line': b'-- Up-to-date symlink: /workspace/install/parol6_moveit_config/share/parol6_moveit_config/launch/move_group.launch.py\n'}
[0.329709] (parol6_moveit_config) StdoutLine: {'line': b'-- Up-to-date symlink: /workspace/install/parol6_moveit_config/share/parol6_moveit_config/rviz/moveit.rviz\n'}
[0.329907] (parol6_moveit_config) StdoutLine: {'line': b'-- Up-to-date symlink: /workspace/install/parol6_moveit_config/share/ament_index/resource_index/package_run_dependencies/parol6_moveit_config\n'}
[0.330068] (parol6_moveit_config) StdoutLine: {'line': b'-- Up-to-date symlink: /workspace/install/parol6_moveit_config/share/ament_index/resource_index/parent_prefix_path/parol6_moveit_config\n'}
[0.330230] (parol6_moveit_config) StdoutLine: {'line': b'-- Up-to-date symlink: /workspace/install/parol6_moveit_config/share/parol6_moveit_config/environment/ament_prefix_path.sh\n'}
[0.330395] (parol6_moveit_config) StdoutLine: {'line': b'-- Up-to-date symlink: /workspace/install/parol6_moveit_config/share/parol6_moveit_config/environment/ament_prefix_path.dsv\n'}
[0.330585] (parol6_moveit_config) StdoutLine: {'line': b'-- Up-to-date symlink: /workspace/install/parol6_moveit_config/share/parol6_moveit_config/environment/path.sh\n'}
[0.330766] (parol6_moveit_config) StdoutLine: {'line': b'-- Up-to-date symlink: /workspace/install/parol6_moveit_config/share/parol6_moveit_config/environment/path.dsv\n'}
[0.331254] (parol6_moveit_config) StdoutLine: {'line': b'-- Up-to-date symlink: /workspace/install/parol6_moveit_config/share/parol6_moveit_config/local_setup.bash\n'}
[0.331789] (parol6_moveit_config) StdoutLine: {'line': b'-- Up-to-date symlink: /workspace/install/parol6_moveit_config/share/parol6_moveit_config/local_setup.sh\n'}
[0.332006] (parol6_moveit_config) StdoutLine: {'line': b'-- Up-to-date symlink: /workspace/install/parol6_moveit_config/share/parol6_moveit_config/local_setup.zsh\n'}
[0.332099] (parol6_moveit_config) StdoutLine: {'line': b'-- Up-to-date symlink: /workspace/install/parol6_moveit_config/share/parol6_moveit_config/local_setup.dsv\n'}
[0.332204] (parol6_moveit_config) StdoutLine: {'line': b'-- Symlinking: /workspace/install/parol6_moveit_config/share/parol6_moveit_config/package.dsv\n'}
[0.344564] (parol6_moveit_config) StdoutLine: {'line': b'-- Up-to-date symlink: /workspace/install/parol6_moveit_config/share/ament_index/resource_index/packages/parol6_moveit_config\n'}
[0.345113] (parol6_moveit_config) StdoutLine: {'line': b'-- Up-to-date symlink: /workspace/install/parol6_moveit_config/share/parol6_moveit_config/cmake/parol6_moveit_configConfig.cmake\n'}
[0.345369] (parol6_moveit_config) StdoutLine: {'line': b'-- Up-to-date symlink: /workspace/install/parol6_moveit_config/share/parol6_moveit_config/cmake/parol6_moveit_configConfig-version.cmake\n'}
[0.345475] (parol6_moveit_config) StdoutLine: {'line': b'-- Up-to-date symlink: /workspace/install/parol6_moveit_config/share/parol6_moveit_config/package.xml\n'}
[0.348181] (parol6_moveit_config) CommandEnded: {'returncode': 0}
[0.363301] (parol6_moveit_config) JobEnded: {'identifier': 'parol6_moveit_config', 'rc': 0}
[0.364151] (-) EventReactorShutdown: {}
