[0.000000] (-) TimerEvent: {}
[0.000071] (parol6) JobQueued: {'identifier': 'parol6', 'dependencies': OrderedDict()}
[0.000103] (parol6_moveit_config) JobQueued: {'identifier': 'parol6_moveit_config', 'dependencies': OrderedDict([('parol6', '/workspace/install/parol6')])}
[0.000636] (parol6) JobStarted: {'identifier': 'parol6'}
[0.008901] (parol6) JobProgress: {'identifier': 'parol6', 'progress': 'cmake'}
[0.009459] (parol6) JobProgress: {'identifier': 'parol6', 'progress': 'build'}
[0.010077] (parol6) Command: {'cmd': ['/usr/bin/cmake', '--build', '/workspace/build/parol6', '--', '-j16', '-l16'], 'cwd': '/workspace/build/parol6', 'env': OrderedDict([('HOSTNAME', 'Kareem-Legion5'), ('SHLVL', '0'), ('LD_LIBRARY_PATH', '/usr/lib/x86_64-linux-gnu/gazebo-11/plugins:/opt/ros/humble/opt/rviz_ogre_vendor/lib:/opt/ros/humble/lib/x86_64-linux-gnu:/opt/ros/humble/lib'), ('HOME', '/root'), ('OLDPWD', '/workspace'), ('ROS_PYTHON_VERSION', '3'), ('ROS_DISTRO', 'humble'), ('_', '/usr/bin/colcon'), ('ROS_VERSION', '2'), ('ROS_LOCALHOST_ONLY', '0'), ('QT_X11_NO_MITSHM', '1'), ('PATH', '/opt/ros/humble/bin:/usr/local/sbin:/usr/local/bin:/usr/sbin:/usr/bin:/sbin:/bin'), ('DISPLAY', ':1'), ('LANG', 'C.UTF-8'), ('XAUTHORITY', '/tmp/.docker.xauth'), ('AMENT_PREFIX_PATH', '/opt/ros/humble'), ('PWD', '/workspace/build/parol6'), ('LC_ALL', 'C.UTF-8'), ('PYTHONPATH', '/opt/ros/humble/lib/python3.10/site-packages:/opt/ros/humble/local/lib/python3.10/dist-packages'), ('COLCON', '1'), ('CMAKE_PREFIX_PATH', '/opt/ros/humble')]), 'shell': False}
[0.035459] (parol6) StdoutLine: {'line': b'-- Found ament_cmake: 1.3.11 (/opt/ros/humble/share/ament_cmake/cmake)\n'}
[0.099835] (-) TimerEvent: {}
[0.140845] (parol6) StdoutLine: {'line': b'-- Override CMake install command with custom implementation using symlinks instead of copying resources\n'}
[0.199948] (-) TimerEvent: {}
[0.201824] (parol6) StdoutLine: {'line': b'-- Configuring done\n'}
[0.204847] (parol6) StdoutLine: {'line': b'-- Generating done\n'}
[0.207026] (parol6) StdoutLine: {'line': b'-- Build files have been written to: /workspace/build/parol6\n'}
[0.229189] (parol6) CommandEnded: {'returncode': 0}
[0.229744] (parol6) JobProgress: {'identifier': 'parol6', 'progress': 'install'}
[0.239677] (parol6) Command: {'cmd': ['/usr/bin/cmake', '--install', '/workspace/build/parol6'], 'cwd': '/workspace/build/parol6', 'env': OrderedDict([('HOSTNAME', 'Kareem-Legion5'), ('SHLVL', '0'), ('LD_LIBRARY_PATH', '/usr/lib/x86_64-linux-gnu/gazebo-11/plugins:/opt/ros/humble/opt/rviz_ogre_vendor/lib:/opt/ros/humble/lib/x86_64-linux-gnu:/opt/ros/humble/lib'), ('HOME', '/root'), ('OLDPWD', '/workspace'), ('ROS_PYTHON_VERSION', '3'), ('ROS_DISTRO', 'humble'), ('_', '/usr/bin/colcon'), ('ROS_VERSION', '2'), ('ROS_LOCALHOST_ONLY', '0'), ('QT_X11_NO_MITSHM', '1'), ('PATH', '/opt/ros/humble/bin:/usr/local/sbin:/usr/local/bin:/usr/sbin:/usr/bin:/sbin:/bin'), ('DISPLAY', ':1'), ('LANG', 'C.UTF-8'), ('XAUTHORITY', '/tmp/.docker.xauth'), ('AMENT_PREFIX_PATH', '/opt/ros/humble'), ('PWD', '/workspace/build/parol6'), ('LC_ALL', 'C.UTF-8'), ('PYTHONPATH', '/opt/ros/humble/lib/python3.10/site-packages:/opt/ros/humble/local/lib/python3.10/dist-packages'), ('COLCON', '1'), ('CMAKE_PREFIX_PATH', '/opt/ros/humble')]), 'shell': False}
[0.247477] (parol6) StdoutLine: {'line': b'-- Install configuration: ""\n'}
[0.247787] (parol6) StdoutLine: {'line': b'-- Execute custom install script\n'}
[0.248107] (parol6) StdoutLine: {'line': b'-- Up-to-date symlink: /workspace/install/parol6/share/parol6/urdf/PAROL6.csv\n'}
[0.248285] (parol6) StdoutLine: {'line': b'-- Up-to-date symlink: /workspace/install/parol6/share/parol6/urdf/PAROL6.urdf\n'}
[0.248436] (parol6) StdoutLine: {'line': b'-- Up-to-date symlink: /workspace/install/parol6/share/parol6/urdf/PAROL6_gazebo.urdf\n'}
[0.248525] (parol6) StdoutLine: {'line': b'-- Up-to-date symlink: /workspace/install/parol6/share/parol6/urdf/PAROL6_ignition.urdf\n'}
[0.248686] (parol6) StdoutLine: {'line': b'-- Up-to-date symlink: /workspace/install/parol6/share/parol6/launch/Movit_RViz_launch.py\n'}
[0.248856] (parol6) StdoutLine: {'line': b'-- Up-to-date symlink: /workspace/install/parol6/share/parol6/launch/display.launch.old\n'}
[0.249024] (parol6) StdoutLine: {'line': b'-- Up-to-date symlink: /workspace/install/parol6/share/parol6/launch/gazebo.launch.old\n'}
[0.249119] (parol6) StdoutLine: {'line': b'-- Up-to-date symlink: /workspace/install/parol6/share/parol6/launch/gazebo.launch.py\n'}
[0.249249] (parol6) StdoutLine: {'line': b'-- Up-to-date symlink: /workspace/install/parol6/share/parol6/launch/gazebo_classic.launch.py\n'}
[0.249323] (parol6) StdoutLine: {'line': b'-- Up-to-date symlink: /workspace/install/parol6/share/parol6/launch/ignition.launch.py\n'}
[0.249395] (parol6) StdoutLine: {'line': b'-- Up-to-date symlink: /workspace/install/parol6/share/parol6/meshes/L1.STL\n'}
[0.249472] (parol6) StdoutLine: {'line': b'-- Up-to-date symlink: /workspace/install/parol6/share/parol6/meshes/L2.STL\n'}
[0.249541] (parol6) StdoutLine: {'line': b'-- Up-to-date symlink: /workspace/install/parol6/share/parol6/meshes/L3.STL\n'}
[0.249730] (parol6) StdoutLine: {'line': b'-- Up-to-date symlink: /workspace/install/parol6/share/parol6/meshes/L4.STL\n'}
[0.249812] (parol6) StdoutLine: {'line': b'-- Up-to-date symlink: /workspace/install/parol6/share/parol6/meshes/L5.STL\n'}
[0.249882] (parol6) StdoutLine: {'line': b'-- Up-to-date symlink: /workspace/install/parol6/share/parol6/meshes/L6.STL\n'}
[0.249972] (parol6) StdoutLine: {'line': b'-- Up-to-date symlink: /workspace/install/parol6/share/parol6/meshes/base_link.STL\n'}
[0.250130] (parol6) StdoutLine: {'line': b'-- Up-to-date symlink: /workspace/install/parol6/share/parol6/config/joint_names_PAROL6.yaml\n'}
[0.250197] (parol6) StdoutLine: {'line': b'-- Up-to-date symlink: /workspace/install/parol6/share/parol6/config/joint_trajectroy_controller.yaml\n'}
[0.250324] (parol6) StdoutLine: {'line': b'-- Up-to-date symlink: /workspace/install/parol6/share/parol6/config/ros2_controllers.yaml\n'}
[0.250401] (parol6) StdoutLine: {'line': b'-- Up-to-date symlink: /workspace/install/parol6/share/ament_index/resource_index/package_run_dependencies/parol6\n'}
[0.250469] (parol6) StdoutLine: {'line': b'-- Up-to-date symlink: /workspace/install/parol6/share/ament_index/resource_index/parent_prefix_path/parol6\n'}
[0.250535] (parol6) StdoutLine: {'line': b'-- Up-to-date symlink: /workspace/install/parol6/share/parol6/environment/ament_prefix_path.sh\n'}
[0.250646] (parol6) StdoutLine: {'line': b'-- Up-to-date symlink: /workspace/install/parol6/share/parol6/environment/ament_prefix_path.dsv\n'}
[0.250862] (parol6) StdoutLine: {'line': b'-- Up-to-date symlink: /workspace/install/parol6/share/parol6/environment/path.sh\n'}
[0.250951] (parol6) StdoutLine: {'line': b'-- Up-to-date symlink: /workspace/install/parol6/share/parol6/environment/path.dsv\n'}
[0.251121] (parol6) StdoutLine: {'line': b'-- Up-to-date symlink: /workspace/install/parol6/share/parol6/local_setup.bash\n'}
[0.251193] (parol6) StdoutLine: {'line': b'-- Up-to-date symlink: /workspace/install/parol6/share/parol6/local_setup.sh\n'}
[0.251257] (parol6) StdoutLine: {'line': b'-- Up-to-date symlink: /workspace/install/parol6/share/parol6/local_setup.zsh\n'}
[0.251319] (parol6) StdoutLine: {'line': b'-- Up-to-date symlink: /workspace/install/parol6/share/parol6/local_setup.dsv\n'}
[0.251379] (parol6) StdoutLine: {'line': b'-- Symlinking: /workspace/install/parol6/share/parol6/package.dsv\n'}
[0.260927] (parol6) StdoutLine: {'line': b'-- Up-to-date symlink: /workspace/install/parol6/share/ament_index/resource_index/packages/parol6\n'}
[0.261084] (parol6) StdoutLine: {'line': b'-- Up-to-date symlink: /workspace/install/parol6/share/parol6/cmake/parol6Config.cmake\n'}
[0.261146] (parol6) StdoutLine: {'line': b'-- Up-to-date symlink: /workspace/install/parol6/share/parol6/cmake/parol6Config-version.cmake\n'}
[0.261200] (parol6) StdoutLine: {'line': b'-- Up-to-date symlink: /workspace/install/parol6/share/parol6/package.xml\n'}
[0.262463] (parol6) CommandEnded: {'returncode': 0}
[0.279413] (parol6) JobEnded: {'identifier': 'parol6', 'rc': 0}
[0.279933] (parol6_moveit_config) JobStarted: {'identifier': 'parol6_moveit_config'}
[0.286026] (parol6_moveit_config) JobProgress: {'identifier': 'parol6_moveit_config', 'progress': 'cmake'}
[0.286570] (parol6_moveit_config) JobProgress: {'identifier': 'parol6_moveit_config', 'progress': 'build'}
[0.286820] (parol6_moveit_config) Command: {'cmd': ['/usr/bin/cmake', '--build', '/workspace/build/parol6_moveit_config', '--', '-j16', '-l16'], 'cwd': '/workspace/build/parol6_moveit_config', 'env': OrderedDict([('HOSTNAME', 'Kareem-Legion5'), ('SHLVL', '0'), ('LD_LIBRARY_PATH', '/usr/lib/x86_64-linux-gnu/gazebo-11/plugins:/opt/ros/humble/opt/rviz_ogre_vendor/lib:/opt/ros/humble/lib/x86_64-linux-gnu:/opt/ros/humble/lib'), ('HOME', '/root'), ('OLDPWD', '/workspace'), ('ROS_PYTHON_VERSION', '3'), ('ROS_DISTRO', 'humble'), ('_', '/usr/bin/colcon'), ('ROS_VERSION', '2'), ('ROS_LOCALHOST_ONLY', '0'), ('QT_X11_NO_MITSHM', '1'), ('PATH', '/opt/ros/humble/bin:/usr/local/sbin:/usr/local/bin:/usr/sbin:/usr/bin:/sbin:/bin'), ('DISPLAY', ':1'), ('LANG', 'C.UTF-8'), ('XAUTHORITY', '/tmp/.docker.xauth'), ('AMENT_PREFIX_PATH', '/workspace/install/parol6:/opt/ros/humble'), ('PWD', '/workspace/build/parol6_moveit_config'), ('LC_ALL', 'C.UTF-8'), ('PYTHONPATH', '/opt/ros/humble/lib/python3.10/site-packages:/opt/ros/humble/local/lib/python3.10/dist-packages'), ('COLCON', '1'), ('CMAKE_PREFIX_PATH', '/workspace/install/parol6:/opt/ros/humble')]), 'shell': False}
[0.300070] (-) TimerEvent: {}
[0.311486] (parol6_moveit_config) StdoutLine: {'line': b'-- Found ament_cmake: 1.3.11 (/opt/ros/humble/share/ament_cmake/cmake)\n'}
[0.400168] (-) TimerEvent: {}
[0.418366] (parol6_moveit_config) StdoutLine: {'line': b'-- Override CMake install command with custom implementation using symlinks instead of copying resources\n'}
[0.484105] (parol6_moveit_config) StdoutLine: {'line': b'-- Configuring done\n'}
[0.488397] (parol6_moveit_config) StdoutLine: {'line': b'-- Generating done\n'}
[0.490129] (parol6_moveit_config) StdoutLine: {'line': b'-- Build files have been written to: /workspace/build/parol6_moveit_config\n'}
[0.500306] (-) TimerEvent: {}
[0.513090] (parol6_moveit_config) CommandEnded: {'returncode': 0}
[0.513710] (parol6_moveit_config) JobProgress: {'identifier': 'parol6_moveit_config', 'progress': 'install'}
[0.513911] (parol6_moveit_config) Command: {'cmd': ['/usr/bin/cmake', '--install', '/workspace/build/parol6_moveit_config'], 'cwd': '/workspace/build/parol6_moveit_config', 'env': OrderedDict([('HOSTNAME', 'Kareem-Legion5'), ('SHLVL', '0'), ('LD_LIBRARY_PATH', '/usr/lib/x86_64-linux-gnu/gazebo-11/plugins:/opt/ros/humble/opt/rviz_ogre_vendor/lib:/opt/ros/humble/lib/x86_64-linux-gnu:/opt/ros/humble/lib'), ('HOME', '/root'), ('OLDPWD', '/workspace'), ('ROS_PYTHON_VERSION', '3'), ('ROS_DISTRO', 'humble'), ('_', '/usr/bin/colcon'), ('ROS_VERSION', '2'), ('ROS_LOCALHOST_ONLY', '0'), ('QT_X11_NO_MITSHM', '1'), ('PATH', '/opt/ros/humble/bin:/usr/local/sbin:/usr/local/bin:/usr/sbin:/usr/bin:/sbin:/bin'), ('DISPLAY', ':1'), ('LANG', 'C.UTF-8'), ('XAUTHORITY', '/tmp/.docker.xauth'), ('AMENT_PREFIX_PATH', '/workspace/install/parol6:/opt/ros/humble'), ('PWD', '/workspace/build/parol6_moveit_config'), ('LC_ALL', 'C.UTF-8'), ('PYTHONPATH', '/opt/ros/humble/lib/python3.10/site-packages:/opt/ros/humble/local/lib/python3.10/dist-packages'), ('COLCON', '1'), ('CMAKE_PREFIX_PATH', '/workspace/install/parol6:/opt/ros/humble')]), 'shell': False}
[0.522136] (parol6_moveit_config) StdoutLine: {'line': b'-- Install configuration: ""\n'}
[0.522459] (parol6_moveit_config) StdoutLine: {'line': b'-- Execute custom install script\n'}
[0.522804] (parol6_moveit_config) StdoutLine: {'line': b'-- Up-to-date symlink: /workspace/install/parol6_moveit_config/share/parol6_moveit_config/config/joint_limits.yaml\n'}
[0.523360] (parol6_moveit_config) StdoutLine: {'line': b'-- Up-to-date symlink: /workspace/install/parol6_moveit_config/share/parol6_moveit_config/config/kinematics.yaml\n'}
[0.523494] (parol6_moveit_config) StdoutLine: {'line': b'-- Up-to-date symlink: /workspace/install/parol6_moveit_config/share/parol6_moveit_config/config/moveit_controllers.yaml\n'}
[0.523670] (parol6_moveit_config) StdoutLine: {'line': b'-- Up-to-date symlink: /workspace/install/parol6_moveit_config/share/parol6_moveit_config/config/ompl_planning.yaml\n'}
[0.523798] (parol6_moveit_config) StdoutLine: {'line': b'-- Up-to-date symlink: /workspace/install/parol6_moveit_config/share/parol6_moveit_config/config/parol6.srdf\n'}
[0.523873] (parol6_moveit_config) StdoutLine: {'line': b'-- Up-to-date symlink: /workspace/install/parol6_moveit_config/share/parol6_moveit_config/config/ros2_controllers.yaml\n'}
[0.524139] (parol6_moveit_config) StdoutLine: {'line': b'-- Up-to-date symlink: /workspace/install/parol6_moveit_config/share/parol6_moveit_config/launch/__pycache__/demo.launch.cpython-310.pyc\n'}
[0.524372] (parol6_moveit_config) StdoutLine: {'line': b'-- Up-to-date symlink: /workspace/install/parol6_moveit_config/share/parol6_moveit_config/launch/demo.launch.py\n'}
[0.524530] (parol6_moveit_config) StdoutLine: {'line': b'-- Up-to-date symlink: /workspace/install/parol6_moveit_config/share/parol6_moveit_config/launch/move_group.launch.py\n'}
[0.524667] (parol6_moveit_config) StdoutLine: {'line': b'-- Up-to-date symlink: /workspace/install/parol6_moveit_config/share/parol6_moveit_config/rviz/moveit.rviz\n'}
[0.524921] (parol6_moveit_config) StdoutLine: {'line': b'-- Up-to-date symlink: /workspace/install/parol6_moveit_config/share/ament_index/resource_index/package_run_dependencies/parol6_moveit_config\n'}
[0.525015] (parol6_moveit_config) StdoutLine: {'line': b'-- Up-to-date symlink: /workspace/install/parol6_moveit_config/share/ament_index/resource_index/parent_prefix_path/parol6_moveit_config\n'}
[0.525091] (parol6_moveit_config) StdoutLine: {'line': b'-- Up-to-date symlink: /workspace/install/parol6_moveit_config/share/parol6_moveit_config/environment/ament_prefix_path.sh\n'}
[0.525207] (parol6_moveit_config) StdoutLine: {'line': b'-- Up-to-date symlink: /workspace/install/parol6_moveit_config/share/parol6_moveit_config/environment/ament_prefix_path.dsv\n'}
[0.525282] (parol6_moveit_config) StdoutLine: {'line': b'-- Up-to-date symlink: /workspace/install/parol6_moveit_config/share/parol6_moveit_config/environment/path.sh\n'}
[0.525354] (parol6_moveit_config) StdoutLine: {'line': b'-- Up-to-date symlink: /workspace/install/parol6_moveit_config/share/parol6_moveit_config/environment/path.dsv\n'}
[0.525544] (parol6_moveit_config) StdoutLine: {'line': b'-- Up-to-date symlink: /workspace/install/parol6_moveit_config/share/parol6_moveit_config/local_setup.bash\n'}
[0.525606] (parol6_moveit_config) StdoutLine: {'line': b'-- Up-to-date symlink: /workspace/install/parol6_moveit_config/share/parol6_moveit_config/local_setup.sh\n'}
[0.525660] (parol6_moveit_config) StdoutLine: {'line': b'-- Up-to-date symlink: /workspace/install/parol6_moveit_config/share/parol6_moveit_config/local_setup.zsh\n'}
[0.525711] (parol6_moveit_config) StdoutLine: {'line': b'-- Up-to-date symlink: /workspace/install/parol6_moveit_config/share/parol6_moveit_config/local_setup.dsv\n'}
[0.525762] (parol6_moveit_config) StdoutLine: {'line': b'-- Symlinking: /workspace/install/parol6_moveit_config/share/parol6_moveit_config/package.dsv\n'}
[0.535396] (parol6_moveit_config) StdoutLine: {'line': b'-- Up-to-date symlink: /workspace/install/parol6_moveit_config/share/ament_index/resource_index/packages/parol6_moveit_config\n'}
[0.535716] (parol6_moveit_config) StdoutLine: {'line': b'-- Up-to-date symlink: /workspace/install/parol6_moveit_config/share/parol6_moveit_config/cmake/parol6_moveit_configConfig.cmake\n'}
[0.535819] (parol6_moveit_config) StdoutLine: {'line': b'-- Up-to-date symlink: /workspace/install/parol6_moveit_config/share/parol6_moveit_config/cmake/parol6_moveit_configConfig-version.cmake\n'}
[0.535911] (parol6_moveit_config) StdoutLine: {'line': b'-- Up-to-date symlink: /workspace/install/parol6_moveit_config/share/parol6_moveit_config/package.xml\n'}
[0.537653] (parol6_moveit_config) CommandEnded: {'returncode': 0}
[0.548275] (parol6_moveit_config) JobEnded: {'identifier': 'parol6_moveit_config', 'rc': 0}
[0.548737] (-) EventReactorShutdown: {}
