[0.000000] (-) TimerEvent: {}
[0.000631] (parol6) JobQueued: {'identifier': 'parol6', 'dependencies': OrderedDict()}
[0.000795] (parol6_moveit_config) JobQueued: {'identifier': 'parol6_moveit_config', 'dependencies': OrderedDict([('parol6', '/workspace/install/parol6')])}
[0.000826] (parol6) JobStarted: {'identifier': 'parol6'}
[0.011322] (parol6) JobProgress: {'identifier': 'parol6', 'progress': 'cmake'}
[0.011870] (parol6) Command: {'cmd': ['/usr/bin/cmake', '/workspace/PAROL6', '-DCMAKE_C_COMPILER_LAUNCHER=ccache', '-DCMAKE_CXX_COMPILER_LAUNCHER=ccache', '-DAMENT_CMAKE_SYMLINK_INSTALL=1', '-DCMAKE_INSTALL_PREFIX=/workspace/install/parol6'], 'cwd': '/workspace/build/parol6', 'env': OrderedDict([('USER', 'developer'), ('HOSTNAME', '24bc9ad0e87f'), ('SHLVL', '0'), ('LD_LIBRARY_PATH', '/opt/ros/humble/opt/rviz_ogre_vendor/lib:/opt/ros/humble/lib/x86_64-linux-gnu:/opt/ros/humble/lib:/opt/mujoco-3.2.7/bin:'), ('HOME', '/home/developer'), ('OLDPWD', '/workspace'), ('ROS_PYTHON_VERSION', '3'), ('GROUP', 'developer'), ('ROS_DISTRO', 'humble'), ('_', '/usr/bin/colcon'), ('ROS_VERSION', '2'), ('TERM', 'xterm'), ('ROS_LOCALHOST_ONLY', '0'), ('QT_X11_NO_MITSHM', '1'), ('PATH', '/opt/ros/humble/bin:/opt/mujoco-3.2.7/bin:/usr/local/sbin:/usr/local/bin:/usr/sbin:/usr/bin:/sbin:/bin'), ('MUJOCO_DIR', '/opt/mujoco-3.2.7'), ('DISPLAY', ':0'), ('LANG', 'C.UTF-8'), ('AMENT_PREFIX_PATH', '/opt/ros/humble'), ('WITHIN_DEV', '1'), ('PWD', '/workspace/build/parol6'), ('LC_ALL', 'C.UTF-8'), ('USER_WS', '/home/developer/ws'), ('PYTHONPATH', '/opt/ros/humble/lib/python3.10/site-packages:/opt/ros/humble/local/lib/python3.10/dist-packages'), ('COLCON', '1'), ('MUJOCO_VERSION', '3.2.7'), ('CMAKE_PREFIX_PATH', '/opt/ros/humble')]), 'shell': False}
[0.026494] (parol6) StdoutLine: {'line': b'-- Found ament_cmake: 1.3.11 (/opt/ros/humble/share/ament_cmake/cmake)\n'}
[0.099828] (-) TimerEvent: {}
[0.136483] (parol6) StdoutLine: {'line': b'-- Override CMake install command with custom implementation using symlinks instead of copying resources\n'}
[0.199973] (-) TimerEvent: {}
[0.221979] (parol6) StdoutLine: {'line': b'-- Configuring done\n'}
[0.226416] (parol6) StdoutLine: {'line': b'-- Generating done\n'}
[0.228648] (parol6) StdoutLine: {'line': b'-- Build files have been written to: /workspace/build/parol6\n'}
[0.234937] (parol6) CommandEnded: {'returncode': 0}
[0.236220] (parol6) JobProgress: {'identifier': 'parol6', 'progress': 'build'}
[0.236276] (parol6) Command: {'cmd': ['/usr/bin/cmake', '--build', '/workspace/build/parol6', '--', '-j16', '-l16'], 'cwd': '/workspace/build/parol6', 'env': OrderedDict([('USER', 'developer'), ('HOSTNAME', '24bc9ad0e87f'), ('SHLVL', '0'), ('LD_LIBRARY_PATH', '/opt/ros/humble/opt/rviz_ogre_vendor/lib:/opt/ros/humble/lib/x86_64-linux-gnu:/opt/ros/humble/lib:/opt/mujoco-3.2.7/bin:'), ('HOME', '/home/developer'), ('OLDPWD', '/workspace'), ('ROS_PYTHON_VERSION', '3'), ('GROUP', 'developer'), ('ROS_DISTRO', 'humble'), ('_', '/usr/bin/colcon'), ('ROS_VERSION', '2'), ('TERM', 'xterm'), ('ROS_LOCALHOST_ONLY', '0'), ('QT_X11_NO_MITSHM', '1'), ('PATH', '/opt/ros/humble/bin:/opt/mujoco-3.2.7/bin:/usr/local/sbin:/usr/local/bin:/usr/sbin:/usr/bin:/sbin:/bin'), ('MUJOCO_DIR', '/opt/mujoco-3.2.7'), ('DISPLAY', ':0'), ('LANG', 'C.UTF-8'), ('AMENT_PREFIX_PATH', '/opt/ros/humble'), ('WITHIN_DEV', '1'), ('PWD', '/workspace/build/parol6'), ('LC_ALL', 'C.UTF-8'), ('USER_WS', '/home/developer/ws'), ('PYTHONPATH', '/opt/ros/humble/lib/python3.10/site-packages:/opt/ros/humble/local/lib/python3.10/dist-packages'), ('COLCON', '1'), ('MUJOCO_VERSION', '3.2.7'), ('CMAKE_PREFIX_PATH', '/opt/ros/humble')]), 'shell': False}
[0.287358] (parol6) CommandEnded: {'returncode': 0}
[0.287973] (parol6) JobProgress: {'identifier': 'parol6', 'progress': 'install'}
[0.300508] (parol6) Command: {'cmd': ['/usr/bin/cmake', '--install', '/workspace/build/parol6'], 'cwd': '/workspace/build/parol6', 'env': OrderedDict([('USER', 'developer'), ('HOSTNAME', '24bc9ad0e87f'), ('SHLVL', '0'), ('LD_LIBRARY_PATH', '/opt/ros/humble/opt/rviz_ogre_vendor/lib:/opt/ros/humble/lib/x86_64-linux-gnu:/opt/ros/humble/lib:/opt/mujoco-3.2.7/bin:'), ('HOME', '/home/developer'), ('OLDPWD', '/workspace'), ('ROS_PYTHON_VERSION', '3'), ('GROUP', 'developer'), ('ROS_DISTRO', 'humble'), ('_', '/usr/bin/colcon'), ('ROS_VERSION', '2'), ('TERM', 'xterm'), ('ROS_LOCALHOST_ONLY', '0'), ('QT_X11_NO_MITSHM', '1'), ('PATH', '/opt/ros/humble/bin:/opt/mujoco-3.2.7/bin:/usr/local/sbin:/usr/local/bin:/usr/sbin:/usr/bin:/sbin:/bin'), ('MUJOCO_DIR', '/opt/mujoco-3.2.7'), ('DISPLAY', ':0'), ('LANG', 'C.UTF-8'), ('AMENT_PREFIX_PATH', '/opt/ros/humble'), ('WITHIN_DEV', '1'), ('PWD', '/workspace/build/parol6'), ('LC_ALL', 'C.UTF-8'), ('USER_WS', '/home/developer/ws'), ('PYTHONPATH', '/opt/ros/humble/lib/python3.10/site-packages:/opt/ros/humble/local/lib/python3.10/dist-packages'), ('COLCON', '1'), ('MUJOCO_VERSION', '3.2.7'), ('CMAKE_PREFIX_PATH', '/opt/ros/humble')]), 'shell': False}
[0.301046] (-) TimerEvent: {}
[0.311760] (parol6) StdoutLine: {'line': b'-- Install configuration: ""\n'}
[0.312123] (parol6) StdoutLine: {'line': b'-- Execute custom install script\n'}
[0.312648] (parol6) StdoutLine: {'line': b'-- Symlinking: /workspace/install/parol6/share/parol6/urdf/PAROL6.csv\n'}
[0.325897] (parol6) StdoutLine: {'line': b'-- Symlinking: /workspace/install/parol6/share/parol6/urdf/PAROL6.urdf\n'}
[0.340503] (parol6) StdoutLine: {'line': b'-- Symlinking: /workspace/install/parol6/share/parol6/launch/Movit_RViz_launch.py\n'}
[0.353458] (parol6) StdoutLine: {'line': b'-- Symlinking: /workspace/install/parol6/share/parol6/launch/display.launch.old\n'}
[0.365221] (parol6) StdoutLine: {'line': b'-- Symlinking: /workspace/install/parol6/share/parol6/launch/gazebo.launch.old\n'}
[0.376848] (parol6) StdoutLine: {'line': b'-- Symlinking: /workspace/install/parol6/share/parol6/launch/gazebo.launch.py\n'}
[0.388875] (parol6) StdoutLine: {'line': b'-- Symlinking: /workspace/install/parol6/share/parol6/meshes/L1.STL\n'}
[0.398649] (parol6) StdoutLine: {'line': b'-- Symlinking: /workspace/install/parol6/share/parol6/meshes/L2.STL\n'}
[0.401132] (-) TimerEvent: {}
[0.410678] (parol6) StdoutLine: {'line': b'-- Symlinking: /workspace/install/parol6/share/parol6/meshes/L3.STL\n'}
[0.422467] (parol6) StdoutLine: {'line': b'-- Symlinking: /workspace/install/parol6/share/parol6/meshes/L4.STL\n'}
[0.434700] (parol6) StdoutLine: {'line': b'-- Symlinking: /workspace/install/parol6/share/parol6/meshes/L5.STL\n'}
[0.447417] (parol6) StdoutLine: {'line': b'-- Symlinking: /workspace/install/parol6/share/parol6/meshes/L6.STL\n'}
[0.458390] (parol6) StdoutLine: {'line': b'-- Symlinking: /workspace/install/parol6/share/parol6/meshes/base_link.STL\n'}
[0.469737] (parol6) StdoutLine: {'line': b'-- Symlinking: /workspace/install/parol6/share/parol6/config/joint_names_PAROL6.yaml\n'}
[0.479742] (parol6) StdoutLine: {'line': b'-- Symlinking: /workspace/install/parol6/share/parol6/config/joint_trajectroy_controller.yaml\n'}
[0.489589] (parol6) StdoutLine: {'line': b'-- Symlinking: /workspace/install/parol6/share/parol6/config/ros2_controllers.yaml\n'}
[0.500701] (parol6) StdoutLine: {'line': b'-- Symlinking: /workspace/install/parol6/share/ament_index/resource_index/package_run_dependencies/parol6\n'}
[0.501221] (-) TimerEvent: {}
[0.510715] (parol6) StdoutLine: {'line': b'-- Symlinking: /workspace/install/parol6/share/ament_index/resource_index/parent_prefix_path/parol6\n'}
[0.521265] (parol6) StdoutLine: {'line': b'-- Symlinking: /workspace/install/parol6/share/parol6/environment/ament_prefix_path.sh\n'}
[0.531747] (parol6) StdoutLine: {'line': b'-- Symlinking: /workspace/install/parol6/share/parol6/environment/ament_prefix_path.dsv\n'}
[0.543155] (parol6) StdoutLine: {'line': b'-- Symlinking: /workspace/install/parol6/share/parol6/environment/path.sh\n'}
[0.553765] (parol6) StdoutLine: {'line': b'-- Symlinking: /workspace/install/parol6/share/parol6/environment/path.dsv\n'}
[0.565740] (parol6) StdoutLine: {'line': b'-- Symlinking: /workspace/install/parol6/share/parol6/local_setup.bash\n'}
[0.576456] (parol6) StdoutLine: {'line': b'-- Symlinking: /workspace/install/parol6/share/parol6/local_setup.sh\n'}
[0.587660] (parol6) StdoutLine: {'line': b'-- Symlinking: /workspace/install/parol6/share/parol6/local_setup.zsh\n'}
[0.598290] (parol6) StdoutLine: {'line': b'-- Symlinking: /workspace/install/parol6/share/parol6/local_setup.dsv\n'}
[0.601315] (-) TimerEvent: {}
[0.609072] (parol6) StdoutLine: {'line': b'-- Symlinking: /workspace/install/parol6/share/parol6/package.dsv\n'}
[0.619490] (parol6) StdoutLine: {'line': b'-- Symlinking: /workspace/install/parol6/share/ament_index/resource_index/packages/parol6\n'}
[0.630171] (parol6) StdoutLine: {'line': b'-- Symlinking: /workspace/install/parol6/share/parol6/cmake/parol6Config.cmake\n'}
[0.640688] (parol6) StdoutLine: {'line': b'-- Symlinking: /workspace/install/parol6/share/parol6/cmake/parol6Config-version.cmake\n'}
[0.652112] (parol6) StdoutLine: {'line': b'-- Symlinking: /workspace/install/parol6/share/parol6/package.xml\n'}
[0.666304] (parol6) CommandEnded: {'returncode': 0}
[0.701475] (-) TimerEvent: {}
[0.702020] (parol6) JobEnded: {'identifier': 'parol6', 'rc': 0}
[0.703106] (parol6_moveit_config) JobStarted: {'identifier': 'parol6_moveit_config'}
[0.710358] (parol6_moveit_config) JobProgress: {'identifier': 'parol6_moveit_config', 'progress': 'cmake'}
[0.711019] (parol6_moveit_config) Command: {'cmd': ['/usr/bin/cmake', '/workspace/parol6_moveit_config', '-DCMAKE_C_COMPILER_LAUNCHER=ccache', '-DCMAKE_CXX_COMPILER_LAUNCHER=ccache', '-DAMENT_CMAKE_SYMLINK_INSTALL=1', '-DCMAKE_INSTALL_PREFIX=/workspace/install/parol6_moveit_config'], 'cwd': '/workspace/build/parol6_moveit_config', 'env': OrderedDict([('USER', 'developer'), ('HOSTNAME', '24bc9ad0e87f'), ('SHLVL', '0'), ('LD_LIBRARY_PATH', '/opt/ros/humble/opt/rviz_ogre_vendor/lib:/opt/ros/humble/lib/x86_64-linux-gnu:/opt/ros/humble/lib:/opt/mujoco-3.2.7/bin:'), ('HOME', '/home/developer'), ('OLDPWD', '/workspace'), ('ROS_PYTHON_VERSION', '3'), ('GROUP', 'developer'), ('ROS_DISTRO', 'humble'), ('_', '/usr/bin/colcon'), ('ROS_VERSION', '2'), ('TERM', 'xterm'), ('ROS_LOCALHOST_ONLY', '0'), ('QT_X11_NO_MITSHM', '1'), ('PATH', '/opt/ros/humble/bin:/opt/mujoco-3.2.7/bin:/usr/local/sbin:/usr/local/bin:/usr/sbin:/usr/bin:/sbin:/bin'), ('MUJOCO_DIR', '/opt/mujoco-3.2.7'), ('DISPLAY', ':0'), ('LANG', 'C.UTF-8'), ('AMENT_PREFIX_PATH', '/workspace/install/parol6:/opt/ros/humble'), ('WITHIN_DEV', '1'), ('PWD', '/workspace/build/parol6_moveit_config'), ('LC_ALL', 'C.UTF-8'), ('USER_WS', '/home/developer/ws'), ('PYTHONPATH', '/opt/ros/humble/lib/python3.10/site-packages:/opt/ros/humble/local/lib/python3.10/dist-packages'), ('COLCON', '1'), ('MUJOCO_VERSION', '3.2.7'), ('CMAKE_PREFIX_PATH', '/workspace/install/parol6:/opt/ros/humble')]), 'shell': False}
[0.767734] (parol6_moveit_config) StdoutLine: {'line': b'-- The C compiler identification is GNU 11.4.0\n'}
[0.801610] (-) TimerEvent: {}
[0.826062] (parol6_moveit_config) StdoutLine: {'line': b'-- The CXX compiler identification is GNU 11.4.0\n'}
[0.834503] (parol6_moveit_config) StdoutLine: {'line': b'-- Detecting C compiler ABI info\n'}
[0.901782] (-) TimerEvent: {}
[0.913309] (parol6_moveit_config) StdoutLine: {'line': b'-- Detecting C compiler ABI info - done\n'}
[0.919834] (parol6_moveit_config) StdoutLine: {'line': b'-- Check for working C compiler: /usr/bin/cc - skipped\n'}
[0.920079] (parol6_moveit_config) StdoutLine: {'line': b'-- Detecting C compile features\n'}
[0.920349] (parol6_moveit_config) StdoutLine: {'line': b'-- Detecting C compile features - done\n'}
[0.923053] (parol6_moveit_config) StdoutLine: {'line': b'-- Detecting CXX compiler ABI info\n'}
[1.001873] (-) TimerEvent: {}
[1.006860] (parol6_moveit_config) StdoutLine: {'line': b'-- Detecting CXX compiler ABI info - done\n'}
[1.013197] (parol6_moveit_config) StdoutLine: {'line': b'-- Check for working CXX compiler: /usr/bin/c++ - skipped\n'}
[1.013407] (parol6_moveit_config) StdoutLine: {'line': b'-- Detecting CXX compile features\n'}
[1.013773] (parol6_moveit_config) StdoutLine: {'line': b'-- Detecting CXX compile features - done\n'}
[1.017770] (parol6_moveit_config) StdoutLine: {'line': b'-- Found ament_cmake: 1.3.11 (/opt/ros/humble/share/ament_cmake/cmake)\n'}
[1.101986] (-) TimerEvent: {}
[1.158161] (parol6_moveit_config) StdoutLine: {'line': b'-- Found Python3: /usr/bin/python3 (found version "3.10.12") found components: Interpreter \n'}
[1.202085] (-) TimerEvent: {}
[1.216714] (parol6_moveit_config) StdoutLine: {'line': b'-- Override CMake install command with custom implementation using symlinks instead of copying resources\n'}
[1.302234] (-) TimerEvent: {}
[1.327548] (parol6_moveit_config) StdoutLine: {'line': b'-- Configuring done\n'}
[1.331221] (parol6_moveit_config) StdoutLine: {'line': b'-- Generating done\n'}
[1.333097] (parol6_moveit_config) StdoutLine: {'line': b'-- Build files have been written to: /workspace/build/parol6_moveit_config\n'}
[1.339357] (parol6_moveit_config) CommandEnded: {'returncode': 0}
[1.340543] (parol6_moveit_config) JobProgress: {'identifier': 'parol6_moveit_config', 'progress': 'build'}
[1.341196] (parol6_moveit_config) Command: {'cmd': ['/usr/bin/cmake', '--build', '/workspace/build/parol6_moveit_config', '--', '-j16', '-l16'], 'cwd': '/workspace/build/parol6_moveit_config', 'env': OrderedDict([('USER', 'developer'), ('HOSTNAME', '24bc9ad0e87f'), ('SHLVL', '0'), ('LD_LIBRARY_PATH', '/opt/ros/humble/opt/rviz_ogre_vendor/lib:/opt/ros/humble/lib/x86_64-linux-gnu:/opt/ros/humble/lib:/opt/mujoco-3.2.7/bin:'), ('HOME', '/home/developer'), ('OLDPWD', '/workspace'), ('ROS_PYTHON_VERSION', '3'), ('GROUP', 'developer'), ('ROS_DISTRO', 'humble'), ('_', '/usr/bin/colcon'), ('ROS_VERSION', '2'), ('TERM', 'xterm'), ('ROS_LOCALHOST_ONLY', '0'), ('QT_X11_NO_MITSHM', '1'), ('PATH', '/opt/ros/humble/bin:/opt/mujoco-3.2.7/bin:/usr/local/sbin:/usr/local/bin:/usr/sbin:/usr/bin:/sbin:/bin'), ('MUJOCO_DIR', '/opt/mujoco-3.2.7'), ('DISPLAY', ':0'), ('LANG', 'C.UTF-8'), ('AMENT_PREFIX_PATH', '/workspace/install/parol6:/opt/ros/humble'), ('WITHIN_DEV', '1'), ('PWD', '/workspace/build/parol6_moveit_config'), ('LC_ALL', 'C.UTF-8'), ('USER_WS', '/home/developer/ws'), ('PYTHONPATH', '/opt/ros/humble/lib/python3.10/site-packages:/opt/ros/humble/local/lib/python3.10/dist-packages'), ('COLCON', '1'), ('MUJOCO_VERSION', '3.2.7'), ('CMAKE_PREFIX_PATH', '/workspace/install/parol6:/opt/ros/humble')]), 'shell': False}
[1.389789] (parol6_moveit_config) CommandEnded: {'returncode': 0}
[1.390568] (parol6_moveit_config) JobProgress: {'identifier': 'parol6_moveit_config', 'progress': 'install'}
[1.390767] (parol6_moveit_config) Command: {'cmd': ['/usr/bin/cmake', '--install', '/workspace/build/parol6_moveit_config'], 'cwd': '/workspace/build/parol6_moveit_config', 'env': OrderedDict([('USER', 'developer'), ('HOSTNAME', '24bc9ad0e87f'), ('SHLVL', '0'), ('LD_LIBRARY_PATH', '/opt/ros/humble/opt/rviz_ogre_vendor/lib:/opt/ros/humble/lib/x86_64-linux-gnu:/opt/ros/humble/lib:/opt/mujoco-3.2.7/bin:'), ('HOME', '/home/developer'), ('OLDPWD', '/workspace'), ('ROS_PYTHON_VERSION', '3'), ('GROUP', 'developer'), ('ROS_DISTRO', 'humble'), ('_', '/usr/bin/colcon'), ('ROS_VERSION', '2'), ('TERM', 'xterm'), ('ROS_LOCALHOST_ONLY', '0'), ('QT_X11_NO_MITSHM', '1'), ('PATH', '/opt/ros/humble/bin:/opt/mujoco-3.2.7/bin:/usr/local/sbin:/usr/local/bin:/usr/sbin:/usr/bin:/sbin:/bin'), ('MUJOCO_DIR', '/opt/mujoco-3.2.7'), ('DISPLAY', ':0'), ('LANG', 'C.UTF-8'), ('AMENT_PREFIX_PATH', '/workspace/install/parol6:/opt/ros/humble'), ('WITHIN_DEV', '1'), ('PWD', '/workspace/build/parol6_moveit_config'), ('LC_ALL', 'C.UTF-8'), ('USER_WS', '/home/developer/ws'), ('PYTHONPATH', '/opt/ros/humble/lib/python3.10/site-packages:/opt/ros/humble/local/lib/python3.10/dist-packages'), ('COLCON', '1'), ('MUJOCO_VERSION', '3.2.7'), ('CMAKE_PREFIX_PATH', '/workspace/install/parol6:/opt/ros/humble')]), 'shell': False}
[1.401003] (parol6_moveit_config) StdoutLine: {'line': b'-- Install configuration: ""\n'}
[1.401311] (parol6_moveit_config) StdoutLine: {'line': b'-- Execute custom install script\n'}
[1.401909] (parol6_moveit_config) StdoutLine: {'line': b'-- Symlinking: /workspace/install/parol6_moveit_config/share/parol6_moveit_config/config/joint_limits.yaml\n'}
[1.402297] (-) TimerEvent: {}
[1.413792] (parol6_moveit_config) StdoutLine: {'line': b'-- Symlinking: /workspace/install/parol6_moveit_config/share/parol6_moveit_config/config/kinematics.yaml\n'}
[1.425226] (parol6_moveit_config) StdoutLine: {'line': b'-- Symlinking: /workspace/install/parol6_moveit_config/share/parol6_moveit_config/config/moveit_controllers.yaml\n'}
[1.436054] (parol6_moveit_config) StdoutLine: {'line': b'-- Symlinking: /workspace/install/parol6_moveit_config/share/parol6_moveit_config/config/ompl_planning.yaml\n'}
[1.447255] (parol6_moveit_config) StdoutLine: {'line': b'-- Symlinking: /workspace/install/parol6_moveit_config/share/parol6_moveit_config/config/parol6.srdf\n'}
[1.459071] (parol6_moveit_config) StdoutLine: {'line': b'-- Symlinking: /workspace/install/parol6_moveit_config/share/parol6_moveit_config/config/ros2_controllers.yaml\n'}
[1.470052] (parol6_moveit_config) StdoutLine: {'line': b'-- Symlinking: /workspace/install/parol6_moveit_config/share/parol6_moveit_config/launch/demo.launch.py\n'}
[1.480894] (parol6_moveit_config) StdoutLine: {'line': b'-- Symlinking: /workspace/install/parol6_moveit_config/share/parol6_moveit_config/launch/move_group.launch.py\n'}
[1.491995] (parol6_moveit_config) StdoutLine: {'line': b'-- Symlinking: /workspace/install/parol6_moveit_config/share/parol6_moveit_config/rviz/moveit.rviz\n'}
[1.502431] (-) TimerEvent: {}
[1.503029] (parol6_moveit_config) StdoutLine: {'line': b'-- Symlinking: /workspace/install/parol6_moveit_config/share/ament_index/resource_index/package_run_dependencies/parol6_moveit_config\n'}
[1.513853] (parol6_moveit_config) StdoutLine: {'line': b'-- Symlinking: /workspace/install/parol6_moveit_config/share/ament_index/resource_index/parent_prefix_path/parol6_moveit_config\n'}
[1.524189] (parol6_moveit_config) StdoutLine: {'line': b'-- Symlinking: /workspace/install/parol6_moveit_config/share/parol6_moveit_config/environment/ament_prefix_path.sh\n'}
[1.534650] (parol6_moveit_config) StdoutLine: {'line': b'-- Symlinking: /workspace/install/parol6_moveit_config/share/parol6_moveit_config/environment/ament_prefix_path.dsv\n'}
[1.545547] (parol6_moveit_config) StdoutLine: {'line': b'-- Symlinking: /workspace/install/parol6_moveit_config/share/parol6_moveit_config/environment/path.sh\n'}
[1.556010] (parol6_moveit_config) StdoutLine: {'line': b'-- Symlinking: /workspace/install/parol6_moveit_config/share/parol6_moveit_config/environment/path.dsv\n'}
[1.568118] (parol6_moveit_config) StdoutLine: {'line': b'-- Symlinking: /workspace/install/parol6_moveit_config/share/parol6_moveit_config/local_setup.bash\n'}
[1.579010] (parol6_moveit_config) StdoutLine: {'line': b'-- Symlinking: /workspace/install/parol6_moveit_config/share/parol6_moveit_config/local_setup.sh\n'}
[1.589605] (parol6_moveit_config) StdoutLine: {'line': b'-- Symlinking: /workspace/install/parol6_moveit_config/share/parol6_moveit_config/local_setup.zsh\n'}
[1.599307] (parol6_moveit_config) StdoutLine: {'line': b'-- Symlinking: /workspace/install/parol6_moveit_config/share/parol6_moveit_config/local_setup.dsv\n'}
[1.602501] (-) TimerEvent: {}
[1.609078] (parol6_moveit_config) StdoutLine: {'line': b'-- Symlinking: /workspace/install/parol6_moveit_config/share/parol6_moveit_config/package.dsv\n'}
[1.619560] (parol6_moveit_config) StdoutLine: {'line': b'-- Symlinking: /workspace/install/parol6_moveit_config/share/ament_index/resource_index/packages/parol6_moveit_config\n'}
[1.629433] (parol6_moveit_config) StdoutLine: {'line': b'-- Symlinking: /workspace/install/parol6_moveit_config/share/parol6_moveit_config/cmake/parol6_moveit_configConfig.cmake\n'}
[1.639975] (parol6_moveit_config) StdoutLine: {'line': b'-- Symlinking: /workspace/install/parol6_moveit_config/share/parol6_moveit_config/cmake/parol6_moveit_configConfig-version.cmake\n'}
[1.650026] (parol6_moveit_config) StdoutLine: {'line': b'-- Symlinking: /workspace/install/parol6_moveit_config/share/parol6_moveit_config/package.xml\n'}
[1.662909] (parol6_moveit_config) CommandEnded: {'returncode': 0}
[1.674152] (parol6_moveit_config) JobEnded: {'identifier': 'parol6_moveit_config', 'rc': 0}
[1.674989] (-) EventReactorShutdown: {}
