[0.128s] DEBUG:colcon:Command line arguments: ['/usr/bin/colcon', 'build', '--symlink-install']
[0.128s] DEBUG:colcon:Parsed command line arguments: Namespace(log_base=None, log_level=None, verb_name='build', build_base='build', install_base='install', merge_install=False, symlink_install=True, test_result_base=None, continue_on_error=False, executor='parallel', parallel_workers=16, event_handlers=None, ignore_user_meta=False, metas=['./colcon.meta'], base_paths=['.'], packages_ignore=None, packages_ignore_regex=None, paths=None, packages_up_to=None, packages_up_to_regex=None, packages_above=None, packages_above_and_dependencies=None, packages_above_depth=None, packages_select_by_dep=None, packages_skip_by_dep=None, packages_skip_up_to=None, packages_select_build_failed=False, packages_skip_build_finished=False, packages_select_test_failures=False, packages_skip_test_passed=False, packages_select=None, packages_skip=None, packages_select_regex=None, packages_skip_regex=None, packages_start=None, packages_end=None, cmake_args=None, cmake_target=None, cmake_target_skip_unavailable=False, cmake_clean_cache=False, cmake_clean_first=False, cmake_force_configure=False, ament_cmake_args=None, catkin_cmake_args=None, catkin_skip_building_tests=False, mixin_files=None, mixin=None, verb_parser=<colcon_mixin.mixin.mixin_argument.MixinArgumentDecorator object at 0x76110250f670>, verb_extension=<colcon_core.verb.build.BuildVerb object at 0x761102731000>, main=<bound method BuildVerb.main of <colcon_core.verb.build.BuildVerb object at 0x761102731000>>, mixin_verb=('build',))
[0.262s] Level 1:colcon.colcon_core.package_discovery:discover_packages(colcon_meta) check parameters
[0.263s] INFO:colcon.colcon_metadata.package_discovery.colcon_meta:Using configuration from '/root/.colcon/metadata/default/Gazebo.meta'
[0.263s] INFO:colcon.colcon_metadata.package_discovery.colcon_meta:Using configuration from '/root/.colcon/metadata/default/fastdds.meta'
[0.263s] INFO:colcon.colcon_metadata.package_discovery.colcon_meta:Using configuration from '/root/.colcon/metadata/default/fastrtps.meta'
[0.263s] Level 1:colcon.colcon_core.package_discovery:discover_packages(recursive) check parameters
[0.264s] Level 1:colcon.colcon_core.package_discovery:discover_packages(ignore) check parameters
[0.264s] Level 1:colcon.colcon_core.package_discovery:discover_packages(path) check parameters
[0.264s] Level 1:colcon.colcon_core.package_discovery:discover_packages(colcon_meta) discover
[0.264s] Level 1:colcon.colcon_core.package_discovery:discover_packages(recursive) discover
[0.264s] INFO:colcon.colcon_core.package_discovery:Crawling recursively for packages in '/workspace'
[0.264s] Level 1:colcon.colcon_core.package_identification:_identify(.) by extensions ['ignore', 'ignore_ament_install']
[0.264s] Level 1:colcon.colcon_core.package_identification:_identify(.) by extension 'ignore'
[0.264s] Level 1:colcon.colcon_core.package_identification:_identify(.) by extension 'ignore_ament_install'
[0.264s] Level 1:colcon.colcon_core.package_identification:_identify(.) by extensions ['colcon_pkg']
[0.264s] Level 1:colcon.colcon_core.package_identification:_identify(.) by extension 'colcon_pkg'
[0.264s] Level 1:colcon.colcon_core.package_identification:_identify(.) by extensions ['colcon_meta']
[0.264s] Level 1:colcon.colcon_core.package_identification:_identify(.) by extension 'colcon_meta'
[0.264s] Level 1:colcon.colcon_core.package_identification:_identify(.) by extensions ['ros']
[0.264s] Level 1:colcon.colcon_core.package_identification:_identify(.) by extension 'ros'
[0.275s] Level 1:colcon.colcon_core.package_identification:_identify(.) by extensions ['cmake', 'python']
[0.275s] Level 1:colcon.colcon_core.package_identification:_identify(.) by extension 'cmake'
[0.275s] Level 1:colcon.colcon_core.package_identification:_identify(.) by extension 'python'
[0.275s] Level 1:colcon.colcon_core.package_identification:_identify(.) by extensions ['python_setup_py']
[0.275s] Level 1:colcon.colcon_core.package_identification:_identify(.) by extension 'python_setup_py'
[0.276s] Level 1:colcon.colcon_core.package_identification:_identify(PAROL6) by extensions ['ignore', 'ignore_ament_install']
[0.276s] Level 1:colcon.colcon_core.package_identification:_identify(PAROL6) by extension 'ignore'
[0.276s] Level 1:colcon.colcon_core.package_identification:_identify(PAROL6) by extension 'ignore_ament_install'
[0.276s] Level 1:colcon.colcon_core.package_identification:_identify(PAROL6) by extensions ['colcon_pkg']
[0.276s] Level 1:colcon.colcon_core.package_identification:_identify(PAROL6) by extension 'colcon_pkg'
[0.276s] Level 1:colcon.colcon_core.package_identification:_identify(PAROL6) by extensions ['colcon_meta']
[0.276s] Level 1:colcon.colcon_core.package_identification:_identify(PAROL6) by extension 'colcon_meta'
[0.276s] Level 1:colcon.colcon_core.package_identification:_identify(PAROL6) by extensions ['ros']
[0.276s] Level 1:colcon.colcon_core.package_identification:_identify(PAROL6) by extension 'ros'
[0.278s] DEBUG:colcon.colcon_core.package_identification:Package 'PAROL6' with type 'ros.ament_cmake' and name 'parol6'
[0.278s] Level 1:colcon.colcon_core.package_identification:_identify(build) by extensions ['ignore', 'ignore_ament_install']
[0.278s] Level 1:colcon.colcon_core.package_identification:_identify(build) by extension 'ignore'
[0.279s] Level 1:colcon.colcon_core.package_identification:_identify(build) ignored
[0.279s] Level 1:colcon.colcon_core.package_identification:_identify(docs) by extensions ['ignore', 'ignore_ament_install']
[0.279s] Level 1:colcon.colcon_core.package_identification:_identify(docs) by extension 'ignore'
[0.279s] Level 1:colcon.colcon_core.package_identification:_identify(docs) by extension 'ignore_ament_install'
[0.279s] Level 1:colcon.colcon_core.package_identification:_identify(docs) by extensions ['colcon_pkg']
[0.279s] Level 1:colcon.colcon_core.package_identification:_identify(docs) by extension 'colcon_pkg'
[0.279s] Level 1:colcon.colcon_core.package_identification:_identify(docs) by extensions ['colcon_meta']
[0.279s] Level 1:colcon.colcon_core.package_identification:_identify(docs) by extension 'colcon_meta'
[0.279s] Level 1:colcon.colcon_core.package_identification:_identify(docs) by extensions ['ros']
[0.279s] Level 1:colcon.colcon_core.package_identification:_identify(docs) by extension 'ros'
[0.279s] Level 1:colcon.colcon_core.package_identification:_identify(docs) by extensions ['cmake', 'python']
[0.279s] Level 1:colcon.colcon_core.package_identification:_identify(docs) by extension 'cmake'
[0.279s] Level 1:colcon.colcon_core.package_identification:_identify(docs) by extension 'python'
[0.279s] Level 1:colcon.colcon_core.package_identification:_identify(docs) by extensions ['python_setup_py']
[0.279s] Level 1:colcon.colcon_core.package_identification:_identify(docs) by extension 'python_setup_py'
[0.279s] Level 1:colcon.colcon_core.package_identification:_identify(install) by extensions ['ignore', 'ignore_ament_install']
[0.279s] Level 1:colcon.colcon_core.package_identification:_identify(install) by extension 'ignore'
[0.279s] Level 1:colcon.colcon_core.package_identification:_identify(install) ignored
[0.280s] Level 1:colcon.colcon_core.package_identification:_identify(log) by extensions ['ignore', 'ignore_ament_install']
[0.280s] Level 1:colcon.colcon_core.package_identification:_identify(log) by extension 'ignore'
[0.280s] Level 1:colcon.colcon_core.package_identification:_identify(log) ignored
[0.280s] Level 1:colcon.colcon_core.package_identification:_identify(parol6_moveit_config) by extensions ['ignore', 'ignore_ament_install']
[0.280s] Level 1:colcon.colcon_core.package_identification:_identify(parol6_moveit_config) by extension 'ignore'
[0.280s] Level 1:colcon.colcon_core.package_identification:_identify(parol6_moveit_config) by extension 'ignore_ament_install'
[0.280s] Level 1:colcon.colcon_core.package_identification:_identify(parol6_moveit_config) by extensions ['colcon_pkg']
[0.280s] Level 1:colcon.colcon_core.package_identification:_identify(parol6_moveit_config) by extension 'colcon_pkg'
[0.280s] Level 1:colcon.colcon_core.package_identification:_identify(parol6_moveit_config) by extensions ['colcon_meta']
[0.280s] Level 1:colcon.colcon_core.package_identification:_identify(parol6_moveit_config) by extension 'colcon_meta'
[0.280s] Level 1:colcon.colcon_core.package_identification:_identify(parol6_moveit_config) by extensions ['ros']
[0.280s] Level 1:colcon.colcon_core.package_identification:_identify(parol6_moveit_config) by extension 'ros'
[0.281s] DEBUG:colcon.colcon_core.package_identification:Package 'parol6_moveit_config' with type 'ros.ament_cmake' and name 'parol6_moveit_config'
[0.281s] Level 1:colcon.colcon_core.package_discovery:discover_packages(recursive) using defaults
[0.281s] Level 1:colcon.colcon_core.package_discovery:discover_packages(ignore) discover
[0.281s] Level 1:colcon.colcon_core.package_discovery:discover_packages(ignore) using defaults
[0.281s] Level 1:colcon.colcon_core.package_discovery:discover_packages(path) discover
[0.281s] Level 1:colcon.colcon_core.package_discovery:discover_packages(path) using defaults
[0.298s] Level 5:colcon.colcon_core.verb:set package 'parol6' build argument 'cmake_args' from command line to 'None'
[0.298s] Level 5:colcon.colcon_core.verb:set package 'parol6' build argument 'cmake_target' from command line to 'None'
[0.298s] Level 5:colcon.colcon_core.verb:set package 'parol6' build argument 'cmake_target_skip_unavailable' from command line to 'False'
[0.298s] Level 5:colcon.colcon_core.verb:set package 'parol6' build argument 'cmake_clean_cache' from command line to 'False'
[0.298s] Level 5:colcon.colcon_core.verb:set package 'parol6' build argument 'cmake_clean_first' from command line to 'False'
[0.298s] Level 5:colcon.colcon_core.verb:set package 'parol6' build argument 'cmake_force_configure' from command line to 'False'
[0.298s] Level 5:colcon.colcon_core.verb:set package 'parol6' build argument 'ament_cmake_args' from command line to 'None'
[0.298s] Level 5:colcon.colcon_core.verb:set package 'parol6' build argument 'catkin_cmake_args' from command line to 'None'
[0.298s] Level 5:colcon.colcon_core.verb:set package 'parol6' build argument 'catkin_skip_building_tests' from command line to 'False'
[0.298s] DEBUG:colcon.colcon_core.verb:Building package 'parol6' with the following arguments: {'ament_cmake_args': None, 'build_base': '/workspace/build/parol6', 'catkin_cmake_args': None, 'catkin_skip_building_tests': False, 'cmake_args': None, 'cmake_clean_cache': False, 'cmake_clean_first': False, 'cmake_force_configure': False, 'cmake_target': None, 'cmake_target_skip_unavailable': False, 'install_base': '/workspace/install/parol6', 'merge_install': False, 'path': '/workspace/PAROL6', 'symlink_install': True, 'test_result_base': None}
[0.299s] Level 5:colcon.colcon_core.verb:set package 'parol6_moveit_config' build argument 'cmake_args' from command line to 'None'
[0.299s] Level 5:colcon.colcon_core.verb:set package 'parol6_moveit_config' build argument 'cmake_target' from command line to 'None'
[0.299s] Level 5:colcon.colcon_core.verb:set package 'parol6_moveit_config' build argument 'cmake_target_skip_unavailable' from command line to 'False'
[0.299s] Level 5:colcon.colcon_core.verb:set package 'parol6_moveit_config' build argument 'cmake_clean_cache' from command line to 'False'
[0.299s] Level 5:colcon.colcon_core.verb:set package 'parol6_moveit_config' build argument 'cmake_clean_first' from command line to 'False'
[0.299s] Level 5:colcon.colcon_core.verb:set package 'parol6_moveit_config' build argument 'cmake_force_configure' from command line to 'False'
[0.299s] Level 5:colcon.colcon_core.verb:set package 'parol6_moveit_config' build argument 'ament_cmake_args' from command line to 'None'
[0.299s] Level 5:colcon.colcon_core.verb:set package 'parol6_moveit_config' build argument 'catkin_cmake_args' from command line to 'None'
[0.299s] Level 5:colcon.colcon_core.verb:set package 'parol6_moveit_config' build argument 'catkin_skip_building_tests' from command line to 'False'
[0.299s] DEBUG:colcon.colcon_core.verb:Building package 'parol6_moveit_config' with the following arguments: {'ament_cmake_args': None, 'build_base': '/workspace/build/parol6_moveit_config', 'catkin_cmake_args': None, 'catkin_skip_building_tests': False, 'cmake_args': None, 'cmake_clean_cache': False, 'cmake_clean_first': False, 'cmake_force_configure': False, 'cmake_target': None, 'cmake_target_skip_unavailable': False, 'install_base': '/workspace/install/parol6_moveit_config', 'merge_install': False, 'path': '/workspace/parol6_moveit_config', 'symlink_install': True, 'test_result_base': None}
[0.299s] INFO:colcon.colcon_core.executor:Executing jobs using 'parallel' executor
[0.300s] DEBUG:colcon.colcon_parallel_executor.executor.parallel:run_until_complete
[0.300s] INFO:colcon.colcon_ros.task.ament_cmake.build:Building ROS package in '/workspace/PAROL6' with build type 'ament_cmake'
[0.300s] INFO:colcon.colcon_cmake.task.cmake.build:Building CMake package in '/workspace/PAROL6'
[0.302s] INFO:colcon.colcon_core.plugin_system:Skipping extension 'colcon_core.shell.bat': Not used on non-Windows systems
[0.302s] INFO:colcon.colcon_core.shell:Skip shell extension 'powershell' for command environment: Not usable outside of PowerShell
[0.302s] DEBUG:colcon.colcon_core.shell:Skip shell extension 'dsv' for command environment
[0.311s] DEBUG:colcon.colcon_core.event_handler.log_command:Invoking command in '/workspace/build/parol6': CMAKE_PREFIX_PATH=/opt/ros/humble /usr/bin/cmake --build /workspace/build/parol6 -- -j16 -l16
[0.351s] DEBUG:colcon.colcon_core.event_handler.log_command:Invoked command in '/workspace/build/parol6' returned '0': CMAKE_PREFIX_PATH=/opt/ros/humble /usr/bin/cmake --build /workspace/build/parol6 -- -j16 -l16
[0.361s] DEBUG:colcon.colcon_core.event_handler.log_command:Invoking command in '/workspace/build/parol6': CMAKE_PREFIX_PATH=/opt/ros/humble /usr/bin/cmake --install /workspace/build/parol6
[0.384s] Level 1:colcon.colcon_core.environment:create_environment_scripts_only(parol6)
[0.384s] DEBUG:colcon.colcon_core.event_handler.log_command:Invoked command in '/workspace/build/parol6' returned '0': CMAKE_PREFIX_PATH=/opt/ros/humble /usr/bin/cmake --install /workspace/build/parol6
[0.386s] Level 1:colcon.colcon_core.environment:checking '/workspace/install/parol6' for CMake module files
[0.387s] Level 1:colcon.colcon_core.environment:checking '/workspace/install/parol6' for CMake config files
[0.387s] Level 1:colcon.colcon_core.shell:create_environment_hook('parol6', 'cmake_prefix_path')
[0.387s] INFO:colcon.colcon_core.shell:Creating environment hook '/workspace/install/parol6/share/parol6/hook/cmake_prefix_path.ps1'
[0.388s] INFO:colcon.colcon_core.shell:Creating environment descriptor '/workspace/install/parol6/share/parol6/hook/cmake_prefix_path.dsv'
[0.388s] INFO:colcon.colcon_core.shell:Creating environment hook '/workspace/install/parol6/share/parol6/hook/cmake_prefix_path.sh'
[0.389s] Level 1:colcon.colcon_core.environment:checking '/workspace/install/parol6/bin'
[0.389s] Level 1:colcon.colcon_core.environment:checking '/workspace/install/parol6/lib/pkgconfig/parol6.pc'
[0.391s] Level 1:colcon.colcon_core.environment:checking '/workspace/install/parol6/lib/python3.10/site-packages'
[0.391s] Level 1:colcon.colcon_core.environment:checking '/workspace/install/parol6/bin'
[0.391s] INFO:colcon.colcon_core.shell:Creating package script '/workspace/install/parol6/share/parol6/package.ps1'
[0.392s] INFO:colcon.colcon_core.shell:Creating package descriptor '/workspace/install/parol6/share/parol6/package.dsv'
[0.393s] INFO:colcon.colcon_core.shell:Creating package script '/workspace/install/parol6/share/parol6/package.sh'
[0.393s] INFO:colcon.colcon_core.shell:Creating package script '/workspace/install/parol6/share/parol6/package.bash'
[0.394s] INFO:colcon.colcon_core.shell:Creating package script '/workspace/install/parol6/share/parol6/package.zsh'
[0.394s] Level 1:colcon.colcon_core.environment:create_file_with_runtime_dependencies(/workspace/install/parol6/share/colcon-core/packages/parol6)
[0.395s] Level 1:colcon.colcon_core.environment:create_environment_scripts_only(parol6)
[0.395s] Level 1:colcon.colcon_core.environment:checking '/workspace/install/parol6' for CMake module files
[0.395s] Level 1:colcon.colcon_core.environment:checking '/workspace/install/parol6' for CMake config files
[0.396s] Level 1:colcon.colcon_core.shell:create_environment_hook('parol6', 'cmake_prefix_path')
[0.396s] INFO:colcon.colcon_core.shell:Creating environment hook '/workspace/install/parol6/share/parol6/hook/cmake_prefix_path.ps1'
[0.396s] INFO:colcon.colcon_core.shell:Creating environment descriptor '/workspace/install/parol6/share/parol6/hook/cmake_prefix_path.dsv'
[0.397s] INFO:colcon.colcon_core.shell:Creating environment hook '/workspace/install/parol6/share/parol6/hook/cmake_prefix_path.sh'
[0.397s] Level 1:colcon.colcon_core.environment:checking '/workspace/install/parol6/bin'
[0.397s] Level 1:colcon.colcon_core.environment:checking '/workspace/install/parol6/lib/pkgconfig/parol6.pc'
[0.397s] Level 1:colcon.colcon_core.environment:checking '/workspace/install/parol6/lib/python3.10/site-packages'
[0.398s] Level 1:colcon.colcon_core.environment:checking '/workspace/install/parol6/bin'
[0.398s] INFO:colcon.colcon_core.shell:Creating package script '/workspace/install/parol6/share/parol6/package.ps1'
[0.398s] INFO:colcon.colcon_core.shell:Creating package descriptor '/workspace/install/parol6/share/parol6/package.dsv'
[0.399s] INFO:colcon.colcon_core.shell:Creating package script '/workspace/install/parol6/share/parol6/package.sh'
[0.399s] INFO:colcon.colcon_core.shell:Creating package script '/workspace/install/parol6/share/parol6/package.bash'
[0.399s] INFO:colcon.colcon_core.shell:Creating package script '/workspace/install/parol6/share/parol6/package.zsh'
[0.400s] Level 1:colcon.colcon_core.environment:create_file_with_runtime_dependencies(/workspace/install/parol6/share/colcon-core/packages/parol6)
[0.400s] INFO:colcon.colcon_ros.task.ament_cmake.build:Building ROS package in '/workspace/parol6_moveit_config' with build type 'ament_cmake'
[0.400s] INFO:colcon.colcon_cmake.task.cmake.build:Building CMake package in '/workspace/parol6_moveit_config'
[0.400s] INFO:colcon.colcon_core.shell:Skip shell extension 'powershell' for command environment: Not usable outside of PowerShell
[0.401s] DEBUG:colcon.colcon_core.shell:Skip shell extension 'dsv' for command environment
[0.409s] DEBUG:colcon.colcon_core.event_handler.log_command:Invoking command in '/workspace/build/parol6_moveit_config': AMENT_PREFIX_PATH=/workspace/install/parol6:${AMENT_PREFIX_PATH} CMAKE_PREFIX_PATH=/workspace/install/parol6:/opt/ros/humble /usr/bin/cmake --build /workspace/build/parol6_moveit_config -- -j16 -l16
[0.447s] DEBUG:colcon.colcon_core.event_handler.log_command:Invoked command in '/workspace/build/parol6_moveit_config' returned '0': AMENT_PREFIX_PATH=/workspace/install/parol6:${AMENT_PREFIX_PATH} CMAKE_PREFIX_PATH=/workspace/install/parol6:/opt/ros/humble /usr/bin/cmake --build /workspace/build/parol6_moveit_config -- -j16 -l16
[0.447s] DEBUG:colcon.colcon_core.event_handler.log_command:Invoking command in '/workspace/build/parol6_moveit_config': AMENT_PREFIX_PATH=/workspace/install/parol6:${AMENT_PREFIX_PATH} CMAKE_PREFIX_PATH=/workspace/install/parol6:/opt/ros/humble /usr/bin/cmake --install /workspace/build/parol6_moveit_config
[0.471s] Level 1:colcon.colcon_core.environment:create_environment_scripts_only(parol6_moveit_config)
[0.471s] Level 1:colcon.colcon_core.environment:checking '/workspace/install/parol6_moveit_config' for CMake module files
[0.472s] DEBUG:colcon.colcon_core.event_handler.log_command:Invoked command in '/workspace/build/parol6_moveit_config' returned '0': AMENT_PREFIX_PATH=/workspace/install/parol6:${AMENT_PREFIX_PATH} CMAKE_PREFIX_PATH=/workspace/install/parol6:/opt/ros/humble /usr/bin/cmake --install /workspace/build/parol6_moveit_config
[0.472s] Level 1:colcon.colcon_core.environment:checking '/workspace/install/parol6_moveit_config' for CMake config files
[0.473s] Level 1:colcon.colcon_core.shell:create_environment_hook('parol6_moveit_config', 'cmake_prefix_path')
[0.473s] INFO:colcon.colcon_core.shell:Creating environment hook '/workspace/install/parol6_moveit_config/share/parol6_moveit_config/hook/cmake_prefix_path.ps1'
[0.473s] INFO:colcon.colcon_core.shell:Creating environment descriptor '/workspace/install/parol6_moveit_config/share/parol6_moveit_config/hook/cmake_prefix_path.dsv'
[0.474s] INFO:colcon.colcon_core.shell:Creating environment hook '/workspace/install/parol6_moveit_config/share/parol6_moveit_config/hook/cmake_prefix_path.sh'
[0.474s] Level 1:colcon.colcon_core.environment:checking '/workspace/install/parol6_moveit_config/bin'
[0.474s] Level 1:colcon.colcon_core.environment:checking '/workspace/install/parol6_moveit_config/lib/pkgconfig/parol6_moveit_config.pc'
[0.474s] Level 1:colcon.colcon_core.environment:checking '/workspace/install/parol6_moveit_config/lib/python3.10/site-packages'
[0.475s] Level 1:colcon.colcon_core.environment:checking '/workspace/install/parol6_moveit_config/bin'
[0.475s] INFO:colcon.colcon_core.shell:Creating package script '/workspace/install/parol6_moveit_config/share/parol6_moveit_config/package.ps1'
[0.476s] INFO:colcon.colcon_core.shell:Creating package descriptor '/workspace/install/parol6_moveit_config/share/parol6_moveit_config/package.dsv'
[0.476s] INFO:colcon.colcon_core.shell:Creating package script '/workspace/install/parol6_moveit_config/share/parol6_moveit_config/package.sh'
[0.476s] INFO:colcon.colcon_core.shell:Creating package script '/workspace/install/parol6_moveit_config/share/parol6_moveit_config/package.bash'
[0.477s] INFO:colcon.colcon_core.shell:Creating package script '/workspace/install/parol6_moveit_config/share/parol6_moveit_config/package.zsh'
[0.477s] Level 1:colcon.colcon_core.environment:create_file_with_runtime_dependencies(/workspace/install/parol6_moveit_config/share/colcon-core/packages/parol6_moveit_config)
[0.477s] Level 1:colcon.colcon_core.environment:create_environment_scripts_only(parol6_moveit_config)
[0.478s] Level 1:colcon.colcon_core.environment:checking '/workspace/install/parol6_moveit_config' for CMake module files
[0.478s] Level 1:colcon.colcon_core.environment:checking '/workspace/install/parol6_moveit_config' for CMake config files
[0.478s] Level 1:colcon.colcon_core.shell:create_environment_hook('parol6_moveit_config', 'cmake_prefix_path')
[0.478s] INFO:colcon.colcon_core.shell:Creating environment hook '/workspace/install/parol6_moveit_config/share/parol6_moveit_config/hook/cmake_prefix_path.ps1'
[0.479s] INFO:colcon.colcon_core.shell:Creating environment descriptor '/workspace/install/parol6_moveit_config/share/parol6_moveit_config/hook/cmake_prefix_path.dsv'
[0.479s] INFO:colcon.colcon_core.shell:Creating environment hook '/workspace/install/parol6_moveit_config/share/parol6_moveit_config/hook/cmake_prefix_path.sh'
[0.480s] Level 1:colcon.colcon_core.environment:checking '/workspace/install/parol6_moveit_config/bin'
[0.480s] Level 1:colcon.colcon_core.environment:checking '/workspace/install/parol6_moveit_config/lib/pkgconfig/parol6_moveit_config.pc'
[0.480s] Level 1:colcon.colcon_core.environment:checking '/workspace/install/parol6_moveit_config/lib/python3.10/site-packages'
[0.480s] Level 1:colcon.colcon_core.environment:checking '/workspace/install/parol6_moveit_config/bin'
[0.481s] INFO:colcon.colcon_core.shell:Creating package script '/workspace/install/parol6_moveit_config/share/parol6_moveit_config/package.ps1'
[0.481s] INFO:colcon.colcon_core.shell:Creating package descriptor '/workspace/install/parol6_moveit_config/share/parol6_moveit_config/package.dsv'
[0.481s] INFO:colcon.colcon_core.shell:Creating package script '/workspace/install/parol6_moveit_config/share/parol6_moveit_config/package.sh'
[0.482s] INFO:colcon.colcon_core.shell:Creating package script '/workspace/install/parol6_moveit_config/share/parol6_moveit_config/package.bash'
[0.482s] INFO:colcon.colcon_core.shell:Creating package script '/workspace/install/parol6_moveit_config/share/parol6_moveit_config/package.zsh'
[0.482s] Level 1:colcon.colcon_core.environment:create_file_with_runtime_dependencies(/workspace/install/parol6_moveit_config/share/colcon-core/packages/parol6_moveit_config)
[0.483s] DEBUG:colcon.colcon_parallel_executor.executor.parallel:closing loop
[0.483s] DEBUG:colcon.colcon_parallel_executor.executor.parallel:loop closed
[0.483s] DEBUG:colcon.colcon_parallel_executor.executor.parallel:run_until_complete finished with '0'
[0.483s] DEBUG:colcon.colcon_core.event_reactor:joining thread
[0.489s] INFO:colcon.colcon_core.plugin_system:Skipping extension 'colcon_notification.desktop_notification.notify_send': Could not find 'notify-send'
[0.490s] INFO:colcon.colcon_core.plugin_system:Skipping extension 'colcon_notification.desktop_notification.terminal_notifier': Not used on non-Darwin systems
[0.490s] INFO:colcon.colcon_core.plugin_system:Skipping extension 'colcon_notification.desktop_notification.win32': Not used on non-Windows systems
[0.490s] INFO:colcon.colcon_notification.desktop_notification:Sending desktop notification using 'notify2'
[0.492s] DEBUG:colcon.colcon_notification.desktop_notification.notify2:Failed to initialize notify2: org.freedesktop.DBus.Error.Spawn.ExecFailed: /usr/bin/dbus-launch terminated abnormally without any error message
[0.493s] DEBUG:colcon.colcon_core.event_reactor:joined thread
[0.493s] INFO:colcon.colcon_core.shell:Creating prefix script '/workspace/install/local_setup.ps1'
[0.494s] INFO:colcon.colcon_core.shell:Creating prefix util module '/workspace/install/_local_setup_util_ps1.py'
[0.510s] INFO:colcon.colcon_core.shell:Creating prefix chain script '/workspace/install/setup.ps1'
[0.511s] INFO:colcon.colcon_core.shell:Creating prefix script '/workspace/install/local_setup.sh'
[0.512s] INFO:colcon.colcon_core.shell:Creating prefix util module '/workspace/install/_local_setup_util_sh.py'
[0.512s] INFO:colcon.colcon_core.shell:Creating prefix chain script '/workspace/install/setup.sh'
[0.513s] INFO:colcon.colcon_core.shell:Creating prefix script '/workspace/install/local_setup.bash'
[0.514s] INFO:colcon.colcon_core.shell:Creating prefix chain script '/workspace/install/setup.bash'
[0.515s] INFO:colcon.colcon_core.shell:Creating prefix script '/workspace/install/local_setup.zsh'
[0.515s] INFO:colcon.colcon_core.shell:Creating prefix chain script '/workspace/install/setup.zsh'
