[0.014s] Invoking command in '/workspace/build/parol6': /usr/bin/cmake /workspace/PAROL6 -DCMAKE_C_COMPILER_LAUNCHER=ccache -DCMAKE_CXX_COMPILER_LAUNCHER=ccache -DCMAKE_INSTALL_PREFIX=/workspace/install/parol6
[0.185s] -- The C compiler identification is GNU 11.4.0
[0.294s] -- The CXX compiler identification is GNU 11.4.0
[0.305s] -- Detecting C compiler ABI info
[0.385s] -- Detecting C compiler ABI info - done
[0.391s] -- Check for working C compiler: /usr/bin/cc - skipped
[0.392s] -- Detecting C compile features
[0.393s] -- Detecting C compile features - done
[0.397s] -- Detecting CXX compiler ABI info
[0.480s] -- Detecting CXX compiler ABI info - done
[0.486s] -- Check for working CXX compiler: /usr/bin/c++ - skipped
[0.486s] -- Detecting CXX compile features
[0.486s] -- Detecting CXX compile features - done
[0.506s] [31mCMake Error at CMakeLists.txt:4 (find_package):
[0.506s]   By not providing "Findament_cmake.cmake" in CMAKE_MODULE_PATH this project
[0.506s]   has asked CMake to find a package configuration file provided by
[0.506s]   "ament_cmake", but CMake did not find one.
[0.506s] 
[0.506s]   Could not find a package configuration file provided by "ament_cmake" with
[0.506s]   any of the following names:
[0.506s] 
[0.506s]     ament_cmakeConfig.cmake
[0.507s]     ament_cmake-config.cmake
[0.507s] 
[0.507s]   Add the installation prefix of "ament_cmake" to CMAKE_PREFIX_PATH or set
[0.507s]   "ament_cmake_DIR" to a directory containing one of the above files.  If
[0.507s]   "ament_cmake" provides a separate development package or SDK, be sure it
[0.507s]   has been installed.
[0.507s] 
[0.507s] [0m
[0.507s] -- Configuring incomplete, errors occurred!
[0.507s] See also "/workspace/build/parol6/CMakeFiles/CMakeOutput.log".
[0.511s] Invoked command in '/workspace/build/parol6' returned '1': /usr/bin/cmake /workspace/PAROL6 -DCMAKE_C_COMPILER_LAUNCHER=ccache -DCMAKE_CXX_COMPILER_LAUNCHER=ccache -DCMAKE_INSTALL_PREFIX=/workspace/install/parol6
