[0.007s] Invoking command in '/workspace/build/parol6_moveit_config': AMENT_PREFIX_PATH=/workspace/install/parol6:${AMENT_PREFIX_PATH} CMAKE_PREFIX_PATH=/workspace/install/parol6:/opt/ros/humble /usr/bin/cmake /workspace/parol6_moveit_config -DAMENT_CMAKE_SYMLINK_INSTALL=1 -DCMAKE_INSTALL_PREFIX=/workspace/install/parol6_moveit_config
[0.060s] -- The C compiler identification is GNU 11.4.0
[0.108s] -- The CXX compiler identification is GNU 11.4.0
[0.116s] -- Detecting C compiler ABI info
[0.181s] -- Detecting C compiler ABI info - done
[0.187s] -- Check for working C compiler: /usr/bin/cc - skipped
[0.187s] -- Detecting C compile features
[0.188s] -- Detecting C compile features - done
[0.190s] -- Detecting CXX compiler ABI info
[0.270s] -- Detecting CXX compiler ABI info - done
[0.276s] -- Check for working CXX compiler: /usr/bin/c++ - skipped
[0.276s] -- Detecting CXX compile features
[0.276s] -- Detecting CXX compile features - done
[0.281s] -- Found ament_cmake: 1.3.11 (/opt/ros/humble/share/ament_cmake/cmake)
[0.433s] -- Found Python3: /usr/bin/python3 (found version "3.10.12") found components: Interpreter 
[0.513s] -- Override CMake install command with custom implementation using symlinks instead of copying resources
[0.627s] -- Configuring done
[0.630s] -- Generating done
[0.632s] -- Build files have been written to: /workspace/build/parol6_moveit_config
[0.637s] Invoked command in '/workspace/build/parol6_moveit_config' returned '0': AMENT_PREFIX_PATH=/workspace/install/parol6:${AMENT_PREFIX_PATH} CMAKE_PREFIX_PATH=/workspace/install/parol6:/opt/ros/humble /usr/bin/cmake /workspace/parol6_moveit_config -DAMENT_CMAKE_SYMLINK_INSTALL=1 -DCMAKE_INSTALL_PREFIX=/workspace/install/parol6_moveit_config
[0.639s] Invoking command in '/workspace/build/parol6_moveit_config': AMENT_PREFIX_PATH=/workspace/install/parol6:${AMENT_PREFIX_PATH} CMAKE_PREFIX_PATH=/workspace/install/parol6:/opt/ros/humble /usr/bin/cmake --build /workspace/build/parol6_moveit_config -- -j16 -l16
[0.678s] Invoked command in '/workspace/build/parol6_moveit_config' returned '0': AMENT_PREFIX_PATH=/workspace/install/parol6:${AMENT_PREFIX_PATH} CMAKE_PREFIX_PATH=/workspace/install/parol6:/opt/ros/humble /usr/bin/cmake --build /workspace/build/parol6_moveit_config -- -j16 -l16
[0.680s] Invoking command in '/workspace/build/parol6_moveit_config': AMENT_PREFIX_PATH=/workspace/install/parol6:${AMENT_PREFIX_PATH} CMAKE_PREFIX_PATH=/workspace/install/parol6:/opt/ros/humble /usr/bin/cmake --install /workspace/build/parol6_moveit_config
[0.687s] -- Install configuration: ""
[0.688s] -- Execute custom install script
[0.688s] -- Symlinking: /workspace/install/parol6_moveit_config/share/parol6_moveit_config/config/joint_limits.yaml
[0.698s] -- Symlinking: /workspace/install/parol6_moveit_config/share/parol6_moveit_config/config/kinematics.yaml
[0.706s] -- Symlinking: /workspace/install/parol6_moveit_config/share/parol6_moveit_config/config/moveit_controllers.yaml
[0.715s] -- Symlinking: /workspace/install/parol6_moveit_config/share/parol6_moveit_config/config/ompl_planning.yaml
[0.724s] -- Symlinking: /workspace/install/parol6_moveit_config/share/parol6_moveit_config/config/parol6.srdf
[0.733s] -- Symlinking: /workspace/install/parol6_moveit_config/share/parol6_moveit_config/config/ros2_controllers.yaml
[0.742s] -- Symlinking: /workspace/install/parol6_moveit_config/share/parol6_moveit_config/launch/__pycache__/demo.launch.cpython-310.pyc
[0.751s] -- Symlinking: /workspace/install/parol6_moveit_config/share/parol6_moveit_config/launch/demo.launch.py
[0.759s] -- Symlinking: /workspace/install/parol6_moveit_config/share/parol6_moveit_config/launch/move_group.launch.py
[0.768s] -- Symlinking: /workspace/install/parol6_moveit_config/share/parol6_moveit_config/rviz/moveit.rviz
[0.777s] -- Symlinking: /workspace/install/parol6_moveit_config/share/ament_index/resource_index/package_run_dependencies/parol6_moveit_config
[0.786s] -- Symlinking: /workspace/install/parol6_moveit_config/share/ament_index/resource_index/parent_prefix_path/parol6_moveit_config
[0.795s] -- Symlinking: /workspace/install/parol6_moveit_config/share/parol6_moveit_config/environment/ament_prefix_path.sh
[0.804s] -- Symlinking: /workspace/install/parol6_moveit_config/share/parol6_moveit_config/environment/ament_prefix_path.dsv
[0.812s] -- Symlinking: /workspace/install/parol6_moveit_config/share/parol6_moveit_config/environment/path.sh
[0.821s] -- Symlinking: /workspace/install/parol6_moveit_config/share/parol6_moveit_config/environment/path.dsv
[0.829s] -- Symlinking: /workspace/install/parol6_moveit_config/share/parol6_moveit_config/local_setup.bash
[0.838s] -- Symlinking: /workspace/install/parol6_moveit_config/share/parol6_moveit_config/local_setup.sh
[0.847s] -- Symlinking: /workspace/install/parol6_moveit_config/share/parol6_moveit_config/local_setup.zsh
[0.856s] -- Symlinking: /workspace/install/parol6_moveit_config/share/parol6_moveit_config/local_setup.dsv
[0.864s] -- Symlinking: /workspace/install/parol6_moveit_config/share/parol6_moveit_config/package.dsv
[0.873s] -- Symlinking: /workspace/install/parol6_moveit_config/share/ament_index/resource_index/packages/parol6_moveit_config
[0.881s] -- Symlinking: /workspace/install/parol6_moveit_config/share/parol6_moveit_config/cmake/parol6_moveit_configConfig.cmake
[0.889s] -- Symlinking: /workspace/install/parol6_moveit_config/share/parol6_moveit_config/cmake/parol6_moveit_configConfig-version.cmake
[0.897s] -- Symlinking: /workspace/install/parol6_moveit_config/share/parol6_moveit_config/package.xml
[0.907s] Invoked command in '/workspace/build/parol6_moveit_config' returned '0': AMENT_PREFIX_PATH=/workspace/install/parol6:${AMENT_PREFIX_PATH} CMAKE_PREFIX_PATH=/workspace/install/parol6:/opt/ros/humble /usr/bin/cmake --install /workspace/build/parol6_moveit_config
