[0.000000] (-) TimerEvent: {}
[0.000146] (parol6) JobQueued: {'identifier': 'parol6', 'dependencies': OrderedDict()}
[0.000227] (parol6_moveit_config) JobQueued: {'identifier': 'parol6_moveit_config', 'dependencies': OrderedDict([('parol6', '/workspace/install/parol6')])}
[0.000277] (parol6) JobStarted: {'identifier': 'parol6'}
[0.013272] (parol6) JobProgress: {'identifier': 'parol6', 'progress': 'cmake'}
[0.013804] (parol6) Command: {'cmd': ['/usr/bin/cmake', '/workspace/PAROL6', '-DAMENT_CMAKE_SYMLINK_INSTALL=1', '-DCMAKE_INSTALL_PREFIX=/workspace/install/parol6'], 'cwd': '/workspace/build/parol6', 'env': OrderedDict([('HOSTNAME', '7d1cec743283'), ('SHLVL', '0'), ('LD_LIBRARY_PATH', '/usr/lib/x86_64-linux-gnu/gazebo-11/plugins:/opt/ros/humble/opt/rviz_ogre_vendor/lib:/opt/ros/humble/lib/x86_64-linux-gnu:/opt/ros/humble/lib'), ('HOME', '/root'), ('OLDPWD', '/workspace'), ('ROS_PYTHON_VERSION', '3'), ('ROS_DISTRO', 'humble'), ('_', '/usr/bin/colcon'), ('ROS_VERSION', '2'), ('TERM', 'xterm'), ('ROS_LOCALHOST_ONLY', '0'), ('PATH', '/opt/ros/humble/bin:/usr/local/sbin:/usr/local/bin:/usr/sbin:/usr/bin:/sbin:/bin'), ('LANG', 'C.UTF-8'), ('AMENT_PREFIX_PATH', '/opt/ros/humble'), ('PWD', '/workspace/build/parol6'), ('LC_ALL', 'C.UTF-8'), ('PYTHONPATH', '/opt/ros/humble/lib/python3.10/site-packages:/opt/ros/humble/local/lib/python3.10/dist-packages'), ('COLCON', '1'), ('CMAKE_PREFIX_PATH', '/opt/ros/humble')]), 'shell': False}
[0.083374] (parol6) StdoutLine: {'line': b'-- The C compiler identification is GNU 11.4.0\n'}
[0.099245] (-) TimerEvent: {}
[0.137451] (parol6) StdoutLine: {'line': b'-- The CXX compiler identification is GNU 11.4.0\n'}
[0.148142] (parol6) StdoutLine: {'line': b'-- Detecting C compiler ABI info\n'}
[0.199363] (-) TimerEvent: {}
[0.215161] (parol6) StdoutLine: {'line': b'-- Detecting C compiler ABI info - done\n'}
[0.220916] (parol6) StdoutLine: {'line': b'-- Check for working C compiler: /usr/bin/cc - skipped\n'}
[0.221496] (parol6) StdoutLine: {'line': b'-- Detecting C compile features\n'}
[0.222057] (parol6) StdoutLine: {'line': b'-- Detecting C compile features - done\n'}
[0.225293] (parol6) StdoutLine: {'line': b'-- Detecting CXX compiler ABI info\n'}
[0.299474] (-) TimerEvent: {}
[0.300431] (parol6) StdoutLine: {'line': b'-- Detecting CXX compiler ABI info - done\n'}
[0.306454] (parol6) StdoutLine: {'line': b'-- Check for working CXX compiler: /usr/bin/c++ - skipped\n'}
[0.306675] (parol6) StdoutLine: {'line': b'-- Detecting CXX compile features\n'}
[0.307020] (parol6) StdoutLine: {'line': b'-- Detecting CXX compile features - done\n'}
[0.322390] (parol6) StdoutLine: {'line': b'-- Found ament_cmake: 1.3.11 (/opt/ros/humble/share/ament_cmake/cmake)\n'}
[0.399589] (-) TimerEvent: {}
[0.462791] (parol6) StdoutLine: {'line': b'-- Found Python3: /usr/bin/python3 (found version "3.10.12") found components: Interpreter \n'}
[0.499702] (-) TimerEvent: {}
[0.521214] (parol6) StdoutLine: {'line': b'-- Override CMake install command with custom implementation using symlinks instead of copying resources\n'}
[0.599821] (-) TimerEvent: {}
[0.646074] (parol6) StdoutLine: {'line': b'-- Configuring done\n'}
[0.648989] (parol6) StdoutLine: {'line': b'-- Generating done\n'}
[0.650487] (parol6) StdoutLine: {'line': b'-- Build files have been written to: /workspace/build/parol6\n'}
[0.654930] (parol6) CommandEnded: {'returncode': 0}
[0.655412] (parol6) JobProgress: {'identifier': 'parol6', 'progress': 'build'}
[0.656320] (parol6) Command: {'cmd': ['/usr/bin/cmake', '--build', '/workspace/build/parol6', '--', '-j16', '-l16'], 'cwd': '/workspace/build/parol6', 'env': OrderedDict([('HOSTNAME', '7d1cec743283'), ('SHLVL', '0'), ('LD_LIBRARY_PATH', '/usr/lib/x86_64-linux-gnu/gazebo-11/plugins:/opt/ros/humble/opt/rviz_ogre_vendor/lib:/opt/ros/humble/lib/x86_64-linux-gnu:/opt/ros/humble/lib'), ('HOME', '/root'), ('OLDPWD', '/workspace'), ('ROS_PYTHON_VERSION', '3'), ('ROS_DISTRO', 'humble'), ('_', '/usr/bin/colcon'), ('ROS_VERSION', '2'), ('TERM', 'xterm'), ('ROS_LOCALHOST_ONLY', '0'), ('PATH', '/opt/ros/humble/bin:/usr/local/sbin:/usr/local/bin:/usr/sbin:/usr/bin:/sbin:/bin'), ('LANG', 'C.UTF-8'), ('AMENT_PREFIX_PATH', '/opt/ros/humble'), ('PWD', '/workspace/build/parol6'), ('LC_ALL', 'C.UTF-8'), ('PYTHONPATH', '/opt/ros/humble/lib/python3.10/site-packages:/opt/ros/humble/local/lib/python3.10/dist-packages'), ('COLCON', '1'), ('CMAKE_PREFIX_PATH', '/opt/ros/humble')]), 'shell': False}
[0.692722] (parol6) CommandEnded: {'returncode': 0}
[0.693510] (parol6) JobProgress: {'identifier': 'parol6', 'progress': 'install'}
[0.699895] (-) TimerEvent: {}
[0.702253] (parol6) Command: {'cmd': ['/usr/bin/cmake', '--install', '/workspace/build/parol6'], 'cwd': '/workspace/build/parol6', 'env': OrderedDict([('HOSTNAME', '7d1cec743283'), ('SHLVL', '0'), ('LD_LIBRARY_PATH', '/usr/lib/x86_64-linux-gnu/gazebo-11/plugins:/opt/ros/humble/opt/rviz_ogre_vendor/lib:/opt/ros/humble/lib/x86_64-linux-gnu:/opt/ros/humble/lib'), ('HOME', '/root'), ('OLDPWD', '/workspace'), ('ROS_PYTHON_VERSION', '3'), ('ROS_DISTRO', 'humble'), ('_', '/usr/bin/colcon'), ('ROS_VERSION', '2'), ('TERM', 'xterm'), ('ROS_LOCALHOST_ONLY', '0'), ('PATH', '/opt/ros/humble/bin:/usr/local/sbin:/usr/local/bin:/usr/sbin:/usr/bin:/sbin:/bin'), ('LANG', 'C.UTF-8'), ('AMENT_PREFIX_PATH', '/opt/ros/humble'), ('PWD', '/workspace/build/parol6'), ('LC_ALL', 'C.UTF-8'), ('PYTHONPATH', '/opt/ros/humble/lib/python3.10/site-packages:/opt/ros/humble/local/lib/python3.10/dist-packages'), ('COLCON', '1'), ('CMAKE_PREFIX_PATH', '/opt/ros/humble')]), 'shell': False}
[0.708509] (parol6) StdoutLine: {'line': b'-- Install configuration: ""\n'}
[0.708876] (parol6) StdoutLine: {'line': b'-- Execute custom install script\n'}
[0.709287] (parol6) StdoutLine: {'line': b'-- Symlinking: /workspace/install/parol6/share/parol6/urdf/PAROL6.csv\n'}
[0.717732] (parol6) StdoutLine: {'line': b'-- Symlinking: /workspace/install/parol6/share/parol6/urdf/PAROL6.urdf\n'}
[0.726705] (parol6) StdoutLine: {'line': b'-- Symlinking: /workspace/install/parol6/share/parol6/urdf/PAROL6_gazebo.urdf\n'}
[0.735433] (parol6) StdoutLine: {'line': b'-- Symlinking: /workspace/install/parol6/share/parol6/urdf/PAROL6_ignition.urdf\n'}
[0.744576] (parol6) StdoutLine: {'line': b'-- Symlinking: /workspace/install/parol6/share/parol6/launch/Movit_RViz_launch.py\n'}
[0.753524] (parol6) StdoutLine: {'line': b'-- Symlinking: /workspace/install/parol6/share/parol6/launch/display.launch.old\n'}
[0.763222] (parol6) StdoutLine: {'line': b'-- Symlinking: /workspace/install/parol6/share/parol6/launch/gazebo.launch.old\n'}
[0.772100] (parol6) StdoutLine: {'line': b'-- Symlinking: /workspace/install/parol6/share/parol6/launch/gazebo.launch.py\n'}
[0.780740] (parol6) StdoutLine: {'line': b'-- Symlinking: /workspace/install/parol6/share/parol6/launch/gazebo_classic.launch.py\n'}
[0.789520] (parol6) StdoutLine: {'line': b'-- Symlinking: /workspace/install/parol6/share/parol6/launch/ignition.launch.py\n'}
[0.797720] (parol6) StdoutLine: {'line': b'-- Symlinking: /workspace/install/parol6/share/parol6/meshes/L1.STL\n'}
[0.799987] (-) TimerEvent: {}
[0.805939] (parol6) StdoutLine: {'line': b'-- Symlinking: /workspace/install/parol6/share/parol6/meshes/L2.STL\n'}
[0.814504] (parol6) StdoutLine: {'line': b'-- Symlinking: /workspace/install/parol6/share/parol6/meshes/L3.STL\n'}
[0.822669] (parol6) StdoutLine: {'line': b'-- Symlinking: /workspace/install/parol6/share/parol6/meshes/L4.STL\n'}
[0.831809] (parol6) StdoutLine: {'line': b'-- Symlinking: /workspace/install/parol6/share/parol6/meshes/L5.STL\n'}
[0.841379] (parol6) StdoutLine: {'line': b'-- Symlinking: /workspace/install/parol6/share/parol6/meshes/L6.STL\n'}
[0.850064] (parol6) StdoutLine: {'line': b'-- Symlinking: /workspace/install/parol6/share/parol6/meshes/base_link.STL\n'}
[0.858652] (parol6) StdoutLine: {'line': b'-- Symlinking: /workspace/install/parol6/share/parol6/config/joint_names_PAROL6.yaml\n'}
[0.866658] (parol6) StdoutLine: {'line': b'-- Symlinking: /workspace/install/parol6/share/parol6/config/joint_trajectroy_controller.yaml\n'}
[0.875176] (parol6) StdoutLine: {'line': b'-- Symlinking: /workspace/install/parol6/share/parol6/config/ros2_controllers.yaml\n'}
[0.883367] (parol6) StdoutLine: {'line': b'-- Symlinking: /workspace/install/parol6/share/ament_index/resource_index/package_run_dependencies/parol6\n'}
[0.891632] (parol6) StdoutLine: {'line': b'-- Symlinking: /workspace/install/parol6/share/ament_index/resource_index/parent_prefix_path/parol6\n'}
[0.899907] (parol6) StdoutLine: {'line': b'-- Symlinking: /workspace/install/parol6/share/parol6/environment/ament_prefix_path.sh\n'}
[0.900076] (-) TimerEvent: {}
[0.908634] (parol6) StdoutLine: {'line': b'-- Symlinking: /workspace/install/parol6/share/parol6/environment/ament_prefix_path.dsv\n'}
[0.917611] (parol6) StdoutLine: {'line': b'-- Symlinking: /workspace/install/parol6/share/parol6/environment/path.sh\n'}
[0.926287] (parol6) StdoutLine: {'line': b'-- Symlinking: /workspace/install/parol6/share/parol6/environment/path.dsv\n'}
[0.935804] (parol6) StdoutLine: {'line': b'-- Symlinking: /workspace/install/parol6/share/parol6/local_setup.bash\n'}
[0.944679] (parol6) StdoutLine: {'line': b'-- Symlinking: /workspace/install/parol6/share/parol6/local_setup.sh\n'}
[0.954207] (parol6) StdoutLine: {'line': b'-- Symlinking: /workspace/install/parol6/share/parol6/local_setup.zsh\n'}
[0.963591] (parol6) StdoutLine: {'line': b'-- Symlinking: /workspace/install/parol6/share/parol6/local_setup.dsv\n'}
[0.972023] (parol6) StdoutLine: {'line': b'-- Symlinking: /workspace/install/parol6/share/parol6/package.dsv\n'}
[0.980220] (parol6) StdoutLine: {'line': b'-- Symlinking: /workspace/install/parol6/share/ament_index/resource_index/packages/parol6\n'}
[0.988650] (parol6) StdoutLine: {'line': b'-- Symlinking: /workspace/install/parol6/share/parol6/cmake/parol6Config.cmake\n'}
[0.996516] (parol6) StdoutLine: {'line': b'-- Symlinking: /workspace/install/parol6/share/parol6/cmake/parol6Config-version.cmake\n'}
[1.000159] (-) TimerEvent: {}
[1.005384] (parol6) StdoutLine: {'line': b'-- Symlinking: /workspace/install/parol6/share/parol6/package.xml\n'}
[1.015645] (parol6) CommandEnded: {'returncode': 0}
[1.036161] (parol6) JobEnded: {'identifier': 'parol6', 'rc': 0}
[1.036698] (parol6_moveit_config) JobStarted: {'identifier': 'parol6_moveit_config'}
[1.042446] (parol6_moveit_config) JobProgress: {'identifier': 'parol6_moveit_config', 'progress': 'cmake'}
[1.043570] (parol6_moveit_config) Command: {'cmd': ['/usr/bin/cmake', '/workspace/parol6_moveit_config', '-DAMENT_CMAKE_SYMLINK_INSTALL=1', '-DCMAKE_INSTALL_PREFIX=/workspace/install/parol6_moveit_config'], 'cwd': '/workspace/build/parol6_moveit_config', 'env': OrderedDict([('HOSTNAME', '7d1cec743283'), ('SHLVL', '0'), ('LD_LIBRARY_PATH', '/usr/lib/x86_64-linux-gnu/gazebo-11/plugins:/opt/ros/humble/opt/rviz_ogre_vendor/lib:/opt/ros/humble/lib/x86_64-linux-gnu:/opt/ros/humble/lib'), ('HOME', '/root'), ('OLDPWD', '/workspace'), ('ROS_PYTHON_VERSION', '3'), ('ROS_DISTRO', 'humble'), ('_', '/usr/bin/colcon'), ('ROS_VERSION', '2'), ('TERM', 'xterm'), ('ROS_LOCALHOST_ONLY', '0'), ('PATH', '/opt/ros/humble/bin:/usr/local/sbin:/usr/local/bin:/usr/sbin:/usr/bin:/sbin:/bin'), ('LANG', 'C.UTF-8'), ('AMENT_PREFIX_PATH', '/workspace/install/parol6:/opt/ros/humble'), ('PWD', '/workspace/build/parol6_moveit_config'), ('LC_ALL', 'C.UTF-8'), ('PYTHONPATH', '/opt/ros/humble/lib/python3.10/site-packages:/opt/ros/humble/local/lib/python3.10/dist-packages'), ('COLCON', '1'), ('CMAKE_PREFIX_PATH', '/workspace/install/parol6:/opt/ros/humble')]), 'shell': False}
[1.096051] (parol6_moveit_config) StdoutLine: {'line': b'-- The C compiler identification is GNU 11.4.0\n'}
[1.100258] (-) TimerEvent: {}
[1.144958] (parol6_moveit_config) StdoutLine: {'line': b'-- The CXX compiler identification is GNU 11.4.0\n'}
[1.151984] (parol6_moveit_config) StdoutLine: {'line': b'-- Detecting C compiler ABI info\n'}
[1.200391] (-) TimerEvent: {}
[1.218331] (parol6_moveit_config) StdoutLine: {'line': b'-- Detecting C compiler ABI info - done\n'}
[1.223800] (parol6_moveit_config) StdoutLine: {'line': b'-- Check for working C compiler: /usr/bin/cc - skipped\n'}
[1.224057] (parol6_moveit_config) StdoutLine: {'line': b'-- Detecting C compile features\n'}
[1.224447] (parol6_moveit_config) StdoutLine: {'line': b'-- Detecting C compile features - done\n'}
[1.227160] (parol6_moveit_config) StdoutLine: {'line': b'-- Detecting CXX compiler ABI info\n'}
[1.300512] (-) TimerEvent: {}
[1.302030] (parol6_moveit_config) StdoutLine: {'line': b'-- Detecting CXX compiler ABI info - done\n'}
[1.307963] (parol6_moveit_config) StdoutLine: {'line': b'-- Check for working CXX compiler: /usr/bin/c++ - skipped\n'}
[1.308235] (parol6_moveit_config) StdoutLine: {'line': b'-- Detecting CXX compile features\n'}
[1.308512] (parol6_moveit_config) StdoutLine: {'line': b'-- Detecting CXX compile features - done\n'}
[1.314516] (parol6_moveit_config) StdoutLine: {'line': b'-- Found ament_cmake: 1.3.11 (/opt/ros/humble/share/ament_cmake/cmake)\n'}
[1.400614] (-) TimerEvent: {}
[1.451459] (parol6_moveit_config) StdoutLine: {'line': b'-- Found Python3: /usr/bin/python3 (found version "3.10.12") found components: Interpreter \n'}
[1.500735] (-) TimerEvent: {}
[1.505049] (parol6_moveit_config) StdoutLine: {'line': b'-- Override CMake install command with custom implementation using symlinks instead of copying resources\n'}
[1.600841] (-) TimerEvent: {}
[1.618767] (parol6_moveit_config) StdoutLine: {'line': b'-- Configuring done\n'}
[1.621778] (parol6_moveit_config) StdoutLine: {'line': b'-- Generating done\n'}
[1.623224] (parol6_moveit_config) StdoutLine: {'line': b'-- Build files have been written to: /workspace/build/parol6_moveit_config\n'}
[1.628089] (parol6_moveit_config) CommandEnded: {'returncode': 0}
[1.628560] (parol6_moveit_config) JobProgress: {'identifier': 'parol6_moveit_config', 'progress': 'build'}
[1.629191] (parol6_moveit_config) Command: {'cmd': ['/usr/bin/cmake', '--build', '/workspace/build/parol6_moveit_config', '--', '-j16', '-l16'], 'cwd': '/workspace/build/parol6_moveit_config', 'env': OrderedDict([('HOSTNAME', '7d1cec743283'), ('SHLVL', '0'), ('LD_LIBRARY_PATH', '/usr/lib/x86_64-linux-gnu/gazebo-11/plugins:/opt/ros/humble/opt/rviz_ogre_vendor/lib:/opt/ros/humble/lib/x86_64-linux-gnu:/opt/ros/humble/lib'), ('HOME', '/root'), ('OLDPWD', '/workspace'), ('ROS_PYTHON_VERSION', '3'), ('ROS_DISTRO', 'humble'), ('_', '/usr/bin/colcon'), ('ROS_VERSION', '2'), ('TERM', 'xterm'), ('ROS_LOCALHOST_ONLY', '0'), ('PATH', '/opt/ros/humble/bin:/usr/local/sbin:/usr/local/bin:/usr/sbin:/usr/bin:/sbin:/bin'), ('LANG', 'C.UTF-8'), ('AMENT_PREFIX_PATH', '/workspace/install/parol6:/opt/ros/humble'), ('PWD', '/workspace/build/parol6_moveit_config'), ('LC_ALL', 'C.UTF-8'), ('PYTHONPATH', '/opt/ros/humble/lib/python3.10/site-packages:/opt/ros/humble/local/lib/python3.10/dist-packages'), ('COLCON', '1'), ('CMAKE_PREFIX_PATH', '/workspace/install/parol6:/opt/ros/humble')]), 'shell': False}
[1.671842] (parol6_moveit_config) CommandEnded: {'returncode': 0}
[1.672531] (parol6_moveit_config) JobProgress: {'identifier': 'parol6_moveit_config', 'progress': 'install'}
[1.672684] (parol6_moveit_config) Command: {'cmd': ['/usr/bin/cmake', '--install', '/workspace/build/parol6_moveit_config'], 'cwd': '/workspace/build/parol6_moveit_config', 'env': OrderedDict([('HOSTNAME', '7d1cec743283'), ('SHLVL', '0'), ('LD_LIBRARY_PATH', '/usr/lib/x86_64-linux-gnu/gazebo-11/plugins:/opt/ros/humble/opt/rviz_ogre_vendor/lib:/opt/ros/humble/lib/x86_64-linux-gnu:/opt/ros/humble/lib'), ('HOME', '/root'), ('OLDPWD', '/workspace'), ('ROS_PYTHON_VERSION', '3'), ('ROS_DISTRO', 'humble'), ('_', '/usr/bin/colcon'), ('ROS_VERSION', '2'), ('TERM', 'xterm'), ('ROS_LOCALHOST_ONLY', '0'), ('PATH', '/opt/ros/humble/bin:/usr/local/sbin:/usr/local/bin:/usr/sbin:/usr/bin:/sbin:/bin'), ('LANG', 'C.UTF-8'), ('AMENT_PREFIX_PATH', '/workspace/install/parol6:/opt/ros/humble'), ('PWD', '/workspace/build/parol6_moveit_config'), ('LC_ALL', 'C.UTF-8'), ('PYTHONPATH', '/opt/ros/humble/lib/python3.10/site-packages:/opt/ros/humble/local/lib/python3.10/dist-packages'), ('COLCON', '1'), ('CMAKE_PREFIX_PATH', '/workspace/install/parol6:/opt/ros/humble')]), 'shell': False}
[1.680890] (parol6_moveit_config) StdoutLine: {'line': b'-- Install configuration: ""\n'}
[1.681252] (parol6_moveit_config) StdoutLine: {'line': b'-- Execute custom install script\n'}
[1.681726] (parol6_moveit_config) StdoutLine: {'line': b'-- Symlinking: /workspace/install/parol6_moveit_config/share/parol6_moveit_config/config/joint_limits.yaml\n'}
[1.690735] (parol6_moveit_config) StdoutLine: {'line': b'-- Symlinking: /workspace/install/parol6_moveit_config/share/parol6_moveit_config/config/kinematics.yaml\n'}
[1.699137] (parol6_moveit_config) StdoutLine: {'line': b'-- Symlinking: /workspace/install/parol6_moveit_config/share/parol6_moveit_config/config/moveit_controllers.yaml\n'}
[1.700925] (-) TimerEvent: {}
[1.708059] (parol6_moveit_config) StdoutLine: {'line': b'-- Symlinking: /workspace/install/parol6_moveit_config/share/parol6_moveit_config/config/ompl_planning.yaml\n'}
[1.716732] (parol6_moveit_config) StdoutLine: {'line': b'-- Symlinking: /workspace/install/parol6_moveit_config/share/parol6_moveit_config/config/parol6.srdf\n'}
[1.725359] (parol6_moveit_config) StdoutLine: {'line': b'-- Symlinking: /workspace/install/parol6_moveit_config/share/parol6_moveit_config/config/ros2_controllers.yaml\n'}
[1.734068] (parol6_moveit_config) StdoutLine: {'line': b'-- Symlinking: /workspace/install/parol6_moveit_config/share/parol6_moveit_config/launch/__pycache__/demo.launch.cpython-310.pyc\n'}
[1.742666] (parol6_moveit_config) StdoutLine: {'line': b'-- Symlinking: /workspace/install/parol6_moveit_config/share/parol6_moveit_config/launch/demo.launch.py\n'}
[1.750817] (parol6_moveit_config) StdoutLine: {'line': b'-- Symlinking: /workspace/install/parol6_moveit_config/share/parol6_moveit_config/launch/move_group.launch.py\n'}
[1.759447] (parol6_moveit_config) StdoutLine: {'line': b'-- Symlinking: /workspace/install/parol6_moveit_config/share/parol6_moveit_config/rviz/moveit.rviz\n'}
[1.768848] (parol6_moveit_config) StdoutLine: {'line': b'-- Symlinking: /workspace/install/parol6_moveit_config/share/ament_index/resource_index/package_run_dependencies/parol6_moveit_config\n'}
[1.777485] (parol6_moveit_config) StdoutLine: {'line': b'-- Symlinking: /workspace/install/parol6_moveit_config/share/ament_index/resource_index/parent_prefix_path/parol6_moveit_config\n'}
[1.786081] (parol6_moveit_config) StdoutLine: {'line': b'-- Symlinking: /workspace/install/parol6_moveit_config/share/parol6_moveit_config/environment/ament_prefix_path.sh\n'}
[1.794028] (parol6_moveit_config) StdoutLine: {'line': b'-- Symlinking: /workspace/install/parol6_moveit_config/share/parol6_moveit_config/environment/ament_prefix_path.dsv\n'}
[1.801011] (-) TimerEvent: {}
[1.801830] (parol6_moveit_config) StdoutLine: {'line': b'-- Symlinking: /workspace/install/parol6_moveit_config/share/parol6_moveit_config/environment/path.sh\n'}
[1.810177] (parol6_moveit_config) StdoutLine: {'line': b'-- Symlinking: /workspace/install/parol6_moveit_config/share/parol6_moveit_config/environment/path.dsv\n'}
[1.819287] (parol6_moveit_config) StdoutLine: {'line': b'-- Symlinking: /workspace/install/parol6_moveit_config/share/parol6_moveit_config/local_setup.bash\n'}
[1.827693] (parol6_moveit_config) StdoutLine: {'line': b'-- Symlinking: /workspace/install/parol6_moveit_config/share/parol6_moveit_config/local_setup.sh\n'}
[1.836713] (parol6_moveit_config) StdoutLine: {'line': b'-- Symlinking: /workspace/install/parol6_moveit_config/share/parol6_moveit_config/local_setup.zsh\n'}
[1.846691] (parol6_moveit_config) StdoutLine: {'line': b'-- Symlinking: /workspace/install/parol6_moveit_config/share/parol6_moveit_config/local_setup.dsv\n'}
[1.855480] (parol6_moveit_config) StdoutLine: {'line': b'-- Symlinking: /workspace/install/parol6_moveit_config/share/parol6_moveit_config/package.dsv\n'}
[1.864336] (parol6_moveit_config) StdoutLine: {'line': b'-- Symlinking: /workspace/install/parol6_moveit_config/share/ament_index/resource_index/packages/parol6_moveit_config\n'}
[1.872857] (parol6_moveit_config) StdoutLine: {'line': b'-- Symlinking: /workspace/install/parol6_moveit_config/share/parol6_moveit_config/cmake/parol6_moveit_configConfig.cmake\n'}
[1.880795] (parol6_moveit_config) StdoutLine: {'line': b'-- Symlinking: /workspace/install/parol6_moveit_config/share/parol6_moveit_config/cmake/parol6_moveit_configConfig-version.cmake\n'}
[1.888990] (parol6_moveit_config) StdoutLine: {'line': b'-- Symlinking: /workspace/install/parol6_moveit_config/share/parol6_moveit_config/package.xml\n'}
[1.899196] (parol6_moveit_config) CommandEnded: {'returncode': 0}
[1.901177] (-) TimerEvent: {}
[1.909052] (parol6_moveit_config) JobEnded: {'identifier': 'parol6_moveit_config', 'rc': 0}
[1.909677] (-) EventReactorShutdown: {}
