[0.156s] DEBUG:colcon:Command line arguments: ['/usr/bin/colcon', 'build', '--symlink-install']
[0.157s] DEBUG:colcon:Parsed command line arguments: Namespace(log_base=None, log_level=None, verb_name='build', build_base='build', install_base='install', merge_install=False, symlink_install=True, test_result_base=None, continue_on_error=False, executor='parallel', parallel_workers=16, event_handlers=None, ignore_user_meta=False, metas=['./colcon.meta'], base_paths=['.'], packages_ignore=None, packages_ignore_regex=None, paths=None, packages_up_to=None, packages_up_to_regex=None, packages_above=None, packages_above_and_dependencies=None, packages_above_depth=None, packages_select_by_dep=None, packages_skip_by_dep=None, packages_skip_up_to=None, packages_select_build_failed=False, packages_skip_build_finished=False, packages_select_test_failures=False, packages_skip_test_passed=False, packages_select=None, packages_skip=None, packages_select_regex=None, packages_skip_regex=None, packages_start=None, packages_end=None, cmake_args=None, cmake_target=None, cmake_target_skip_unavailable=False, cmake_clean_cache=False, cmake_clean_first=False, cmake_force_configure=False, ament_cmake_args=None, catkin_cmake_args=None, catkin_skip_building_tests=False, mixin_files=None, mixin=None, verb_parser=<colcon_mixin.mixin.mixin_argument.MixinArgumentDecorator object at 0x7c171f8ec310>, verb_extension=<colcon_core.verb.build.BuildVerb object at 0x7c171f8abd60>, main=<bound method BuildVerb.main of <colcon_core.verb.build.BuildVerb object at 0x7c171f8abd60>>, mixin_verb=('build',))
[0.463s] Level 1:colcon.colcon_core.package_discovery:discover_packages(colcon_meta) check parameters
[0.464s] INFO:colcon.colcon_metadata.package_discovery.colcon_meta:Using configuration from '/root/.colcon/metadata/default/Gazebo.meta'
[0.465s] INFO:colcon.colcon_metadata.package_discovery.colcon_meta:Using configuration from '/root/.colcon/metadata/default/fastdds.meta'
[0.465s] INFO:colcon.colcon_metadata.package_discovery.colcon_meta:Using configuration from '/root/.colcon/metadata/default/fastrtps.meta'
[0.465s] Level 1:colcon.colcon_core.package_discovery:discover_packages(recursive) check parameters
[0.465s] Level 1:colcon.colcon_core.package_discovery:discover_packages(ignore) check parameters
[0.465s] Level 1:colcon.colcon_core.package_discovery:discover_packages(path) check parameters
[0.465s] Level 1:colcon.colcon_core.package_discovery:discover_packages(colcon_meta) discover
[0.465s] Level 1:colcon.colcon_core.package_discovery:discover_packages(recursive) discover
[0.465s] INFO:colcon.colcon_core.package_discovery:Crawling recursively for packages in '/workspace'
[0.465s] Level 1:colcon.colcon_core.package_identification:_identify(.) by extensions ['ignore', 'ignore_ament_install']
[0.466s] Level 1:colcon.colcon_core.package_identification:_identify(.) by extension 'ignore'
[0.466s] Level 1:colcon.colcon_core.package_identification:_identify(.) by extension 'ignore_ament_install'
[0.466s] Level 1:colcon.colcon_core.package_identification:_identify(.) by extensions ['colcon_pkg']
[0.466s] Level 1:colcon.colcon_core.package_identification:_identify(.) by extension 'colcon_pkg'
[0.466s] Level 1:colcon.colcon_core.package_identification:_identify(.) by extensions ['colcon_meta']
[0.466s] Level 1:colcon.colcon_core.package_identification:_identify(.) by extension 'colcon_meta'
[0.466s] Level 1:colcon.colcon_core.package_identification:_identify(.) by extensions ['ros']
[0.466s] Level 1:colcon.colcon_core.package_identification:_identify(.) by extension 'ros'
[0.477s] Level 1:colcon.colcon_core.package_identification:_identify(.) by extensions ['cmake', 'python']
[0.477s] Level 1:colcon.colcon_core.package_identification:_identify(.) by extension 'cmake'
[0.477s] Level 1:colcon.colcon_core.package_identification:_identify(.) by extension 'python'
[0.477s] Level 1:colcon.colcon_core.package_identification:_identify(.) by extensions ['python_setup_py']
[0.477s] Level 1:colcon.colcon_core.package_identification:_identify(.) by extension 'python_setup_py'
[0.477s] Level 1:colcon.colcon_core.package_identification:_identify(PAROL6) by extensions ['ignore', 'ignore_ament_install']
[0.477s] Level 1:colcon.colcon_core.package_identification:_identify(PAROL6) by extension 'ignore'
[0.477s] Level 1:colcon.colcon_core.package_identification:_identify(PAROL6) by extension 'ignore_ament_install'
[0.478s] Level 1:colcon.colcon_core.package_identification:_identify(PAROL6) by extensions ['colcon_pkg']
[0.478s] Level 1:colcon.colcon_core.package_identification:_identify(PAROL6) by extension 'colcon_pkg'
[0.478s] Level 1:colcon.colcon_core.package_identification:_identify(PAROL6) by extensions ['colcon_meta']
[0.478s] Level 1:colcon.colcon_core.package_identification:_identify(PAROL6) by extension 'colcon_meta'
[0.478s] Level 1:colcon.colcon_core.package_identification:_identify(PAROL6) by extensions ['ros']
[0.478s] Level 1:colcon.colcon_core.package_identification:_identify(PAROL6) by extension 'ros'
[0.480s] DEBUG:colcon.colcon_core.package_identification:Package 'PAROL6' with type 'ros.ament_cmake' and name 'parol6'
[0.480s] Level 1:colcon.colcon_core.package_identification:_identify(build) by extensions ['ignore', 'ignore_ament_install']
[0.480s] Level 1:colcon.colcon_core.package_identification:_identify(build) by extension 'ignore'
[0.480s] Level 1:colcon.colcon_core.package_identification:_identify(build) ignored
[0.480s] Level 1:colcon.colcon_core.package_identification:_identify(docs) by extensions ['ignore', 'ignore_ament_install']
[0.480s] Level 1:colcon.colcon_core.package_identification:_identify(docs) by extension 'ignore'
[0.481s] Level 1:colcon.colcon_core.package_identification:_identify(docs) by extension 'ignore_ament_install'
[0.481s] Level 1:colcon.colcon_core.package_identification:_identify(docs) by extensions ['colcon_pkg']
[0.481s] Level 1:colcon.colcon_core.package_identification:_identify(docs) by extension 'colcon_pkg'
[0.481s] Level 1:colcon.colcon_core.package_identification:_identify(docs) by extensions ['colcon_meta']
[0.481s] Level 1:colcon.colcon_core.package_identification:_identify(docs) by extension 'colcon_meta'
[0.481s] Level 1:colcon.colcon_core.package_identification:_identify(docs) by extensions ['ros']
[0.481s] Level 1:colcon.colcon_core.package_identification:_identify(docs) by extension 'ros'
[0.481s] Level 1:colcon.colcon_core.package_identification:_identify(docs) by extensions ['cmake', 'python']
[0.481s] Level 1:colcon.colcon_core.package_identification:_identify(docs) by extension 'cmake'
[0.481s] Level 1:colcon.colcon_core.package_identification:_identify(docs) by extension 'python'
[0.481s] Level 1:colcon.colcon_core.package_identification:_identify(docs) by extensions ['python_setup_py']
[0.481s] Level 1:colcon.colcon_core.package_identification:_identify(docs) by extension 'python_setup_py'
[0.481s] Level 1:colcon.colcon_core.package_identification:_identify(install) by extensions ['ignore', 'ignore_ament_install']
[0.481s] Level 1:colcon.colcon_core.package_identification:_identify(install) by extension 'ignore'
[0.481s] Level 1:colcon.colcon_core.package_identification:_identify(install) ignored
[0.481s] Level 1:colcon.colcon_core.package_identification:_identify(log) by extensions ['ignore', 'ignore_ament_install']
[0.481s] Level 1:colcon.colcon_core.package_identification:_identify(log) by extension 'ignore'
[0.481s] Level 1:colcon.colcon_core.package_identification:_identify(log) ignored
[0.481s] Level 1:colcon.colcon_core.package_identification:_identify(parol6_moveit_config) by extensions ['ignore', 'ignore_ament_install']
[0.482s] Level 1:colcon.colcon_core.package_identification:_identify(parol6_moveit_config) by extension 'ignore'
[0.482s] Level 1:colcon.colcon_core.package_identification:_identify(parol6_moveit_config) by extension 'ignore_ament_install'
[0.482s] Level 1:colcon.colcon_core.package_identification:_identify(parol6_moveit_config) by extensions ['colcon_pkg']
[0.482s] Level 1:colcon.colcon_core.package_identification:_identify(parol6_moveit_config) by extension 'colcon_pkg'
[0.482s] Level 1:colcon.colcon_core.package_identification:_identify(parol6_moveit_config) by extensions ['colcon_meta']
[0.482s] Level 1:colcon.colcon_core.package_identification:_identify(parol6_moveit_config) by extension 'colcon_meta'
[0.482s] Level 1:colcon.colcon_core.package_identification:_identify(parol6_moveit_config) by extensions ['ros']
[0.482s] Level 1:colcon.colcon_core.package_identification:_identify(parol6_moveit_config) by extension 'ros'
[0.482s] DEBUG:colcon.colcon_core.package_identification:Package 'parol6_moveit_config' with type 'ros.ament_cmake' and name 'parol6_moveit_config'
[0.482s] Level 1:colcon.colcon_core.package_discovery:discover_packages(recursive) using defaults
[0.482s] Level 1:colcon.colcon_core.package_discovery:discover_packages(ignore) discover
[0.482s] Level 1:colcon.colcon_core.package_discovery:discover_packages(ignore) using defaults
[0.482s] Level 1:colcon.colcon_core.package_discovery:discover_packages(path) discover
[0.482s] Level 1:colcon.colcon_core.package_discovery:discover_packages(path) using defaults
[0.506s] Level 5:colcon.colcon_core.verb:set package 'parol6' build argument 'cmake_args' from command line to 'None'
[0.506s] Level 5:colcon.colcon_core.verb:set package 'parol6' build argument 'cmake_target' from command line to 'None'
[0.506s] Level 5:colcon.colcon_core.verb:set package 'parol6' build argument 'cmake_target_skip_unavailable' from command line to 'False'
[0.506s] Level 5:colcon.colcon_core.verb:set package 'parol6' build argument 'cmake_clean_cache' from command line to 'False'
[0.506s] Level 5:colcon.colcon_core.verb:set package 'parol6' build argument 'cmake_clean_first' from command line to 'False'
[0.506s] Level 5:colcon.colcon_core.verb:set package 'parol6' build argument 'cmake_force_configure' from command line to 'False'
[0.506s] Level 5:colcon.colcon_core.verb:set package 'parol6' build argument 'ament_cmake_args' from command line to 'None'
[0.506s] Level 5:colcon.colcon_core.verb:set package 'parol6' build argument 'catkin_cmake_args' from command line to 'None'
[0.506s] Level 5:colcon.colcon_core.verb:set package 'parol6' build argument 'catkin_skip_building_tests' from command line to 'False'
[0.506s] DEBUG:colcon.colcon_core.verb:Building package 'parol6' with the following arguments: {'ament_cmake_args': None, 'build_base': '/workspace/build/parol6', 'catkin_cmake_args': None, 'catkin_skip_building_tests': False, 'cmake_args': None, 'cmake_clean_cache': False, 'cmake_clean_first': False, 'cmake_force_configure': False, 'cmake_target': None, 'cmake_target_skip_unavailable': False, 'install_base': '/workspace/install/parol6', 'merge_install': False, 'path': '/workspace/PAROL6', 'symlink_install': True, 'test_result_base': None}
[0.506s] Level 5:colcon.colcon_core.verb:set package 'parol6_moveit_config' build argument 'cmake_args' from command line to 'None'
[0.506s] Level 5:colcon.colcon_core.verb:set package 'parol6_moveit_config' build argument 'cmake_target' from command line to 'None'
[0.506s] Level 5:colcon.colcon_core.verb:set package 'parol6_moveit_config' build argument 'cmake_target_skip_unavailable' from command line to 'False'
[0.506s] Level 5:colcon.colcon_core.verb:set package 'parol6_moveit_config' build argument 'cmake_clean_cache' from command line to 'False'
[0.506s] Level 5:colcon.colcon_core.verb:set package 'parol6_moveit_config' build argument 'cmake_clean_first' from command line to 'False'
[0.506s] Level 5:colcon.colcon_core.verb:set package 'parol6_moveit_config' build argument 'cmake_force_configure' from command line to 'False'
[0.506s] Level 5:colcon.colcon_core.verb:set package 'parol6_moveit_config' build argument 'ament_cmake_args' from command line to 'None'
[0.506s] Level 5:colcon.colcon_core.verb:set package 'parol6_moveit_config' build argument 'catkin_cmake_args' from command line to 'None'
[0.506s] Level 5:colcon.colcon_core.verb:set package 'parol6_moveit_config' build argument 'catkin_skip_building_tests' from command line to 'False'
[0.507s] DEBUG:colcon.colcon_core.verb:Building package 'parol6_moveit_config' with the following arguments: {'ament_cmake_args': None, 'build_base': '/workspace/build/parol6_moveit_config', 'catkin_cmake_args': None, 'catkin_skip_building_tests': False, 'cmake_args': None, 'cmake_clean_cache': False, 'cmake_clean_first': False, 'cmake_force_configure': False, 'cmake_target': None, 'cmake_target_skip_unavailable': False, 'install_base': '/workspace/install/parol6_moveit_config', 'merge_install': False, 'path': '/workspace/parol6_moveit_config', 'symlink_install': True, 'test_result_base': None}
[0.507s] INFO:colcon.colcon_core.executor:Executing jobs using 'parallel' executor
[0.508s] DEBUG:colcon.colcon_parallel_executor.executor.parallel:run_until_complete
[0.508s] INFO:colcon.colcon_ros.task.ament_cmake.build:Building ROS package in '/workspace/PAROL6' with build type 'ament_cmake'
[0.508s] INFO:colcon.colcon_cmake.task.cmake.build:Building CMake package in '/workspace/PAROL6'
[0.513s] INFO:colcon.colcon_core.plugin_system:Skipping extension 'colcon_core.shell.bat': Not used on non-Windows systems
[0.513s] INFO:colcon.colcon_core.shell:Skip shell extension 'powershell' for command environment: Not usable outside of PowerShell
[0.513s] DEBUG:colcon.colcon_core.shell:Skip shell extension 'dsv' for command environment
[0.523s] DEBUG:colcon.colcon_core.event_handler.log_command:Invoking command in '/workspace/build/parol6': CMAKE_PREFIX_PATH=/opt/ros/humble /usr/bin/cmake /workspace/PAROL6 -DAMENT_CMAKE_SYMLINK_INSTALL=1 -DCMAKE_INSTALL_PREFIX=/workspace/install/parol6
[1.163s] DEBUG:colcon.colcon_core.event_handler.log_command:Invoked command in '/workspace/build/parol6' returned '0': CMAKE_PREFIX_PATH=/opt/ros/humble /usr/bin/cmake /workspace/PAROL6 -DAMENT_CMAKE_SYMLINK_INSTALL=1 -DCMAKE_INSTALL_PREFIX=/workspace/install/parol6
[1.165s] DEBUG:colcon.colcon_core.event_handler.log_command:Invoking command in '/workspace/build/parol6': CMAKE_PREFIX_PATH=/opt/ros/humble /usr/bin/cmake --build /workspace/build/parol6 -- -j16 -l16
[1.201s] DEBUG:colcon.colcon_core.event_handler.log_command:Invoked command in '/workspace/build/parol6' returned '0': CMAKE_PREFIX_PATH=/opt/ros/humble /usr/bin/cmake --build /workspace/build/parol6 -- -j16 -l16
[1.211s] DEBUG:colcon.colcon_core.event_handler.log_command:Invoking command in '/workspace/build/parol6': CMAKE_PREFIX_PATH=/opt/ros/humble /usr/bin/cmake --install /workspace/build/parol6
[1.524s] Level 1:colcon.colcon_core.environment:create_environment_scripts_only(parol6)
[1.524s] DEBUG:colcon.colcon_core.event_handler.log_command:Invoked command in '/workspace/build/parol6' returned '0': CMAKE_PREFIX_PATH=/opt/ros/humble /usr/bin/cmake --install /workspace/build/parol6
[1.530s] Level 1:colcon.colcon_core.environment:checking '/workspace/install/parol6' for CMake module files
[1.530s] Level 1:colcon.colcon_core.environment:checking '/workspace/install/parol6' for CMake config files
[1.531s] Level 1:colcon.colcon_core.shell:create_environment_hook('parol6', 'cmake_prefix_path')
[1.531s] INFO:colcon.colcon_core.shell:Creating environment hook '/workspace/install/parol6/share/parol6/hook/cmake_prefix_path.ps1'
[1.532s] INFO:colcon.colcon_core.shell:Creating environment descriptor '/workspace/install/parol6/share/parol6/hook/cmake_prefix_path.dsv'
[1.532s] INFO:colcon.colcon_core.shell:Creating environment hook '/workspace/install/parol6/share/parol6/hook/cmake_prefix_path.sh'
[1.533s] Level 1:colcon.colcon_core.environment:checking '/workspace/install/parol6/bin'
[1.533s] Level 1:colcon.colcon_core.environment:checking '/workspace/install/parol6/lib/pkgconfig/parol6.pc'
[1.534s] Level 1:colcon.colcon_core.environment:checking '/workspace/install/parol6/lib/python3.10/site-packages'
[1.534s] Level 1:colcon.colcon_core.environment:checking '/workspace/install/parol6/bin'
[1.535s] INFO:colcon.colcon_core.shell:Creating package script '/workspace/install/parol6/share/parol6/package.ps1'
[1.536s] INFO:colcon.colcon_core.shell:Creating package descriptor '/workspace/install/parol6/share/parol6/package.dsv'
[1.536s] INFO:colcon.colcon_core.shell:Creating package script '/workspace/install/parol6/share/parol6/package.sh'
[1.537s] INFO:colcon.colcon_core.shell:Creating package script '/workspace/install/parol6/share/parol6/package.bash'
[1.538s] INFO:colcon.colcon_core.shell:Creating package script '/workspace/install/parol6/share/parol6/package.zsh'
[1.538s] Level 1:colcon.colcon_core.environment:create_file_with_runtime_dependencies(/workspace/install/parol6/share/colcon-core/packages/parol6)
[1.539s] Level 1:colcon.colcon_core.environment:create_environment_scripts_only(parol6)
[1.539s] Level 1:colcon.colcon_core.environment:checking '/workspace/install/parol6' for CMake module files
[1.539s] Level 1:colcon.colcon_core.environment:checking '/workspace/install/parol6' for CMake config files
[1.540s] Level 1:colcon.colcon_core.shell:create_environment_hook('parol6', 'cmake_prefix_path')
[1.540s] INFO:colcon.colcon_core.shell:Creating environment hook '/workspace/install/parol6/share/parol6/hook/cmake_prefix_path.ps1'
[1.540s] INFO:colcon.colcon_core.shell:Creating environment descriptor '/workspace/install/parol6/share/parol6/hook/cmake_prefix_path.dsv'
[1.540s] INFO:colcon.colcon_core.shell:Creating environment hook '/workspace/install/parol6/share/parol6/hook/cmake_prefix_path.sh'
[1.541s] Level 1:colcon.colcon_core.environment:checking '/workspace/install/parol6/bin'
[1.541s] Level 1:colcon.colcon_core.environment:checking '/workspace/install/parol6/lib/pkgconfig/parol6.pc'
[1.541s] Level 1:colcon.colcon_core.environment:checking '/workspace/install/parol6/lib/python3.10/site-packages'
[1.541s] Level 1:colcon.colcon_core.environment:checking '/workspace/install/parol6/bin'
[1.542s] INFO:colcon.colcon_core.shell:Creating package script '/workspace/install/parol6/share/parol6/package.ps1'
[1.542s] INFO:colcon.colcon_core.shell:Creating package descriptor '/workspace/install/parol6/share/parol6/package.dsv'
[1.542s] INFO:colcon.colcon_core.shell:Creating package script '/workspace/install/parol6/share/parol6/package.sh'
[1.543s] INFO:colcon.colcon_core.shell:Creating package script '/workspace/install/parol6/share/parol6/package.bash'
[1.543s] INFO:colcon.colcon_core.shell:Creating package script '/workspace/install/parol6/share/parol6/package.zsh'
[1.543s] Level 1:colcon.colcon_core.environment:create_file_with_runtime_dependencies(/workspace/install/parol6/share/colcon-core/packages/parol6)
[1.544s] INFO:colcon.colcon_ros.task.ament_cmake.build:Building ROS package in '/workspace/parol6_moveit_config' with build type 'ament_cmake'
[1.544s] INFO:colcon.colcon_cmake.task.cmake.build:Building CMake package in '/workspace/parol6_moveit_config'
[1.544s] INFO:colcon.colcon_core.shell:Skip shell extension 'powershell' for command environment: Not usable outside of PowerShell
[1.544s] DEBUG:colcon.colcon_core.shell:Skip shell extension 'dsv' for command environment
[1.553s] DEBUG:colcon.colcon_core.event_handler.log_command:Invoking command in '/workspace/build/parol6_moveit_config': AMENT_PREFIX_PATH=/workspace/install/parol6:${AMENT_PREFIX_PATH} CMAKE_PREFIX_PATH=/workspace/install/parol6:/opt/ros/humble /usr/bin/cmake /workspace/parol6_moveit_config -DAMENT_CMAKE_SYMLINK_INSTALL=1 -DCMAKE_INSTALL_PREFIX=/workspace/install/parol6_moveit_config
[2.136s] DEBUG:colcon.colcon_core.event_handler.log_command:Invoked command in '/workspace/build/parol6_moveit_config' returned '0': AMENT_PREFIX_PATH=/workspace/install/parol6:${AMENT_PREFIX_PATH} CMAKE_PREFIX_PATH=/workspace/install/parol6:/opt/ros/humble /usr/bin/cmake /workspace/parol6_moveit_config -DAMENT_CMAKE_SYMLINK_INSTALL=1 -DCMAKE_INSTALL_PREFIX=/workspace/install/parol6_moveit_config
[2.138s] DEBUG:colcon.colcon_core.event_handler.log_command:Invoking command in '/workspace/build/parol6_moveit_config': AMENT_PREFIX_PATH=/workspace/install/parol6:${AMENT_PREFIX_PATH} CMAKE_PREFIX_PATH=/workspace/install/parol6:/opt/ros/humble /usr/bin/cmake --build /workspace/build/parol6_moveit_config -- -j16 -l16
[2.180s] DEBUG:colcon.colcon_core.event_handler.log_command:Invoked command in '/workspace/build/parol6_moveit_config' returned '0': AMENT_PREFIX_PATH=/workspace/install/parol6:${AMENT_PREFIX_PATH} CMAKE_PREFIX_PATH=/workspace/install/parol6:/opt/ros/humble /usr/bin/cmake --build /workspace/build/parol6_moveit_config -- -j16 -l16
[2.182s] DEBUG:colcon.colcon_core.event_handler.log_command:Invoking command in '/workspace/build/parol6_moveit_config': AMENT_PREFIX_PATH=/workspace/install/parol6:${AMENT_PREFIX_PATH} CMAKE_PREFIX_PATH=/workspace/install/parol6:/opt/ros/humble /usr/bin/cmake --install /workspace/build/parol6_moveit_config
[2.407s] Level 1:colcon.colcon_core.environment:create_environment_scripts_only(parol6_moveit_config)
[2.408s] Level 1:colcon.colcon_core.environment:checking '/workspace/install/parol6_moveit_config' for CMake module files
[2.408s] DEBUG:colcon.colcon_core.event_handler.log_command:Invoked command in '/workspace/build/parol6_moveit_config' returned '0': AMENT_PREFIX_PATH=/workspace/install/parol6:${AMENT_PREFIX_PATH} CMAKE_PREFIX_PATH=/workspace/install/parol6:/opt/ros/humble /usr/bin/cmake --install /workspace/build/parol6_moveit_config
[2.408s] Level 1:colcon.colcon_core.environment:checking '/workspace/install/parol6_moveit_config' for CMake config files
[2.409s] Level 1:colcon.colcon_core.shell:create_environment_hook('parol6_moveit_config', 'cmake_prefix_path')
[2.409s] INFO:colcon.colcon_core.shell:Creating environment hook '/workspace/install/parol6_moveit_config/share/parol6_moveit_config/hook/cmake_prefix_path.ps1'
[2.409s] INFO:colcon.colcon_core.shell:Creating environment descriptor '/workspace/install/parol6_moveit_config/share/parol6_moveit_config/hook/cmake_prefix_path.dsv'
[2.410s] INFO:colcon.colcon_core.shell:Creating environment hook '/workspace/install/parol6_moveit_config/share/parol6_moveit_config/hook/cmake_prefix_path.sh'
[2.410s] Level 1:colcon.colcon_core.environment:checking '/workspace/install/parol6_moveit_config/bin'
[2.410s] Level 1:colcon.colcon_core.environment:checking '/workspace/install/parol6_moveit_config/lib/pkgconfig/parol6_moveit_config.pc'
[2.410s] Level 1:colcon.colcon_core.environment:checking '/workspace/install/parol6_moveit_config/lib/python3.10/site-packages'
[2.410s] Level 1:colcon.colcon_core.environment:checking '/workspace/install/parol6_moveit_config/bin'
[2.411s] INFO:colcon.colcon_core.shell:Creating package script '/workspace/install/parol6_moveit_config/share/parol6_moveit_config/package.ps1'
[2.411s] INFO:colcon.colcon_core.shell:Creating package descriptor '/workspace/install/parol6_moveit_config/share/parol6_moveit_config/package.dsv'
[2.411s] INFO:colcon.colcon_core.shell:Creating package script '/workspace/install/parol6_moveit_config/share/parol6_moveit_config/package.sh'
[2.412s] INFO:colcon.colcon_core.shell:Creating package script '/workspace/install/parol6_moveit_config/share/parol6_moveit_config/package.bash'
[2.412s] INFO:colcon.colcon_core.shell:Creating package script '/workspace/install/parol6_moveit_config/share/parol6_moveit_config/package.zsh'
[2.412s] Level 1:colcon.colcon_core.environment:create_file_with_runtime_dependencies(/workspace/install/parol6_moveit_config/share/colcon-core/packages/parol6_moveit_config)
[2.413s] Level 1:colcon.colcon_core.environment:create_environment_scripts_only(parol6_moveit_config)
[2.413s] Level 1:colcon.colcon_core.environment:checking '/workspace/install/parol6_moveit_config' for CMake module files
[2.413s] Level 1:colcon.colcon_core.environment:checking '/workspace/install/parol6_moveit_config' for CMake config files
[2.413s] Level 1:colcon.colcon_core.shell:create_environment_hook('parol6_moveit_config', 'cmake_prefix_path')
[2.414s] INFO:colcon.colcon_core.shell:Creating environment hook '/workspace/install/parol6_moveit_config/share/parol6_moveit_config/hook/cmake_prefix_path.ps1'
[2.414s] INFO:colcon.colcon_core.shell:Creating environment descriptor '/workspace/install/parol6_moveit_config/share/parol6_moveit_config/hook/cmake_prefix_path.dsv'
[2.414s] INFO:colcon.colcon_core.shell:Creating environment hook '/workspace/install/parol6_moveit_config/share/parol6_moveit_config/hook/cmake_prefix_path.sh'
[2.415s] Level 1:colcon.colcon_core.environment:checking '/workspace/install/parol6_moveit_config/bin'
[2.415s] Level 1:colcon.colcon_core.environment:checking '/workspace/install/parol6_moveit_config/lib/pkgconfig/parol6_moveit_config.pc'
[2.415s] Level 1:colcon.colcon_core.environment:checking '/workspace/install/parol6_moveit_config/lib/python3.10/site-packages'
[2.415s] Level 1:colcon.colcon_core.environment:checking '/workspace/install/parol6_moveit_config/bin'
[2.415s] INFO:colcon.colcon_core.shell:Creating package script '/workspace/install/parol6_moveit_config/share/parol6_moveit_config/package.ps1'
[2.416s] INFO:colcon.colcon_core.shell:Creating package descriptor '/workspace/install/parol6_moveit_config/share/parol6_moveit_config/package.dsv'
[2.416s] INFO:colcon.colcon_core.shell:Creating package script '/workspace/install/parol6_moveit_config/share/parol6_moveit_config/package.sh'
[2.416s] INFO:colcon.colcon_core.shell:Creating package script '/workspace/install/parol6_moveit_config/share/parol6_moveit_config/package.bash'
[2.417s] INFO:colcon.colcon_core.shell:Creating package script '/workspace/install/parol6_moveit_config/share/parol6_moveit_config/package.zsh'
[2.417s] Level 1:colcon.colcon_core.environment:create_file_with_runtime_dependencies(/workspace/install/parol6_moveit_config/share/colcon-core/packages/parol6_moveit_config)
[2.417s] DEBUG:colcon.colcon_parallel_executor.executor.parallel:closing loop
[2.417s] DEBUG:colcon.colcon_parallel_executor.executor.parallel:loop closed
[2.418s] DEBUG:colcon.colcon_parallel_executor.executor.parallel:run_until_complete finished with '0'
[2.418s] DEBUG:colcon.colcon_core.event_reactor:joining thread
[2.427s] INFO:colcon.colcon_core.plugin_system:Skipping extension 'colcon_notification.desktop_notification.notify_send': Could not find 'notify-send'
[2.427s] INFO:colcon.colcon_core.plugin_system:Skipping extension 'colcon_notification.desktop_notification.terminal_notifier': Not used on non-Darwin systems
[2.427s] INFO:colcon.colcon_core.plugin_system:Skipping extension 'colcon_notification.desktop_notification.win32': Not used on non-Windows systems
[2.427s] INFO:colcon.colcon_notification.desktop_notification:Sending desktop notification using 'notify2'
[2.427s] DEBUG:colcon.colcon_notification.desktop_notification.notify2:Failed to initialize notify2: org.freedesktop.DBus.Error.NotSupported: Unable to autolaunch a dbus-daemon without a $DISPLAY for X11
[2.427s] DEBUG:colcon.colcon_core.event_reactor:joined thread
[2.427s] INFO:colcon.colcon_core.shell:Creating prefix script '/workspace/install/local_setup.ps1'
[2.428s] INFO:colcon.colcon_core.shell:Creating prefix util module '/workspace/install/_local_setup_util_ps1.py'
[2.429s] INFO:colcon.colcon_core.shell:Creating prefix chain script '/workspace/install/setup.ps1'
[2.430s] INFO:colcon.colcon_core.shell:Creating prefix script '/workspace/install/local_setup.sh'
[2.431s] INFO:colcon.colcon_core.shell:Creating prefix util module '/workspace/install/_local_setup_util_sh.py'
[2.431s] INFO:colcon.colcon_core.shell:Creating prefix chain script '/workspace/install/setup.sh'
[2.432s] INFO:colcon.colcon_core.shell:Creating prefix script '/workspace/install/local_setup.bash'
[2.432s] INFO:colcon.colcon_core.shell:Creating prefix chain script '/workspace/install/setup.bash'
[2.433s] INFO:colcon.colcon_core.shell:Creating prefix script '/workspace/install/local_setup.zsh'
[2.434s] INFO:colcon.colcon_core.shell:Creating prefix chain script '/workspace/install/setup.zsh'
