[0.000000] (-) TimerEvent: {}
[0.000206] (parol6) JobQueued: {'identifier': 'parol6', 'dependencies': OrderedDict()}
[0.000244] (parol6_moveit_config) JobQueued: {'identifier': 'parol6_moveit_config', 'dependencies': OrderedDict([('parol6', '/workspace/install/parol6')])}
[0.000493] (parol6) JobStarted: {'identifier': 'parol6'}
[0.011966] (parol6) JobProgress: {'identifier': 'parol6', 'progress': 'cmake'}
[0.012469] (parol6) JobProgress: {'identifier': 'parol6', 'progress': 'build'}
[0.013095] (parol6) Command: {'cmd': ['/usr/bin/cmake', '--build', '/workspace/build/parol6', '--', '-j16', '-l16'], 'cwd': '/workspace/build/parol6', 'env': OrderedDict([('USER', 'developer'), ('HOSTNAME', '4ab5c43d2d47'), ('SHLVL', '0'), ('LD_LIBRARY_PATH', '/opt/ros/humble/opt/rviz_ogre_vendor/lib:/opt/ros/humble/lib/x86_64-linux-gnu:/opt/ros/humble/lib:/opt/mujoco-3.2.7/bin:'), ('HOME', '/home/developer'), ('OLDPWD', '/workspace'), ('ROS_PYTHON_VERSION', '3'), ('GROUP', 'developer'), ('ROS_DISTRO', 'humble'), ('_', '/usr/bin/colcon'), ('ROS_VERSION', '2'), ('ROS_LOCALHOST_ONLY', '0'), ('QT_X11_NO_MITSHM', '1'), ('PATH', '/opt/ros/humble/bin:/opt/mujoco-3.2.7/bin:/usr/local/sbin:/usr/local/bin:/usr/sbin:/usr/bin:/sbin:/bin'), ('MUJOCO_DIR', '/opt/mujoco-3.2.7'), ('DISPLAY', ':0'), ('LANG', 'C.UTF-8'), ('AMENT_PREFIX_PATH', '/opt/ros/humble'), ('WITHIN_DEV', '1'), ('PWD', '/workspace/build/parol6'), ('LC_ALL', 'C.UTF-8'), ('USER_WS', '/home/developer/ws'), ('PYTHONPATH', '/opt/ros/humble/lib/python3.10/site-packages:/opt/ros/humble/local/lib/python3.10/dist-packages'), ('COLCON', '1'), ('MUJOCO_VERSION', '3.2.7'), ('CMAKE_PREFIX_PATH', '/opt/ros/humble')]), 'shell': False}
[0.060308] (parol6) CommandEnded: {'returncode': 0}
[0.060860] (parol6) JobProgress: {'identifier': 'parol6', 'progress': 'install'}
[0.072320] (parol6) Command: {'cmd': ['/usr/bin/cmake', '--install', '/workspace/build/parol6'], 'cwd': '/workspace/build/parol6', 'env': OrderedDict([('USER', 'developer'), ('HOSTNAME', '4ab5c43d2d47'), ('SHLVL', '0'), ('LD_LIBRARY_PATH', '/opt/ros/humble/opt/rviz_ogre_vendor/lib:/opt/ros/humble/lib/x86_64-linux-gnu:/opt/ros/humble/lib:/opt/mujoco-3.2.7/bin:'), ('HOME', '/home/developer'), ('OLDPWD', '/workspace'), ('ROS_PYTHON_VERSION', '3'), ('GROUP', 'developer'), ('ROS_DISTRO', 'humble'), ('_', '/usr/bin/colcon'), ('ROS_VERSION', '2'), ('ROS_LOCALHOST_ONLY', '0'), ('QT_X11_NO_MITSHM', '1'), ('PATH', '/opt/ros/humble/bin:/opt/mujoco-3.2.7/bin:/usr/local/sbin:/usr/local/bin:/usr/sbin:/usr/bin:/sbin:/bin'), ('MUJOCO_DIR', '/opt/mujoco-3.2.7'), ('DISPLAY', ':0'), ('LANG', 'C.UTF-8'), ('AMENT_PREFIX_PATH', '/opt/ros/humble'), ('WITHIN_DEV', '1'), ('PWD', '/workspace/build/parol6'), ('LC_ALL', 'C.UTF-8'), ('USER_WS', '/home/developer/ws'), ('PYTHONPATH', '/opt/ros/humble/lib/python3.10/site-packages:/opt/ros/humble/local/lib/python3.10/dist-packages'), ('COLCON', '1'), ('MUJOCO_VERSION', '3.2.7'), ('CMAKE_PREFIX_PATH', '/opt/ros/humble')]), 'shell': False}
[0.081025] (parol6) StdoutLine: {'line': b'-- Install configuration: ""\n'}
[0.081428] (parol6) StdoutLine: {'line': b'-- Execute custom install script\n'}
[0.081806] (parol6) StdoutLine: {'line': b'-- Up-to-date symlink: /workspace/install/parol6/share/parol6/urdf/PAROL6.csv\n'}
[0.082175] (parol6) StdoutLine: {'line': b'-- Up-to-date symlink: /workspace/install/parol6/share/parol6/urdf/PAROL6.urdf\n'}
[0.082252] (parol6) StdoutLine: {'line': b'-- Up-to-date symlink: /workspace/install/parol6/share/parol6/launch/Movit_RViz_launch.py\n'}
[0.082426] (parol6) StdoutLine: {'line': b'-- Up-to-date symlink: /workspace/install/parol6/share/parol6/launch/display.launch.old\n'}
[0.082527] (parol6) StdoutLine: {'line': b'-- Up-to-date symlink: /workspace/install/parol6/share/parol6/launch/gazebo.launch.old\n'}
[0.082897] (parol6) StdoutLine: {'line': b'-- Up-to-date symlink: /workspace/install/parol6/share/parol6/launch/gazebo.launch.py\n'}
[0.083058] (parol6) StdoutLine: {'line': b'-- Up-to-date symlink: /workspace/install/parol6/share/parol6/meshes/L1.STL\n'}
[0.083127] (parol6) StdoutLine: {'line': b'-- Up-to-date symlink: /workspace/install/parol6/share/parol6/meshes/L2.STL\n'}
[0.083203] (parol6) StdoutLine: {'line': b'-- Up-to-date symlink: /workspace/install/parol6/share/parol6/meshes/L3.STL\n'}
[0.083264] (parol6) StdoutLine: {'line': b'-- Up-to-date symlink: /workspace/install/parol6/share/parol6/meshes/L4.STL\n'}
[0.083322] (parol6) StdoutLine: {'line': b'-- Up-to-date symlink: /workspace/install/parol6/share/parol6/meshes/L5.STL\n'}
[0.083379] (parol6) StdoutLine: {'line': b'-- Up-to-date symlink: /workspace/install/parol6/share/parol6/meshes/L6.STL\n'}
[0.083439] (parol6) StdoutLine: {'line': b'-- Up-to-date symlink: /workspace/install/parol6/share/parol6/meshes/base_link.STL\n'}
[0.083637] (parol6) StdoutLine: {'line': b'-- Up-to-date symlink: /workspace/install/parol6/share/parol6/config/joint_names_PAROL6.yaml\n'}
[0.083825] (parol6) StdoutLine: {'line': b'-- Up-to-date symlink: /workspace/install/parol6/share/parol6/config/joint_trajectroy_controller.yaml\n'}
[0.083965] (parol6) StdoutLine: {'line': b'-- Up-to-date symlink: /workspace/install/parol6/share/parol6/config/ros2_controllers.yaml\n'}
[0.084154] (parol6) StdoutLine: {'line': b'-- Up-to-date symlink: /workspace/install/parol6/share/ament_index/resource_index/package_run_dependencies/parol6\n'}
[0.084284] (parol6) StdoutLine: {'line': b'-- Up-to-date symlink: /workspace/install/parol6/share/ament_index/resource_index/parent_prefix_path/parol6\n'}
[0.084369] (parol6) StdoutLine: {'line': b'-- Up-to-date symlink: /workspace/install/parol6/share/parol6/environment/ament_prefix_path.sh\n'}
[0.084449] (parol6) StdoutLine: {'line': b'-- Up-to-date symlink: /workspace/install/parol6/share/parol6/environment/ament_prefix_path.dsv\n'}
[0.084571] (parol6) StdoutLine: {'line': b'-- Up-to-date symlink: /workspace/install/parol6/share/parol6/environment/path.sh\n'}
[0.084768] (parol6) StdoutLine: {'line': b'-- Up-to-date symlink: /workspace/install/parol6/share/parol6/environment/path.dsv\n'}
[0.084837] (parol6) StdoutLine: {'line': b'-- Up-to-date symlink: /workspace/install/parol6/share/parol6/local_setup.bash\n'}
[0.084896] (parol6) StdoutLine: {'line': b'-- Up-to-date symlink: /workspace/install/parol6/share/parol6/local_setup.sh\n'}
[0.084952] (parol6) StdoutLine: {'line': b'-- Up-to-date symlink: /workspace/install/parol6/share/parol6/local_setup.zsh\n'}
[0.085007] (parol6) StdoutLine: {'line': b'-- Up-to-date symlink: /workspace/install/parol6/share/parol6/local_setup.dsv\n'}
[0.085064] (parol6) StdoutLine: {'line': b'-- Symlinking: /workspace/install/parol6/share/parol6/package.dsv\n'}
[0.095859] (parol6) StdoutLine: {'line': b'-- Up-to-date symlink: /workspace/install/parol6/share/ament_index/resource_index/packages/parol6\n'}
[0.096169] (parol6) StdoutLine: {'line': b'-- Up-to-date symlink: /workspace/install/parol6/share/parol6/cmake/parol6Config.cmake\n'}
[0.096326] (parol6) StdoutLine: {'line': b'-- Up-to-date symlink: /workspace/install/parol6/share/parol6/cmake/parol6Config-version.cmake\n'}
[0.096460] (parol6) StdoutLine: {'line': b'-- Up-to-date symlink: /workspace/install/parol6/share/parol6/package.xml\n'}
[0.097755] (parol6) CommandEnded: {'returncode': 0}
[0.099709] (-) TimerEvent: {}
[0.129489] (parol6) JobEnded: {'identifier': 'parol6', 'rc': 0}
[0.129973] (parol6_moveit_config) JobStarted: {'identifier': 'parol6_moveit_config'}
[0.136129] (parol6_moveit_config) JobProgress: {'identifier': 'parol6_moveit_config', 'progress': 'cmake'}
[0.136630] (parol6_moveit_config) JobProgress: {'identifier': 'parol6_moveit_config', 'progress': 'build'}
[0.136881] (parol6_moveit_config) Command: {'cmd': ['/usr/bin/cmake', '--build', '/workspace/build/parol6_moveit_config', '--', '-j16', '-l16'], 'cwd': '/workspace/build/parol6_moveit_config', 'env': OrderedDict([('USER', 'developer'), ('HOSTNAME', '4ab5c43d2d47'), ('SHLVL', '0'), ('LD_LIBRARY_PATH', '/opt/ros/humble/opt/rviz_ogre_vendor/lib:/opt/ros/humble/lib/x86_64-linux-gnu:/opt/ros/humble/lib:/opt/mujoco-3.2.7/bin:'), ('HOME', '/home/developer'), ('OLDPWD', '/workspace'), ('ROS_PYTHON_VERSION', '3'), ('GROUP', 'developer'), ('ROS_DISTRO', 'humble'), ('_', '/usr/bin/colcon'), ('ROS_VERSION', '2'), ('ROS_LOCALHOST_ONLY', '0'), ('QT_X11_NO_MITSHM', '1'), ('PATH', '/opt/ros/humble/bin:/opt/mujoco-3.2.7/bin:/usr/local/sbin:/usr/local/bin:/usr/sbin:/usr/bin:/sbin:/bin'), ('MUJOCO_DIR', '/opt/mujoco-3.2.7'), ('DISPLAY', ':0'), ('LANG', 'C.UTF-8'), ('AMENT_PREFIX_PATH', '/workspace/install/parol6:/opt/ros/humble'), ('WITHIN_DEV', '1'), ('PWD', '/workspace/build/parol6_moveit_config'), ('LC_ALL', 'C.UTF-8'), ('USER_WS', '/home/developer/ws'), ('PYTHONPATH', '/opt/ros/humble/lib/python3.10/site-packages:/opt/ros/humble/local/lib/python3.10/dist-packages'), ('COLCON', '1'), ('MUJOCO_VERSION', '3.2.7'), ('CMAKE_PREFIX_PATH', '/workspace/install/parol6:/opt/ros/humble')]), 'shell': False}
[0.179276] (parol6_moveit_config) CommandEnded: {'returncode': 0}
[0.180053] (parol6_moveit_config) JobProgress: {'identifier': 'parol6_moveit_config', 'progress': 'install'}
[0.180251] (parol6_moveit_config) Command: {'cmd': ['/usr/bin/cmake', '--install', '/workspace/build/parol6_moveit_config'], 'cwd': '/workspace/build/parol6_moveit_config', 'env': OrderedDict([('USER', 'developer'), ('HOSTNAME', '4ab5c43d2d47'), ('SHLVL', '0'), ('LD_LIBRARY_PATH', '/opt/ros/humble/opt/rviz_ogre_vendor/lib:/opt/ros/humble/lib/x86_64-linux-gnu:/opt/ros/humble/lib:/opt/mujoco-3.2.7/bin:'), ('HOME', '/home/developer'), ('OLDPWD', '/workspace'), ('ROS_PYTHON_VERSION', '3'), ('GROUP', 'developer'), ('ROS_DISTRO', 'humble'), ('_', '/usr/bin/colcon'), ('ROS_VERSION', '2'), ('ROS_LOCALHOST_ONLY', '0'), ('QT_X11_NO_MITSHM', '1'), ('PATH', '/opt/ros/humble/bin:/opt/mujoco-3.2.7/bin:/usr/local/sbin:/usr/local/bin:/usr/sbin:/usr/bin:/sbin:/bin'), ('MUJOCO_DIR', '/opt/mujoco-3.2.7'), ('DISPLAY', ':0'), ('LANG', 'C.UTF-8'), ('AMENT_PREFIX_PATH', '/workspace/install/parol6:/opt/ros/humble'), ('WITHIN_DEV', '1'), ('PWD', '/workspace/build/parol6_moveit_config'), ('LC_ALL', 'C.UTF-8'), ('USER_WS', '/home/developer/ws'), ('PYTHONPATH', '/opt/ros/humble/lib/python3.10/site-packages:/opt/ros/humble/local/lib/python3.10/dist-packages'), ('COLCON', '1'), ('MUJOCO_VERSION', '3.2.7'), ('CMAKE_PREFIX_PATH', '/workspace/install/parol6:/opt/ros/humble')]), 'shell': False}
[0.191338] (parol6_moveit_config) StdoutLine: {'line': b'-- Install configuration: ""\n'}
[0.191617] (parol6_moveit_config) StdoutLine: {'line': b'-- Execute custom install script\n'}
[0.192148] (parol6_moveit_config) StdoutLine: {'line': b'-- Up-to-date symlink: /workspace/install/parol6_moveit_config/share/parol6_moveit_config/config/joint_limits.yaml\n'}
[0.192246] (parol6_moveit_config) StdoutLine: {'line': b'-- Up-to-date symlink: /workspace/install/parol6_moveit_config/share/parol6_moveit_config/config/kinematics.yaml\n'}
[0.192518] (parol6_moveit_config) StdoutLine: {'line': b'-- Up-to-date symlink: /workspace/install/parol6_moveit_config/share/parol6_moveit_config/config/moveit_controllers.yaml\n'}
[0.192803] (parol6_moveit_config) StdoutLine: {'line': b'-- Up-to-date symlink: /workspace/install/parol6_moveit_config/share/parol6_moveit_config/config/ompl_planning.yaml\n'}
[0.193125] (parol6_moveit_config) StdoutLine: {'line': b'-- Up-to-date symlink: /workspace/install/parol6_moveit_config/share/parol6_moveit_config/config/parol6.srdf\n'}
[0.193197] (parol6_moveit_config) StdoutLine: {'line': b'-- Up-to-date symlink: /workspace/install/parol6_moveit_config/share/parol6_moveit_config/config/ros2_controllers.yaml\n'}
[0.193263] (parol6_moveit_config) StdoutLine: {'line': b'-- Up-to-date symlink: /workspace/install/parol6_moveit_config/share/parol6_moveit_config/launch/__pycache__/demo.launch.cpython-310.pyc\n'}
[0.193467] (parol6_moveit_config) StdoutLine: {'line': b'-- Up-to-date symlink: /workspace/install/parol6_moveit_config/share/parol6_moveit_config/launch/demo.launch.py\n'}
[0.193570] (parol6_moveit_config) StdoutLine: {'line': b'-- Up-to-date symlink: /workspace/install/parol6_moveit_config/share/parol6_moveit_config/launch/move_group.launch.py\n'}
[0.193698] (parol6_moveit_config) StdoutLine: {'line': b'-- Up-to-date symlink: /workspace/install/parol6_moveit_config/share/parol6_moveit_config/rviz/moveit.rviz\n'}
[0.193944] (parol6_moveit_config) StdoutLine: {'line': b'-- Up-to-date symlink: /workspace/install/parol6_moveit_config/share/ament_index/resource_index/package_run_dependencies/parol6_moveit_config\n'}
[0.194356] (parol6_moveit_config) StdoutLine: {'line': b'-- Up-to-date symlink: /workspace/install/parol6_moveit_config/share/ament_index/resource_index/parent_prefix_path/parol6_moveit_config\n'}
[0.194536] (parol6_moveit_config) StdoutLine: {'line': b'-- Up-to-date symlink: /workspace/install/parol6_moveit_config/share/parol6_moveit_config/environment/ament_prefix_path.sh\n'}
[0.194623] (parol6_moveit_config) StdoutLine: {'line': b'-- Up-to-date symlink: /workspace/install/parol6_moveit_config/share/parol6_moveit_config/environment/ament_prefix_path.dsv\n'}
[0.194720] (parol6_moveit_config) StdoutLine: {'line': b'-- Up-to-date symlink: /workspace/install/parol6_moveit_config/share/parol6_moveit_config/environment/path.sh\n'}
[0.194832] (parol6_moveit_config) StdoutLine: {'line': b'-- Up-to-date symlink: /workspace/install/parol6_moveit_config/share/parol6_moveit_config/environment/path.dsv\n'}
[0.194923] (parol6_moveit_config) StdoutLine: {'line': b'-- Up-to-date symlink: /workspace/install/parol6_moveit_config/share/parol6_moveit_config/local_setup.bash\n'}
[0.194991] (parol6_moveit_config) StdoutLine: {'line': b'-- Up-to-date symlink: /workspace/install/parol6_moveit_config/share/parol6_moveit_config/local_setup.sh\n'}
[0.195054] (parol6_moveit_config) StdoutLine: {'line': b'-- Up-to-date symlink: /workspace/install/parol6_moveit_config/share/parol6_moveit_config/local_setup.zsh\n'}
[0.195113] (parol6_moveit_config) StdoutLine: {'line': b'-- Up-to-date symlink: /workspace/install/parol6_moveit_config/share/parol6_moveit_config/local_setup.dsv\n'}
[0.195170] (parol6_moveit_config) StdoutLine: {'line': b'-- Symlinking: /workspace/install/parol6_moveit_config/share/parol6_moveit_config/package.dsv\n'}
[0.199824] (-) TimerEvent: {}
[0.205991] (parol6_moveit_config) StdoutLine: {'line': b'-- Up-to-date symlink: /workspace/install/parol6_moveit_config/share/ament_index/resource_index/packages/parol6_moveit_config\n'}
[0.206354] (parol6_moveit_config) StdoutLine: {'line': b'-- Up-to-date symlink: /workspace/install/parol6_moveit_config/share/parol6_moveit_config/cmake/parol6_moveit_configConfig.cmake\n'}
[0.206503] (parol6_moveit_config) StdoutLine: {'line': b'-- Up-to-date symlink: /workspace/install/parol6_moveit_config/share/parol6_moveit_config/cmake/parol6_moveit_configConfig-version.cmake\n'}
[0.206653] (parol6_moveit_config) StdoutLine: {'line': b'-- Up-to-date symlink: /workspace/install/parol6_moveit_config/share/parol6_moveit_config/package.xml\n'}
[0.208330] (parol6_moveit_config) CommandEnded: {'returncode': 0}
[0.221182] (parol6_moveit_config) JobEnded: {'identifier': 'parol6_moveit_config', 'rc': 0}
[0.221795] (-) EventReactorShutdown: {}
